<?xml version="1.0" encoding="UTF-8"?>
<coverage generated="1702310874746" clover="3.2.0">
  <project timestamp="1702310874747" name="All files">
    <metrics statements="823" coveredstatements="662" conditionals="185" coveredconditionals="111" methods="71" coveredmethods="57" elements="1079" coveredelements="830" complexity="0" loc="823" ncloc="823" packages="9" files="39" classes="39"/>
    <package name="app">
      <metrics statements="44" coveredstatements="43" conditionals="0" coveredconditionals="0" methods="1" coveredmethods="0"/>
      <file name="index.js" path="/home/irfiyanda/Documents/studi-independen-binar/FP-LMS/Backend-baru/app/index.js">
        <metrics statements="44" coveredstatements="43" conditionals="0" coveredconditionals="0" methods="1" coveredmethods="0"/>
        <line num="1" count="8" type="stmt"/>
        <line num="2" count="8" type="stmt"/>
        <line num="3" count="8" type="stmt"/>
        <line num="4" count="8" type="stmt"/>
        <line num="5" count="8" type="stmt"/>
        <line num="6" count="8" type="stmt"/>
        <line num="7" count="8" type="stmt"/>
        <line num="8" count="8" type="stmt"/>
        <line num="9" count="8" type="stmt"/>
        <line num="11" count="8" type="stmt"/>
        <line num="12" count="8" type="stmt"/>
        <line num="13" count="8" type="stmt"/>
        <line num="15" count="8" type="stmt"/>
        <line num="16" count="8" type="stmt"/>
        <line num="17" count="8" type="stmt"/>
        <line num="18" count="8" type="stmt"/>
        <line num="19" count="8" type="stmt"/>
        <line num="20" count="8" type="stmt"/>
        <line num="21" count="8" type="stmt"/>
        <line num="22" count="8" type="stmt"/>
        <line num="23" count="8" type="stmt"/>
        <line num="25" count="8" type="stmt"/>
        <line num="27" count="8" type="stmt"/>
        <line num="28" count="8" type="stmt"/>
        <line num="29" count="8" type="stmt"/>
        <line num="30" count="8" type="stmt"/>
        <line num="31" count="8" type="stmt"/>
        <line num="32" count="8" type="stmt"/>
        <line num="33" count="8" type="stmt"/>
        <line num="35" count="8" type="stmt"/>
        <line num="36" count="8" type="stmt"/>
        <line num="37" count="8" type="stmt"/>
        <line num="38" count="8" type="stmt"/>
        <line num="39" count="8" type="stmt"/>
        <line num="40" count="8" type="stmt"/>
        <line num="41" count="8" type="stmt"/>
        <line num="42" count="8" type="stmt"/>
        <line num="43" count="8" type="stmt"/>
        <line num="45" count="8" type="stmt"/>
        <line num="46" count="8" type="stmt"/>
        <line num="48" count="8" type="stmt"/>
        <line num="49" count="0" type="stmt"/>
        <line num="51" count="8" type="stmt"/>
        <line num="53" count="8" type="stmt"/>
      </file>
    </package>
    <package name="app.controllers">
      <metrics statements="558" coveredstatements="409" conditionals="173" coveredconditionals="100" methods="48" coveredmethods="39"/>
      <file name="auth.js" path="/home/irfiyanda/Documents/studi-independen-binar/FP-LMS/Backend-baru/app/controllers/auth.js">
        <metrics statements="151" coveredstatements="103" conditionals="56" coveredconditionals="28" methods="8" coveredmethods="6"/>
        <line num="1" count="8" type="stmt"/>
        <line num="2" count="8" type="stmt"/>
        <line num="3" count="8" type="stmt"/>
        <line num="5" count="8" type="stmt"/>
        <line num="6" count="8" type="stmt"/>
        <line num="7" count="8" type="stmt"/>
        <line num="8" count="8" type="stmt"/>
        <line num="9" count="8" type="stmt"/>
        <line num="15" count="8" type="stmt"/>
        <line num="16" count="8" type="stmt"/>
        <line num="18" count="8" type="stmt"/>
        <line num="20" count="8" type="stmt"/>
        <line num="21" count="12" type="stmt"/>
        <line num="22" count="12" type="stmt"/>
        <line num="23" count="12" type="cond" truecount="3" falsecount="1"/>
        <line num="24" count="0" type="stmt"/>
        <line num="27" count="12" type="stmt"/>
        <line num="37" count="12" type="cond" truecount="2" falsecount="0"/>
        <line num="38" count="1" type="stmt"/>
        <line num="41" count="11" type="stmt"/>
        <line num="42" count="11" type="cond" truecount="2" falsecount="0"/>
        <line num="44" count="10" type="stmt"/>
        <line num="51" count="10" type="stmt"/>
        <line num="55" count="10" type="stmt"/>
        <line num="59" count="10" type="stmt"/>
        <line num="60" count="10" type="stmt"/>
        <line num="62" count="10" type="stmt"/>
        <line num="69" count="10" type="stmt"/>
        <line num="72" count="10" type="stmt"/>
        <line num="73" count="10" type="stmt"/>
        <line num="75" count="0" type="stmt"/>
        <line num="79" count="8" type="stmt"/>
        <line num="80" count="0" type="stmt"/>
        <line num="81" count="0" type="stmt"/>
        <line num="82" count="0" type="cond" truecount="0" falsecount="2"/>
        <line num="84" count="0" type="stmt"/>
        <line num="88" count="0" type="cond" truecount="0" falsecount="2"/>
        <line num="90" count="0" type="stmt"/>
        <line num="91" count="0" type="stmt"/>
        <line num="93" count="0" type="stmt"/>
        <line num="94" count="0" type="stmt"/>
        <line num="99" count="0" type="stmt"/>
        <line num="103" count="8" type="stmt"/>
        <line num="104" count="0" type="stmt"/>
        <line num="106" count="0" type="stmt"/>
        <line num="107" count="0" type="cond" truecount="0" falsecount="6"/>
        <line num="108" count="0" type="stmt"/>
        <line num="111" count="0" type="stmt"/>
        <line num="112" count="0" type="stmt"/>
        <line num="114" count="0" type="cond" truecount="0" falsecount="2"/>
        <line num="115" count="0" type="stmt"/>
        <line num="118" count="0" type="cond" truecount="0" falsecount="2"/>
        <line num="119" count="0" type="stmt"/>
        <line num="122" count="0" type="cond" truecount="0" falsecount="2"/>
        <line num="123" count="0" type="stmt"/>
        <line num="126" count="0" type="stmt"/>
        <line num="127" count="0" type="stmt"/>
        <line num="129" count="0" type="stmt"/>
        <line num="130" count="0" type="stmt"/>
        <line num="132" count="0" type="stmt"/>
        <line num="142" count="0" type="stmt"/>
        <line num="148" count="0" type="stmt"/>
        <line num="150" count="0" type="stmt"/>
        <line num="157" count="0" type="stmt"/>
        <line num="159" count="0" type="stmt"/>
        <line num="163" count="8" type="stmt"/>
        <line num="164" count="1" type="stmt"/>
        <line num="165" count="1" type="stmt"/>
        <line num="166" count="1" type="cond" truecount="1" falsecount="1"/>
        <line num="168" count="1" type="stmt"/>
        <line num="169" count="1" type="stmt"/>
        <line num="171" count="1" type="stmt"/>
        <line num="179" count="1" type="stmt"/>
        <line num="185" count="1" type="stmt"/>
        <line num="187" count="1" type="stmt"/>
        <line num="189" count="0" type="stmt"/>
        <line num="193" count="8" type="stmt"/>
        <line num="194" count="1" type="stmt"/>
        <line num="195" count="1" type="stmt"/>
        <line num="196" count="1" type="stmt"/>
        <line num="197" count="1" type="stmt"/>
        <line num="198" count="1" type="cond" truecount="1" falsecount="1"/>
        <line num="199" count="0" type="stmt"/>
        <line num="201" count="1" type="cond" truecount="1" falsecount="1"/>
        <line num="202" count="0" type="stmt"/>
        <line num="205" count="1" type="stmt"/>
        <line num="206" count="1" type="stmt"/>
        <line num="207" count="1" type="stmt"/>
        <line num="209" count="1" type="stmt"/>
        <line num="215" count="1" type="stmt"/>
        <line num="217" count="1" type="stmt"/>
        <line num="219" count="0" type="stmt"/>
        <line num="223" count="8" type="stmt"/>
        <line num="224" count="2" type="stmt"/>
        <line num="225" count="2" type="stmt"/>
        <line num="226" count="2" type="cond" truecount="1" falsecount="1"/>
        <line num="228" count="2" type="stmt"/>
        <line num="229" count="2" type="cond" truecount="2" falsecount="0"/>
        <line num="231" count="1" type="stmt"/>
        <line num="232" count="1" type="stmt"/>
        <line num="234" count="1" type="stmt"/>
        <line num="235" count="1" type="stmt"/>
        <line num="237" count="1" type="stmt"/>
        <line num="238" count="1" type="stmt"/>
        <line num="240" count="1" type="stmt"/>
        <line num="242" count="1" type="stmt"/>
        <line num="248" count="1" type="stmt"/>
        <line num="250" count="1" type="stmt"/>
        <line num="252" count="0" type="stmt"/>
        <line num="256" count="8" type="stmt"/>
        <line num="257" count="1" type="stmt"/>
        <line num="258" count="1" type="stmt"/>
        <line num="259" count="1" type="stmt"/>
        <line num="260" count="1" type="cond" truecount="3" falsecount="1"/>
        <line num="261" count="0" type="stmt"/>
        <line num="264" count="1" type="stmt"/>
        <line num="267" count="1" type="cond" truecount="1" falsecount="1"/>
        <line num="268" count="0" type="stmt"/>
        <line num="270" count="1" type="cond" truecount="1" falsecount="1"/>
        <line num="271" count="0" type="stmt"/>
        <line num="273" count="1" type="cond" truecount="1" falsecount="1"/>
        <line num="274" count="0" type="stmt"/>
        <line num="276" count="1" type="cond" truecount="1" falsecount="1"/>
        <line num="277" count="0" type="stmt"/>
        <line num="282" count="1" type="stmt"/>
        <line num="283" count="1" type="stmt"/>
        <line num="285" count="1" type="stmt"/>
        <line num="286" count="1" type="stmt"/>
        <line num="287" count="1" type="stmt"/>
        <line num="288" count="1" type="stmt"/>
        <line num="290" count="1" type="stmt"/>
        <line num="292" count="1" type="stmt"/>
        <line num="298" count="1" type="stmt"/>
        <line num="300" count="1" type="stmt"/>
        <line num="306" count="1" type="stmt"/>
        <line num="308" count="0" type="stmt"/>
        <line num="312" count="8" type="stmt"/>
        <line num="313" count="2" type="stmt"/>
        <line num="315" count="2" type="stmt"/>
        <line num="316" count="2" type="cond" truecount="3" falsecount="1"/>
        <line num="317" count="0" type="stmt"/>
        <line num="319" count="2" type="stmt"/>
        <line num="323" count="2" type="cond" truecount="4" falsecount="0"/>
        <line num="324" count="1" type="cond" truecount="1" falsecount="1"/>
        <line num="325" count="1" type="stmt"/>
        <line num="334" count="1" type="stmt"/>
        <line num="341" count="1" type="stmt"/>
        <line num="343" count="0" type="stmt"/>
        <line num="346" count="1" type="stmt"/>
        <line num="349" count="0" type="stmt"/>
        <line num="353" count="8" type="stmt"/>
      </file>
      <file name="category.js" path="/home/irfiyanda/Documents/studi-independen-binar/FP-LMS/Backend-baru/app/controllers/category.js">
        <metrics statements="16" coveredstatements="11" conditionals="0" coveredconditionals="0" methods="3" coveredmethods="1"/>
        <line num="1" count="8" type="stmt"/>
        <line num="2" count="8" type="stmt"/>
        <line num="3" count="8" type="stmt"/>
        <line num="5" count="8" type="stmt"/>
        <line num="6" count="2" type="stmt"/>
        <line num="7" count="2" type="stmt"/>
        <line num="8" count="2" type="stmt"/>
        <line num="11" count="2" type="stmt"/>
        <line num="14" count="0" type="stmt"/>
        <line num="18" count="8" type="stmt"/>
        <line num="19" count="0" type="stmt"/>
        <line num="30" count="0" type="stmt"/>
        <line num="34" count="8" type="stmt"/>
        <line num="35" count="0" type="stmt"/>
        <line num="46" count="0" type="stmt"/>
        <line num="51" count="8" type="stmt"/>
      </file>
      <file name="chapter.js" path="/home/irfiyanda/Documents/studi-independen-binar/FP-LMS/Backend-baru/app/controllers/chapter.js">
        <metrics statements="39" coveredstatements="35" conditionals="4" coveredconditionals="4" methods="4" coveredmethods="4"/>
        <line num="1" count="8" type="stmt"/>
        <line num="2" count="8" type="stmt"/>
        <line num="3" count="8" type="stmt"/>
        <line num="4" count="8" type="stmt"/>
        <line num="6" count="8" type="stmt"/>
        <line num="7" count="3" type="stmt"/>
        <line num="8" count="3" type="stmt"/>
        <line num="9" count="3" type="stmt"/>
        <line num="10" count="3" type="stmt"/>
        <line num="11" count="3" type="cond" truecount="2" falsecount="0"/>
        <line num="12" count="2" type="cond" truecount="2" falsecount="0"/>
        <line num="14" count="1" type="stmt"/>
        <line num="17" count="1" type="stmt"/>
        <line num="19" count="1" type="stmt"/>
        <line num="20" count="1" type="stmt"/>
        <line num="21" count="1" type="stmt"/>
        <line num="23" count="1" type="stmt"/>
        <line num="25" count="1" type="stmt"/>
        <line num="27" count="0" type="stmt"/>
        <line num="31" count="8" type="stmt"/>
        <line num="32" count="1" type="stmt"/>
        <line num="33" count="1" type="stmt"/>
        <line num="34" count="1" type="stmt"/>
        <line num="35" count="1" type="stmt"/>
        <line num="40" count="1" type="stmt"/>
        <line num="43" count="1" type="stmt"/>
        <line num="45" count="0" type="stmt"/>
        <line num="49" count="8" type="stmt"/>
        <line num="50" count="2" type="stmt"/>
        <line num="51" count="2" type="stmt"/>
        <line num="53" count="2" type="stmt"/>
        <line num="55" count="0" type="stmt"/>
        <line num="59" count="8" type="stmt"/>
        <line num="60" count="1" type="stmt"/>
        <line num="61" count="1" type="stmt"/>
        <line num="62" count="1" type="stmt"/>
        <line num="67" count="1" type="stmt"/>
        <line num="69" count="0" type="stmt"/>
        <line num="73" count="8" type="stmt"/>
      </file>
      <file name="course.js" path="/home/irfiyanda/Documents/studi-independen-binar/FP-LMS/Backend-baru/app/controllers/course.js">
        <metrics statements="89" coveredstatements="68" conditionals="40" coveredconditionals="28" methods="10" coveredmethods="9"/>
        <line num="1" count="8" type="stmt"/>
        <line num="2" count="8" type="stmt"/>
        <line num="3" count="8" type="stmt"/>
        <line num="4" count="8" type="stmt"/>
        <line num="5" count="8" type="stmt"/>
        <line num="6" count="8" type="stmt"/>
        <line num="8" count="8" type="stmt"/>
        <line num="17" count="2" type="stmt"/>
        <line num="19" count="2" type="stmt"/>
        <line num="21" count="2" type="cond" truecount="8" falsecount="1"/>
        <line num="22" count="0" type="stmt"/>
        <line num="24" count="2" type="stmt"/>
        <line num="34" count="2" type="stmt"/>
        <line num="35" count="2" type="cond" truecount="2" falsecount="0"/>
        <line num="36" count="1" type="stmt"/>
        <line num="38" count="1" type="stmt"/>
        <line num="39" count="1" type="stmt"/>
        <line num="41" count="0" type="stmt"/>
        <line num="45" count="8" type="stmt"/>
        <line num="46" count="2" type="stmt"/>
        <line num="57" count="2" type="stmt"/>
        <line num="59" count="2" type="stmt"/>
        <line num="61" count="2" type="cond" truecount="1" falsecount="1"/>
        <line num="62" count="0" type="stmt"/>
        <line num="65" count="2" type="stmt"/>
        <line num="66" count="2" type="stmt"/>
        <line num="80" count="2" type="cond" truecount="1" falsecount="1"/>
        <line num="81" count="2" type="stmt"/>
        <line num="82" count="2" type="cond" truecount="2" falsecount="0"/>
        <line num="83" count="1" type="stmt"/>
        <line num="86" count="1" type="stmt"/>
        <line num="88" count="1" type="stmt"/>
        <line num="90" count="0" type="stmt"/>
        <line num="94" count="8" type="stmt"/>
        <line num="95" count="5" type="stmt"/>
        <line num="96" count="5" type="stmt"/>
        <line num="97" count="5" type="stmt"/>
        <line num="100" count="5" type="stmt"/>
        <line num="101" count="5" type="stmt"/>
        <line num="103" count="5" type="cond" truecount="1" falsecount="1"/>
        <line num="104" count="0" type="stmt"/>
        <line num="106" count="5" type="cond" truecount="1" falsecount="1"/>
        <line num="107" count="0" type="stmt"/>
        <line num="109" count="5" type="cond" truecount="1" falsecount="1"/>
        <line num="110" count="0" type="stmt"/>
        <line num="111" count="0" type="stmt"/>
        <line num="113" count="0" type="stmt"/>
        <line num="114" count="0" type="stmt"/>
        <line num="116" count="5" type="cond" truecount="1" falsecount="1"/>
        <line num="117" count="0" type="stmt"/>
        <line num="118" count="0" type="stmt"/>
        <line num="120" count="5" type="cond" truecount="1" falsecount="1"/>
        <line num="121" count="0" type="stmt"/>
        <line num="123" count="5" type="cond" truecount="1" falsecount="1"/>
        <line num="124" count="0" type="stmt"/>
        <line num="125" count="0" type="stmt"/>
        <line num="128" count="5" type="stmt"/>
        <line num="132" count="5" type="stmt"/>
        <line num="134" count="0" type="stmt"/>
        <line num="138" count="8" type="stmt"/>
        <line num="139" count="2" type="stmt"/>
        <line num="140" count="2" type="stmt"/>
        <line num="141" count="2" type="stmt"/>
        <line num="142" count="2" type="stmt"/>
        <line num="143" count="2" type="stmt"/>
        <line num="145" count="2" type="cond" truecount="4" falsecount="1"/>
        <line num="146" count="2" type="stmt"/>
        <line num="154" count="2" type="cond" truecount="2" falsecount="0"/>
        <line num="155" count="1" type="stmt"/>
        <line num="159" count="1" type="cond" truecount="1" falsecount="1"/>
        <line num="160" count="0" type="stmt"/>
        <line num="165" count="1" type="stmt"/>
        <line num="166" count="5" type="stmt"/>
        <line num="173" count="2" type="stmt"/>
        <line num="176" count="1" type="stmt"/>
        <line num="179" count="2" type="stmt"/>
        <line num="180" count="5" type="stmt"/>
        <line num="184" count="1" type="stmt"/>
        <line num="190" count="1" type="stmt"/>
        <line num="193" count="0" type="stmt"/>
        <line num="201" count="0" type="stmt"/>
        <line num="203" count="0" type="stmt"/>
        <line num="207" count="8" type="stmt"/>
        <line num="208" count="1" type="stmt"/>
        <line num="209" count="1" type="stmt"/>
        <line num="210" count="1" type="stmt"/>
        <line num="211" count="1" type="stmt"/>
        <line num="213" count="0" type="stmt"/>
        <line num="216" count="8" type="stmt"/>
      </file>
      <file name="errorController.js" path="/home/irfiyanda/Documents/studi-independen-binar/FP-LMS/Backend-baru/app/controllers/errorController.js">
        <metrics statements="5" coveredstatements="5" conditionals="4" coveredconditionals="3" methods="1" coveredmethods="1"/>
        <line num="1" count="8" type="stmt"/>
        <line num="2" count="53" type="cond" truecount="2" falsecount="0"/>
        <line num="3" count="53" type="cond" truecount="1" falsecount="1"/>
        <line num="4" count="53" type="stmt"/>
        <line num="6" count="53" type="stmt"/>
      </file>
      <file name="notification.js" path="/home/irfiyanda/Documents/studi-independen-binar/FP-LMS/Backend-baru/app/controllers/notification.js">
        <metrics statements="36" coveredstatements="32" conditionals="11" coveredconditionals="11" methods="5" coveredmethods="5"/>
        <line num="1" count="8" type="stmt"/>
        <line num="2" count="8" type="stmt"/>
        <line num="3" count="8" type="stmt"/>
        <line num="4" count="8" type="stmt"/>
        <line num="6" count="8" type="stmt"/>
        <line num="7" count="1" type="stmt"/>
        <line num="8" count="1" type="stmt"/>
        <line num="11" count="1" type="stmt"/>
        <line num="13" count="0" type="stmt"/>
        <line num="17" count="8" type="stmt"/>
        <line num="18" count="1" type="stmt"/>
        <line num="19" count="1" type="stmt"/>
        <line num="20" count="1" type="stmt"/>
        <line num="25" count="1" type="stmt"/>
        <line num="27" count="0" type="stmt"/>
        <line num="31" count="8" type="stmt"/>
        <line num="32" count="2" type="stmt"/>
        <line num="33" count="2" type="stmt"/>
        <line num="34" count="2" type="cond" truecount="4" falsecount="0"/>
        <line num="35" count="1" type="stmt"/>
        <line num="38" count="1" type="stmt"/>
        <line num="39" count="1" type="stmt"/>
        <line num="40" count="3" type="stmt"/>
        <line num="47" count="1" type="stmt"/>
        <line num="49" count="0" type="stmt"/>
        <line num="53" count="8" type="stmt"/>
        <line num="54" count="3" type="stmt"/>
        <line num="55" count="3" type="stmt"/>
        <line num="56" count="3" type="cond" truecount="5" falsecount="0"/>
        <line num="57" count="1" type="stmt"/>
        <line num="60" count="2" type="stmt"/>
        <line num="61" count="2" type="cond" truecount="2" falsecount="0"/>
        <line num="63" count="1" type="stmt"/>
        <line num="69" count="1" type="stmt"/>
        <line num="71" count="0" type="stmt"/>
        <line num="75" count="8" type="stmt"/>
      </file>
      <file name="payment.js" path="/home/irfiyanda/Documents/studi-independen-binar/FP-LMS/Backend-baru/app/controllers/payment.js">
        <metrics statements="62" coveredstatements="13" conditionals="21" coveredconditionals="0" methods="4" coveredmethods="0"/>
        <line num="1" count="8" type="stmt"/>
        <line num="2" count="8" type="stmt"/>
        <line num="3" count="8" type="stmt"/>
        <line num="4" count="8" type="stmt"/>
        <line num="5" count="8" type="stmt"/>
        <line num="6" count="8" type="stmt"/>
        <line num="7" count="8" type="stmt"/>
        <line num="8" count="8" type="stmt"/>
        <line num="10" count="8" type="stmt"/>
        <line num="11" count="0" type="stmt"/>
        <line num="12" count="0" type="stmt"/>
        <line num="13" count="0" type="cond" truecount="0" falsecount="5"/>
        <line num="14" count="0" type="stmt"/>
        <line num="17" count="0" type="stmt"/>
        <line num="21" count="0" type="cond" truecount="0" falsecount="2"/>
        <line num="22" count="0" type="stmt"/>
        <line num="25" count="0" type="stmt"/>
        <line num="30" count="0" type="stmt"/>
        <line num="36" count="0" type="stmt"/>
        <line num="56" count="0" type="stmt"/>
        <line num="58" count="0" type="stmt"/>
        <line num="62" count="8" type="stmt"/>
        <line num="63" count="0" type="stmt"/>
        <line num="71" count="0" type="stmt"/>
        <line num="72" count="0" type="stmt"/>
        <line num="73" count="0" type="stmt"/>
        <line num="78" count="0" type="cond" truecount="0" falsecount="2"/>
        <line num="80" count="0" type="cond" truecount="0" falsecount="2"/>
        <line num="84" count="0" type="stmt"/>
        <line num="85" count="0" type="cond" truecount="0" falsecount="2"/>
        <line num="86" count="0" type="stmt"/>
        <line num="87" count="0" type="stmt"/>
        <line num="89" count="0" type="stmt"/>
        <line num="91" count="0" type="cond" truecount="0" falsecount="2"/>
        <line num="92" count="0" type="stmt"/>
        <line num="96" count="0" type="stmt"/>
        <line num="97" count="0" type="stmt"/>
        <line num="99" count="0" type="stmt"/>
        <line num="105" count="0" type="stmt"/>
        <line num="106" count="0" type="stmt"/>
        <line num="107" count="0" type="stmt"/>
        <line num="108" count="0" type="stmt"/>
        <line num="113" count="0" type="stmt"/>
        <line num="115" count="0" type="stmt"/>
        <line num="119" count="8" type="stmt"/>
        <line num="120" count="0" type="stmt"/>
        <line num="121" count="0" type="stmt"/>
        <line num="137" count="0" type="stmt"/>
        <line num="141" count="0" type="stmt"/>
        <line num="145" count="8" type="stmt"/>
        <line num="146" count="0" type="stmt"/>
        <line num="147" count="0" type="stmt"/>
        <line num="148" count="0" type="cond" truecount="0" falsecount="2"/>
        <line num="149" count="0" type="stmt"/>
        <line num="165" count="0" type="stmt"/>
        <line num="168" count="0" type="cond" truecount="0" falsecount="2"/>
        <line num="169" count="0" type="stmt"/>
        <line num="185" count="0" type="stmt"/>
        <line num="189" count="0" type="stmt"/>
        <line num="203" count="0" type="stmt"/>
        <line num="207" count="0" type="stmt"/>
        <line num="211" count="8" type="stmt"/>
      </file>
      <file name="progress.js" path="/home/irfiyanda/Documents/studi-independen-binar/FP-LMS/Backend-baru/app/controllers/progress.js">
        <metrics statements="39" coveredstatements="34" conditionals="10" coveredconditionals="5" methods="5" coveredmethods="5"/>
        <line num="1" count="8" type="stmt"/>
        <line num="2" count="8" type="stmt"/>
        <line num="3" count="8" type="stmt"/>
        <line num="4" count="8" type="stmt"/>
        <line num="6" count="8" type="stmt"/>
        <line num="7" count="1" type="stmt"/>
        <line num="8" count="1" type="stmt"/>
        <line num="9" count="1" type="stmt"/>
        <line num="10" count="1" type="stmt"/>
        <line num="11" count="1" type="stmt"/>
        <line num="12" count="1" type="cond" truecount="1" falsecount="1"/>
        <line num="13" count="1" type="stmt"/>
        <line num="16" count="1" type="stmt"/>
        <line num="17" count="1" type="stmt"/>
        <line num="18" count="1" type="stmt"/>
        <line num="19" count="1" type="stmt"/>
        <line num="20" count="2" type="stmt"/>
        <line num="21" count="5" type="cond" truecount="1" falsecount="1"/>
        <line num="22" count="5" type="stmt"/>
        <line num="26" count="1" type="stmt"/>
        <line num="29" count="1" type="stmt"/>
        <line num="36" count="1" type="cond" truecount="1" falsecount="1"/>
        <line num="37" count="1" type="stmt"/>
        <line num="42" count="1" type="stmt"/>
        <line num="44" count="1" type="stmt"/>
        <line num="46" count="1" type="stmt"/>
        <line num="50" count="8" type="stmt"/>
        <line num="51" count="1" type="stmt"/>
        <line num="52" count="1" type="stmt"/>
        <line num="53" count="1" type="cond" truecount="1" falsecount="1"/>
        <line num="54" count="0" type="stmt"/>
        <line num="65" count="0" type="stmt"/>
        <line num="68" count="1" type="cond" truecount="1" falsecount="1"/>
        <line num="69" count="0" type="stmt"/>
        <line num="80" count="0" type="stmt"/>
        <line num="84" count="1" type="stmt"/>
        <line num="93" count="1" type="stmt"/>
        <line num="97" count="0" type="stmt"/>
        <line num="101" count="8" type="stmt"/>
      </file>
      <file name="resBase.js" path="/home/irfiyanda/Documents/studi-independen-binar/FP-LMS/Backend-baru/app/controllers/resBase.js">
        <metrics statements="3" coveredstatements="3" conditionals="0" coveredconditionals="0" methods="1" coveredmethods="1"/>
        <line num="1" count="8" type="stmt"/>
        <line num="2" count="47" type="stmt"/>
        <line num="9" count="8" type="stmt"/>
      </file>
      <file name="user.js" path="/home/irfiyanda/Documents/studi-independen-binar/FP-LMS/Backend-baru/app/controllers/user.js">
        <metrics statements="47" coveredstatements="38" conditionals="13" coveredconditionals="8" methods="4" coveredmethods="4"/>
        <line num="1" count="8" type="stmt"/>
        <line num="2" count="8" type="stmt"/>
        <line num="3" count="8" type="stmt"/>
        <line num="4" count="8" type="stmt"/>
        <line num="5" count="8" type="stmt"/>
        <line num="7" count="8" type="stmt"/>
        <line num="8" count="2" type="stmt"/>
        <line num="9" count="2" type="stmt"/>
        <line num="12" count="2" type="stmt"/>
        <line num="14" count="0" type="stmt"/>
        <line num="18" count="8" type="stmt"/>
        <line num="19" count="1" type="stmt"/>
        <line num="20" count="1" type="stmt"/>
        <line num="21" count="1" type="stmt"/>
        <line num="25" count="1" type="stmt"/>
        <line num="27" count="0" type="stmt"/>
        <line num="31" count="8" type="stmt"/>
        <line num="32" count="1" type="stmt"/>
        <line num="33" count="1" type="stmt"/>
        <line num="34" count="1" type="stmt"/>
        <line num="35" count="1" type="stmt"/>
        <line num="36" count="1" type="cond" truecount="1" falsecount="1"/>
        <line num="37" count="0" type="stmt"/>
        <line num="40" count="1" type="stmt"/>
        <line num="49" count="1" type="stmt"/>
        <line num="54" count="1" type="stmt"/>
        <line num="56" count="0" type="stmt"/>
        <line num="60" count="8" type="stmt"/>
        <line num="61" count="1" type="stmt"/>
        <line num="62" count="1" type="stmt"/>
        <line num="63" count="1" type="stmt"/>
        <line num="64" count="1" type="cond" truecount="4" falsecount="1"/>
        <line num="65" count="0" type="stmt"/>
        <line num="68" count="1" type="stmt"/>
        <line num="70" count="1" type="cond" truecount="1" falsecount="1"/>
        <line num="71" count="0" type="stmt"/>
        <line num="74" count="1" type="cond" truecount="1" falsecount="1"/>
        <line num="75" count="0" type="stmt"/>
        <line num="80" count="1" type="cond" truecount="1" falsecount="1"/>
        <line num="81" count="0" type="stmt"/>
        <line num="86" count="1" type="stmt"/>
        <line num="87" count="1" type="stmt"/>
        <line num="88" count="1" type="stmt"/>
        <line num="90" count="1" type="stmt"/>
        <line num="96" count="1" type="stmt"/>
        <line num="98" count="0" type="stmt"/>
        <line num="102" count="8" type="stmt"/>
      </file>
      <file name="video.js" path="/home/irfiyanda/Documents/studi-independen-binar/FP-LMS/Backend-baru/app/controllers/video.js">
        <metrics statements="71" coveredstatements="67" conditionals="14" coveredconditionals="13" methods="3" coveredmethods="3"/>
        <line num="1" count="8" type="stmt"/>
        <line num="2" count="8" type="stmt"/>
        <line num="3" count="8" type="stmt"/>
        <line num="4" count="8" type="stmt"/>
        <line num="6" count="8" type="stmt"/>
        <line num="7" count="3" type="stmt"/>
        <line num="8" count="3" type="stmt"/>
        <line num="9" count="3" type="stmt"/>
        <line num="10" count="3" type="cond" truecount="6" falsecount="0"/>
        <line num="11" count="1" type="stmt"/>
        <line num="14" count="2" type="stmt"/>
        <line num="15" count="2" type="cond" truecount="2" falsecount="0"/>
        <line num="17" count="1" type="stmt"/>
        <line num="24" count="1" type="stmt"/>
        <line num="25" count="1" type="stmt"/>
        <line num="26" count="3" type="stmt"/>
        <line num="29" count="1" type="stmt"/>
        <line num="31" count="1" type="stmt"/>
        <line num="32" count="17" type="stmt"/>
        <line num="33" count="5" type="cond" truecount="1" falsecount="1"/>
        <line num="34" count="0" type="stmt"/>
        <line num="39" count="1" type="stmt"/>
        <line num="50" count="1" type="stmt"/>
        <line num="52" count="1" type="stmt"/>
        <line num="53" count="1" type="stmt"/>
        <line num="54" count="17" type="stmt"/>
        <line num="57" count="1" type="stmt"/>
        <line num="58" count="1" type="stmt"/>
        <line num="60" count="1" type="stmt"/>
        <line num="62" count="0" type="stmt"/>
        <line num="66" count="8" type="stmt"/>
        <line num="67" count="2" type="stmt"/>
        <line num="68" count="2" type="stmt"/>
        <line num="69" count="2" type="stmt"/>
        <line num="70" count="2" type="cond" truecount="2" falsecount="0"/>
        <line num="72" count="1" type="stmt"/>
        <line num="80" count="1" type="stmt"/>
        <line num="81" count="1" type="stmt"/>
        <line num="82" count="3" type="stmt"/>
        <line num="84" count="1" type="stmt"/>
        <line num="85" count="1" type="stmt"/>
        <line num="87" count="1" type="stmt"/>
        <line num="89" count="1" type="stmt"/>
        <line num="90" count="1" type="stmt"/>
        <line num="91" count="17" type="stmt"/>
        <line num="94" count="1" type="stmt"/>
        <line num="95" count="1" type="stmt"/>
        <line num="97" count="1" type="stmt"/>
        <line num="99" count="0" type="stmt"/>
        <line num="103" count="8" type="stmt"/>
        <line num="104" count="2" type="stmt"/>
        <line num="105" count="2" type="stmt"/>
        <line num="106" count="2" type="stmt"/>
        <line num="107" count="2" type="stmt"/>
        <line num="108" count="2" type="cond" truecount="2" falsecount="0"/>
        <line num="110" count="1" type="stmt"/>
        <line num="120" count="1" type="stmt"/>
        <line num="121" count="1" type="stmt"/>
        <line num="122" count="4" type="stmt"/>
        <line num="124" count="1" type="stmt"/>
        <line num="125" count="1" type="stmt"/>
        <line num="127" count="1" type="stmt"/>
        <line num="129" count="1" type="stmt"/>
        <line num="130" count="1" type="stmt"/>
        <line num="131" count="17" type="stmt"/>
        <line num="134" count="1" type="stmt"/>
        <line num="135" count="1" type="stmt"/>
        <line num="137" count="1" type="stmt"/>
        <line num="138" count="1" type="stmt"/>
        <line num="140" count="0" type="stmt"/>
        <line num="144" count="8" type="stmt"/>
      </file>
    </package>
    <package name="app.data">
      <metrics statements="9" coveredstatements="9" conditionals="0" coveredconditionals="0" methods="4" coveredmethods="4"/>
      <file name="emailMessage.js" path="/home/irfiyanda/Documents/studi-independen-binar/FP-LMS/Backend-baru/app/data/emailMessage.js">
        <metrics statements="9" coveredstatements="9" conditionals="0" coveredconditionals="0" methods="4" coveredmethods="4"/>
        <line num="2" count="8" type="stmt"/>
        <line num="3" count="1" type="stmt"/>
        <line num="41" count="8" type="stmt"/>
        <line num="42" count="1" type="stmt"/>
        <line num="82" count="8" type="stmt"/>
        <line num="83" count="1" type="stmt"/>
        <line num="121" count="8" type="stmt"/>
        <line num="122" count="1" type="stmt"/>
        <line num="160" count="8" type="stmt"/>
      </file>
    </package>
    <package name="app.helpers">
      <metrics statements="25" coveredstatements="19" conditionals="2" coveredconditionals="1" methods="5" coveredmethods="3"/>
      <file name="nodemailer.js" path="/home/irfiyanda/Documents/studi-independen-binar/FP-LMS/Backend-baru/app/helpers/nodemailer.js">
        <metrics statements="10" coveredstatements="9" conditionals="0" coveredconditionals="0" methods="1" coveredmethods="1"/>
        <line num="1" count="8" type="stmt"/>
        <line num="2" count="8" type="stmt"/>
        <line num="4" count="8" type="stmt"/>
        <line num="5" count="4" type="stmt"/>
        <line num="6" count="4" type="stmt"/>
        <line num="16" count="4" type="stmt"/>
        <line num="24" count="4" type="stmt"/>
        <line num="25" count="4" type="stmt"/>
        <line num="27" count="0" type="stmt"/>
        <line num="31" count="8" type="stmt"/>
      </file>
      <file name="otpGenerator.js" path="/home/irfiyanda/Documents/studi-independen-binar/FP-LMS/Backend-baru/app/helpers/otpGenerator.js">
        <metrics statements="3" coveredstatements="3" conditionals="0" coveredconditionals="0" methods="1" coveredmethods="1"/>
        <line num="2" count="1" type="stmt"/>
        <line num="3" count="1" type="stmt"/>
        <line num="6" count="8" type="stmt"/>
      </file>
      <file name="uploadImage.js" path="/home/irfiyanda/Documents/studi-independen-binar/FP-LMS/Backend-baru/app/helpers/uploadImage.js">
        <metrics statements="12" coveredstatements="7" conditionals="2" coveredconditionals="1" methods="3" coveredmethods="1"/>
        <line num="1" count="8" type="stmt"/>
        <line num="2" count="8" type="stmt"/>
        <line num="4" count="8" type="stmt"/>
        <line num="10" count="8" type="stmt"/>
        <line num="11" count="3" type="cond" truecount="1" falsecount="1"/>
        <line num="12" count="0" type="stmt"/>
        <line num="14" count="0" type="stmt"/>
        <line num="18" count="0" type="stmt"/>
        <line num="19" count="0" type="stmt"/>
        <line num="21" count="0" type="stmt"/>
        <line num="24" count="3" type="stmt"/>
        <line num="28" count="8" type="stmt"/>
      </file>
    </package>
    <package name="app.middleware">
      <metrics statements="40" coveredstatements="37" conditionals="8" coveredconditionals="8" methods="6" coveredmethods="6"/>
      <file name="authenticate.js" path="/home/irfiyanda/Documents/studi-independen-binar/FP-LMS/Backend-baru/app/middleware/authenticate.js">
        <metrics statements="14" coveredstatements="13" conditionals="2" coveredconditionals="2" methods="1" coveredmethods="1"/>
        <line num="1" count="8" type="stmt"/>
        <line num="2" count="8" type="stmt"/>
        <line num="3" count="8" type="stmt"/>
        <line num="5" count="8" type="stmt"/>
        <line num="6" count="69" type="stmt"/>
        <line num="7" count="69" type="stmt"/>
        <line num="9" count="69" type="cond" truecount="2" falsecount="0"/>
        <line num="10" count="19" type="stmt"/>
        <line num="14" count="50" type="stmt"/>
        <line num="15" count="50" type="stmt"/>
        <line num="16" count="50" type="stmt"/>
        <line num="17" count="50" type="stmt"/>
        <line num="18" count="50" type="stmt"/>
        <line num="20" count="0" type="stmt"/>
      </file>
      <file name="authorization.js" path="/home/irfiyanda/Documents/studi-independen-binar/FP-LMS/Backend-baru/app/middleware/authorization.js">
        <metrics statements="10" coveredstatements="9" conditionals="2" coveredconditionals="2" methods="2" coveredmethods="2"/>
        <line num="1" count="8" type="stmt"/>
        <line num="3" count="8" type="stmt"/>
        <line num="4" count="88" type="stmt"/>
        <line num="5" count="31" type="stmt"/>
        <line num="6" count="31" type="stmt"/>
        <line num="8" count="31" type="cond" truecount="2" falsecount="0"/>
        <line num="9" count="7" type="stmt"/>
        <line num="12" count="31" type="stmt"/>
        <line num="14" count="0" type="stmt"/>
        <line num="19" count="8" type="stmt"/>
      </file>
      <file name="validation.js" path="/home/irfiyanda/Documents/studi-independen-binar/FP-LMS/Backend-baru/app/middleware/validation.js">
        <metrics statements="16" coveredstatements="15" conditionals="4" coveredconditionals="4" methods="3" coveredmethods="3"/>
        <line num="1" count="8" type="stmt"/>
        <line num="2" count="8" type="stmt"/>
        <line num="4" count="8" type="stmt"/>
        <line num="5" count="19" type="stmt"/>
        <line num="6" count="19" type="stmt"/>
        <line num="7" count="19" type="cond" truecount="2" falsecount="0"/>
        <line num="8" count="8" type="stmt"/>
        <line num="10" count="11" type="stmt"/>
        <line num="12" count="0" type="stmt"/>
        <line num="17" count="8" type="stmt"/>
        <line num="18" count="72" type="stmt"/>
        <line num="19" count="22" type="stmt"/>
        <line num="20" count="22" type="cond" truecount="2" falsecount="0"/>
        <line num="21" count="3" type="stmt"/>
        <line num="23" count="19" type="stmt"/>
        <line num="27" count="8" type="stmt"/>
      </file>
    </package>
    <package name="app.models">
      <metrics statements="46" coveredstatements="46" conditionals="0" coveredconditionals="0" methods="2" coveredmethods="2"/>
      <file name="baseSchema.js" path="/home/irfiyanda/Documents/studi-independen-binar/FP-LMS/Backend-baru/app/models/baseSchema.js">
        <metrics statements="6" coveredstatements="6" conditionals="0" coveredconditionals="0" methods="2" coveredmethods="2"/>
        <line num="1" count="8" type="stmt"/>
        <line num="5" count="64" type="stmt"/>
        <line num="8" count="18" type="stmt"/>
        <line num="29" count="64" type="stmt"/>
        <line num="31" count="64" type="stmt"/>
        <line num="35" count="8" type="stmt"/>
      </file>
      <file name="category.js" path="/home/irfiyanda/Documents/studi-independen-binar/FP-LMS/Backend-baru/app/models/category.js">
        <metrics statements="5" coveredstatements="5" conditionals="0" coveredconditionals="0" methods="0" coveredmethods="0"/>
        <line num="1" count="8" type="stmt"/>
        <line num="2" count="8" type="stmt"/>
        <line num="4" count="8" type="stmt"/>
        <line num="14" count="8" type="stmt"/>
        <line num="16" count="8" type="stmt"/>
      </file>
      <file name="chapter.js" path="/home/irfiyanda/Documents/studi-independen-binar/FP-LMS/Backend-baru/app/models/chapter.js">
        <metrics statements="5" coveredstatements="5" conditionals="0" coveredconditionals="0" methods="0" coveredmethods="0"/>
        <line num="1" count="8" type="stmt"/>
        <line num="2" count="8" type="stmt"/>
        <line num="4" count="8" type="stmt"/>
        <line num="35" count="8" type="stmt"/>
        <line num="37" count="8" type="stmt"/>
      </file>
      <file name="course.js" path="/home/irfiyanda/Documents/studi-independen-binar/FP-LMS/Backend-baru/app/models/course.js">
        <metrics statements="5" coveredstatements="5" conditionals="0" coveredconditionals="0" methods="0" coveredmethods="0"/>
        <line num="1" count="8" type="stmt"/>
        <line num="2" count="8" type="stmt"/>
        <line num="4" count="8" type="stmt"/>
        <line num="68" count="8" type="stmt"/>
        <line num="70" count="8" type="stmt"/>
      </file>
      <file name="notification.js" path="/home/irfiyanda/Documents/studi-independen-binar/FP-LMS/Backend-baru/app/models/notification.js">
        <metrics statements="5" coveredstatements="5" conditionals="0" coveredconditionals="0" methods="0" coveredmethods="0"/>
        <line num="1" count="8" type="stmt"/>
        <line num="2" count="8" type="stmt"/>
        <line num="4" count="8" type="stmt"/>
        <line num="24" count="8" type="stmt"/>
        <line num="26" count="8" type="stmt"/>
      </file>
      <file name="progress.js" path="/home/irfiyanda/Documents/studi-independen-binar/FP-LMS/Backend-baru/app/models/progress.js">
        <metrics statements="5" coveredstatements="5" conditionals="0" coveredconditionals="0" methods="0" coveredmethods="0"/>
        <line num="1" count="8" type="stmt"/>
        <line num="2" count="8" type="stmt"/>
        <line num="4" count="8" type="stmt"/>
        <line num="31" count="8" type="stmt"/>
        <line num="33" count="8" type="stmt"/>
      </file>
      <file name="purchase.js" path="/home/irfiyanda/Documents/studi-independen-binar/FP-LMS/Backend-baru/app/models/purchase.js">
        <metrics statements="5" coveredstatements="5" conditionals="0" coveredconditionals="0" methods="0" coveredmethods="0"/>
        <line num="1" count="8" type="stmt"/>
        <line num="2" count="8" type="stmt"/>
        <line num="4" count="8" type="stmt"/>
        <line num="17" count="8" type="stmt"/>
        <line num="19" count="8" type="stmt"/>
      </file>
      <file name="transaction.js" path="/home/irfiyanda/Documents/studi-independen-binar/FP-LMS/Backend-baru/app/models/transaction.js">
        <metrics statements="5" coveredstatements="5" conditionals="0" coveredconditionals="0" methods="0" coveredmethods="0"/>
        <line num="1" count="8" type="stmt"/>
        <line num="2" count="8" type="stmt"/>
        <line num="4" count="8" type="stmt"/>
        <line num="29" count="8" type="stmt"/>
        <line num="31" count="8" type="stmt"/>
      </file>
      <file name="user.js" path="/home/irfiyanda/Documents/studi-independen-binar/FP-LMS/Backend-baru/app/models/user.js">
        <metrics statements="5" coveredstatements="5" conditionals="0" coveredconditionals="0" methods="0" coveredmethods="0"/>
        <line num="1" count="8" type="stmt"/>
        <line num="2" count="8" type="stmt"/>
        <line num="4" count="8" type="stmt"/>
        <line num="61" count="8" type="stmt"/>
        <line num="63" count="8" type="stmt"/>
      </file>
    </package>
    <package name="app.routes">
      <metrics statements="89" coveredstatements="89" conditionals="0" coveredconditionals="0" methods="0" coveredmethods="0"/>
      <file name="auth.js" path="/home/irfiyanda/Documents/studi-independen-binar/FP-LMS/Backend-baru/app/routes/auth.js">
        <metrics statements="12" coveredstatements="12" conditionals="0" coveredconditionals="0" methods="0" coveredmethods="0"/>
        <line num="1" count="8" type="stmt"/>
        <line num="2" count="8" type="stmt"/>
        <line num="3" count="8" type="stmt"/>
        <line num="5" count="8" type="stmt"/>
        <line num="6" count="8" type="stmt"/>
        <line num="7" count="8" type="stmt"/>
        <line num="8" count="8" type="stmt"/>
        <line num="9" count="8" type="stmt"/>
        <line num="10" count="8" type="stmt"/>
        <line num="11" count="8" type="stmt"/>
        <line num="12" count="8" type="stmt"/>
        <line num="14" count="8" type="stmt"/>
      </file>
      <file name="category.js" path="/home/irfiyanda/Documents/studi-independen-binar/FP-LMS/Backend-baru/app/routes/category.js">
        <metrics statements="6" coveredstatements="6" conditionals="0" coveredconditionals="0" methods="0" coveredmethods="0"/>
        <line num="1" count="8" type="stmt"/>
        <line num="2" count="8" type="stmt"/>
        <line num="4" count="8" type="stmt"/>
        <line num="5" count="8" type="stmt"/>
        <line num="6" count="8" type="stmt"/>
        <line num="8" count="8" type="stmt"/>
      </file>
      <file name="chapter.js" path="/home/irfiyanda/Documents/studi-independen-binar/FP-LMS/Backend-baru/app/routes/chapter.js">
        <metrics statements="10" coveredstatements="10" conditionals="0" coveredconditionals="0" methods="0" coveredmethods="0"/>
        <line num="2" count="8" type="stmt"/>
        <line num="3" count="8" type="stmt"/>
        <line num="4" count="8" type="stmt"/>
        <line num="5" count="8" type="stmt"/>
        <line num="6" count="8" type="stmt"/>
        <line num="8" count="8" type="stmt"/>
        <line num="9" count="8" type="stmt"/>
        <line num="10" count="8" type="stmt"/>
        <line num="11" count="8" type="stmt"/>
        <line num="13" count="8" type="stmt"/>
      </file>
      <file name="course.js" path="/home/irfiyanda/Documents/studi-independen-binar/FP-LMS/Backend-baru/app/routes/course.js">
        <metrics statements="15" coveredstatements="15" conditionals="0" coveredconditionals="0" methods="0" coveredmethods="0"/>
        <line num="2" count="8" type="stmt"/>
        <line num="3" count="8" type="stmt"/>
        <line num="4" count="8" type="stmt"/>
        <line num="5" count="8" type="stmt"/>
        <line num="6" count="8" type="stmt"/>
        <line num="7" count="8" type="stmt"/>
        <line num="8" count="8" type="stmt"/>
        <line num="9" count="8" type="stmt"/>
        <line num="10" count="8" type="stmt"/>
        <line num="12" count="8" type="stmt"/>
        <line num="13" count="8" type="stmt"/>
        <line num="14" count="8" type="stmt"/>
        <line num="15" count="8" type="stmt"/>
        <line num="16" count="8" type="stmt"/>
        <line num="18" count="8" type="stmt"/>
      </file>
      <file name="notif.js" path="/home/irfiyanda/Documents/studi-independen-binar/FP-LMS/Backend-baru/app/routes/notif.js">
        <metrics statements="10" coveredstatements="10" conditionals="0" coveredconditionals="0" methods="0" coveredmethods="0"/>
        <line num="2" count="8" type="stmt"/>
        <line num="3" count="8" type="stmt"/>
        <line num="4" count="8" type="stmt"/>
        <line num="5" count="8" type="stmt"/>
        <line num="6" count="8" type="stmt"/>
        <line num="8" count="8" type="stmt"/>
        <line num="9" count="8" type="stmt"/>
        <line num="10" count="8" type="stmt"/>
        <line num="11" count="8" type="stmt"/>
        <line num="13" count="8" type="stmt"/>
      </file>
      <file name="payment.js" path="/home/irfiyanda/Documents/studi-independen-binar/FP-LMS/Backend-baru/app/routes/payment.js">
        <metrics statements="9" coveredstatements="9" conditionals="0" coveredconditionals="0" methods="0" coveredmethods="0"/>
        <line num="2" count="8" type="stmt"/>
        <line num="3" count="8" type="stmt"/>
        <line num="4" count="8" type="stmt"/>
        <line num="5" count="8" type="stmt"/>
        <line num="7" count="8" type="stmt"/>
        <line num="8" count="8" type="stmt"/>
        <line num="9" count="8" type="stmt"/>
        <line num="10" count="8" type="stmt"/>
        <line num="12" count="8" type="stmt"/>
      </file>
      <file name="progress.js" path="/home/irfiyanda/Documents/studi-independen-binar/FP-LMS/Backend-baru/app/routes/progress.js">
        <metrics statements="6" coveredstatements="6" conditionals="0" coveredconditionals="0" methods="0" coveredmethods="0"/>
        <line num="1" count="8" type="stmt"/>
        <line num="2" count="8" type="stmt"/>
        <line num="3" count="8" type="stmt"/>
        <line num="5" count="8" type="stmt"/>
        <line num="6" count="8" type="stmt"/>
        <line num="8" count="8" type="stmt"/>
      </file>
      <file name="user.js" path="/home/irfiyanda/Documents/studi-independen-binar/FP-LMS/Backend-baru/app/routes/user.js">
        <metrics statements="13" coveredstatements="13" conditionals="0" coveredconditionals="0" methods="0" coveredmethods="0"/>
        <line num="2" count="8" type="stmt"/>
        <line num="3" count="8" type="stmt"/>
        <line num="4" count="8" type="stmt"/>
        <line num="5" count="8" type="stmt"/>
        <line num="6" count="8" type="stmt"/>
        <line num="7" count="8" type="stmt"/>
        <line num="8" count="8" type="stmt"/>
        <line num="9" count="8" type="stmt"/>
        <line num="11" count="8" type="stmt"/>
        <line num="12" count="8" type="stmt"/>
        <line num="13" count="8" type="stmt"/>
        <line num="14" count="8" type="stmt"/>
        <line num="16" count="8" type="stmt"/>
      </file>
      <file name="video.js" path="/home/irfiyanda/Documents/studi-independen-binar/FP-LMS/Backend-baru/app/routes/video.js">
        <metrics statements="8" coveredstatements="8" conditionals="0" coveredconditionals="0" methods="0" coveredmethods="0"/>
        <line num="2" count="8" type="stmt"/>
        <line num="3" count="8" type="stmt"/>
        <line num="4" count="8" type="stmt"/>
        <line num="5" count="8" type="stmt"/>
        <line num="7" count="8" type="stmt"/>
        <line num="8" count="8" type="stmt"/>
        <line num="9" count="8" type="stmt"/>
        <line num="11" count="8" type="stmt"/>
      </file>
    </package>
    <package name="app.utils">
      <metrics statements="5" coveredstatements="5" conditionals="2" coveredconditionals="2" methods="1" coveredmethods="1"/>
      <file name="apiError.js" path="/home/irfiyanda/Documents/studi-independen-binar/FP-LMS/Backend-baru/app/utils/apiError.js">
        <metrics statements="5" coveredstatements="5" conditionals="2" coveredconditionals="2" methods="1" coveredmethods="1"/>
        <line num="3" count="53" type="stmt"/>
        <line num="5" count="53" type="stmt"/>
        <line num="6" count="53" type="cond" truecount="2" falsecount="0"/>
        <line num="8" count="53" type="stmt"/>
        <line num="12" count="8" type="stmt"/>
      </file>
    </package>
    <package name="database">
      <metrics statements="7" coveredstatements="5" conditionals="0" coveredconditionals="0" methods="4" coveredmethods="2"/>
      <file name="index.js" path="/home/irfiyanda/Documents/studi-independen-binar/FP-LMS/Backend-baru/database/index.js">
        <metrics statements="7" coveredstatements="5" conditionals="0" coveredconditionals="0" methods="4" coveredmethods="2"/>
        <line num="1" count="8" type="stmt"/>
        <line num="3" count="8" type="stmt"/>
        <line num="7" count="8" type="stmt"/>
        <line num="10" count="8" type="stmt"/>
        <line num="13" count="0" type="stmt"/>
        <line num="19" count="0" type="stmt"/>
        <line num="22" count="8" type="stmt"/>
      </file>
    </package>
  </project>
</coverage>
