{"/home/irfiyanda/Documents/studi-independen-binar/FP-LMS/Backend/app/index.js": {"path":"/home/irfiyanda/Documents/studi-independen-binar/FP-LMS/Backend/app/index.js","statementMap":{"0":{"start":{"line":1,"column":0},"end":{"line":1,"column":27}},"1":{"start":{"line":2,"column":16},"end":{"line":2,"column":34}},"2":{"start":{"line":3,"column":19},"end":{"line":3,"column":41}},"3":{"start":{"line":4,"column":15},"end":{"line":4,"column":32}},"4":{"start":{"line":5,"column":28},"end":{"line":5,"column":45}},"5":{"start":{"line":6,"column":21},"end":{"line":6,"column":45}},"6":{"start":{"line":7,"column":13},"end":{"line":7,"column":28}},"7":{"start":{"line":9,"column":11},"end":{"line":9,"column":39}},"8":{"start":{"line":10,"column":17},"end":{"line":10,"column":44}},"9":{"start":{"line":11,"column":21},"end":{"line":11,"column":61}},"10":{"start":{"line":13,"column":18},"end":{"line":13,"column":42}},"11":{"start":{"line":14,"column":22},"end":{"line":14,"column":50}},"12":{"start":{"line":15,"column":20},"end":{"line":15,"column":46}},"13":{"start":{"line":16,"column":21},"end":{"line":16,"column":48}},"14":{"start":{"line":17,"column":21},"end":{"line":17,"column":48}},"15":{"start":{"line":18,"column":19},"end":{"line":18,"column":44}},"16":{"start":{"line":19,"column":19},"end":{"line":19,"column":43}},"17":{"start":{"line":20,"column":26},"end":{"line":20,"column":51}},"18":{"start":{"line":22,"column":12},"end":{"line":22,"column":21}},"19":{"start":{"line":24,"column":0},"end":{"line":24,"column":21}},"20":{"start":{"line":25,"column":0},"end":{"line":25,"column":18}},"21":{"start":{"line":26,"column":0},"end":{"line":26,"column":52}},"22":{"start":{"line":27,"column":0},"end":{"line":27,"column":27}},"23":{"start":{"line":28,"column":0},"end":{"line":28,"column":16}},"24":{"start":{"line":29,"column":0},"end":{"line":29,"column":23}},"25":{"start":{"line":30,"column":0},"end":{"line":30,"column":24}},"26":{"start":{"line":32,"column":0},"end":{"line":32,"column":36}},"27":{"start":{"line":33,"column":0},"end":{"line":33,"column":45}},"28":{"start":{"line":34,"column":0},"end":{"line":34,"column":40}},"29":{"start":{"line":35,"column":0},"end":{"line":35,"column":42}},"30":{"start":{"line":36,"column":0},"end":{"line":36,"column":38}},"31":{"start":{"line":37,"column":0},"end":{"line":37,"column":42}},"32":{"start":{"line":38,"column":0},"end":{"line":38,"column":37}},"33":{"start":{"line":39,"column":0},"end":{"line":39,"column":52}},"34":{"start":{"line":41,"column":0},"end":{"line":43,"column":3}},"35":{"start":{"line":42,"column":2},"end":{"line":42,"column":51}},"36":{"start":{"line":44,"column":0},"end":{"line":44,"column":22}},"37":{"start":{"line":46,"column":0},"end":{"line":46,"column":20}}},"fnMap":{"0":{"name":"(anonymous_0)","decl":{"start":{"line":41,"column":13},"end":{"line":41,"column":14}},"loc":{"start":{"line":41,"column":33},"end":{"line":43,"column":1}},"line":41}},"branchMap":{},"s":{"0":3,"1":3,"2":3,"3":3,"4":3,"5":3,"6":3,"7":3,"8":3,"9":3,"10":3,"11":3,"12":3,"13":3,"14":3,"15":3,"16":3,"17":3,"18":3,"19":3,"20":3,"21":3,"22":3,"23":3,"24":3,"25":3,"26":3,"27":3,"28":3,"29":3,"30":3,"31":3,"32":3,"33":3,"34":3,"35":0,"36":3,"37":3},"f":{"0":0},"b":{},"_coverageSchema":"1a1c01bbd47fc00a2c39e90264f33305004495a9","hash":"c986fb79e2499dbf31c6a0c8bb73f6a45123d8e1"}
,"/home/irfiyanda/Documents/studi-independen-binar/FP-LMS/Backend/app/controllers/auth.js": {"path":"/home/irfiyanda/Documents/studi-independen-binar/FP-LMS/Backend/app/controllers/auth.js","statementMap":{"0":{"start":{"line":1,"column":12},"end":{"line":1,"column":35}},"1":{"start":{"line":2,"column":15},"end":{"line":2,"column":32}},"2":{"start":{"line":3,"column":15},"end":{"line":3,"column":34}},"3":{"start":{"line":5,"column":13},"end":{"line":5,"column":38}},"4":{"start":{"line":6,"column":17},"end":{"line":6,"column":45}},"5":{"start":{"line":7,"column":23},"end":{"line":7,"column":43}},"6":{"start":{"line":8,"column":20},"end":{"line":8,"column":54}},"7":{"start":{"line":9,"column":18},"end":{"line":9,"column":50}},"8":{"start":{"line":10,"column":101},"end":{"line":10,"column":132}},"9":{"start":{"line":11,"column":21},"end":{"line":11,"column":54}},"10":{"start":{"line":13,"column":14},"end":{"line":62,"column":1}},"11":{"start":{"line":14,"column":35},"end":{"line":14,"column":43}},"12":{"start":{"line":15,"column":2},"end":{"line":61,"column":3}},"13":{"start":{"line":16,"column":17},"end":{"line":25,"column":6}},"14":{"start":{"line":26,"column":4},"end":{"line":26,"column":87}},"15":{"start":{"line":26,"column":15},"end":{"line":26,"column":87}},"16":{"start":{"line":28,"column":18},"end":{"line":28,"column":63}},"17":{"start":{"line":29,"column":4},"end":{"line":29,"column":72}},"18":{"start":{"line":29,"column":16},"end":{"line":29,"column":72}},"19":{"start":{"line":31,"column":20},"end":{"line":36,"column":5}},"20":{"start":{"line":38,"column":24},"end":{"line":40,"column":6}},"21":{"start":{"line":42,"column":25},"end":{"line":44,"column":6}},"22":{"start":{"line":46,"column":4},"end":{"line":46,"column":37}},"23":{"start":{"line":47,"column":4},"end":{"line":47,"column":22}},"24":{"start":{"line":49,"column":4},"end":{"line":53,"column":7}},"25":{"start":{"line":54,"column":17},"end":{"line":56,"column":5}},"26":{"start":{"line":57,"column":4},"end":{"line":57,"column":45}},"27":{"start":{"line":58,"column":4},"end":{"line":58,"column":65}},"28":{"start":{"line":60,"column":4},"end":{"line":60,"column":38}},"29":{"start":{"line":64,"column":15},"end":{"line":86,"column":1}},"30":{"start":{"line":65,"column":2},"end":{"line":85,"column":3}},"31":{"start":{"line":66,"column":25},"end":{"line":66,"column":49}},"32":{"start":{"line":67,"column":4},"end":{"line":67,"column":50}},"33":{"start":{"line":67,"column":23},"end":{"line":67,"column":50}},"34":{"start":{"line":69,"column":17},"end":{"line":71,"column":6}},"35":{"start":{"line":73,"column":4},"end":{"line":73,"column":42}},"36":{"start":{"line":73,"column":15},"end":{"line":73,"column":42}},"37":{"start":{"line":75,"column":4},"end":{"line":75,"column":27}},"38":{"start":{"line":76,"column":4},"end":{"line":76,"column":22}},"39":{"start":{"line":78,"column":4},"end":{"line":78,"column":36}},"40":{"start":{"line":79,"column":4},"end":{"line":82,"column":7}},"41":{"start":{"line":84,"column":4},"end":{"line":84,"column":43}},"42":{"start":{"line":88,"column":17},"end":{"line":134,"column":1}},"43":{"start":{"line":89,"column":2},"end":{"line":133,"column":3}},"44":{"start":{"line":90,"column":45},"end":{"line":90,"column":53}},"45":{"start":{"line":92,"column":26},"end":{"line":92,"column":55}},"46":{"start":{"line":93,"column":26},"end":{"line":93,"column":55}},"47":{"start":{"line":95,"column":4},"end":{"line":95,"column":90}},"48":{"start":{"line":95,"column":23},"end":{"line":95,"column":90}},"49":{"start":{"line":97,"column":4},"end":{"line":97,"column":89}},"50":{"start":{"line":97,"column":23},"end":{"line":97,"column":89}},"51":{"start":{"line":99,"column":4},"end":{"line":99,"column":93}},"52":{"start":{"line":99,"column":29},"end":{"line":99,"column":93}},"53":{"start":{"line":101,"column":27},"end":{"line":101,"column":58}},"54":{"start":{"line":102,"column":21},"end":{"line":102,"column":40}},"55":{"start":{"line":104,"column":19},"end":{"line":104,"column":32}},"56":{"start":{"line":106,"column":17},"end":{"line":113,"column":6}},"57":{"start":{"line":115,"column":23},"end":{"line":120,"column":5}},"58":{"start":{"line":121,"column":4},"end":{"line":121,"column":32}},"59":{"start":{"line":123,"column":25},"end":{"line":128,"column":5}},"60":{"start":{"line":130,"column":4},"end":{"line":130,"column":76}},"61":{"start":{"line":132,"column":4},"end":{"line":132,"column":38}},"62":{"start":{"line":136,"column":21},"end":{"line":159,"column":1}},"63":{"start":{"line":137,"column":20},"end":{"line":137,"column":28}},"64":{"start":{"line":138,"column":2},"end":{"line":158,"column":3}},"65":{"start":{"line":139,"column":19},"end":{"line":139,"column":32}},"66":{"start":{"line":140,"column":4},"end":{"line":145,"column":6}},"67":{"start":{"line":147,"column":23},"end":{"line":152,"column":5}},"68":{"start":{"line":153,"column":4},"end":{"line":153,"column":32}},"69":{"start":{"line":155,"column":4},"end":{"line":155,"column":75}},"70":{"start":{"line":157,"column":4},"end":{"line":157,"column":38}},"71":{"start":{"line":161,"column":18},"end":{"line":183,"column":1}},"72":{"start":{"line":162,"column":18},"end":{"line":162,"column":26}},"73":{"start":{"line":163,"column":2},"end":{"line":182,"column":3}},"74":{"start":{"line":164,"column":17},"end":{"line":164,"column":44}},"75":{"start":{"line":165,"column":4},"end":{"line":165,"column":74}},"76":{"start":{"line":165,"column":15},"end":{"line":165,"column":74}},"77":{"start":{"line":167,"column":4},"end":{"line":167,"column":20}},"78":{"start":{"line":168,"column":4},"end":{"line":168,"column":25}},"79":{"start":{"line":169,"column":4},"end":{"line":169,"column":22}},"80":{"start":{"line":171,"column":23},"end":{"line":176,"column":5}},"81":{"start":{"line":177,"column":4},"end":{"line":177,"column":32}},"82":{"start":{"line":179,"column":4},"end":{"line":179,"column":64}},"83":{"start":{"line":181,"column":4},"end":{"line":181,"column":38}},"84":{"start":{"line":185,"column":23},"end":{"line":212,"column":1}},"85":{"start":{"line":186,"column":20},"end":{"line":186,"column":28}},"86":{"start":{"line":187,"column":2},"end":{"line":211,"column":3}},"87":{"start":{"line":188,"column":17},"end":{"line":188,"column":46}},"88":{"start":{"line":189,"column":4},"end":{"line":189,"column":64}},"89":{"start":{"line":189,"column":15},"end":{"line":189,"column":64}},"90":{"start":{"line":191,"column":18},"end":{"line":191,"column":56}},"91":{"start":{"line":192,"column":31},"end":{"line":192,"column":86}},"92":{"start":{"line":193,"column":33},"end":{"line":193,"column":60}},"93":{"start":{"line":195,"column":4},"end":{"line":195,"column":49}},"94":{"start":{"line":196,"column":4},"end":{"line":196,"column":49}},"95":{"start":{"line":198,"column":4},"end":{"line":198,"column":22}},"96":{"start":{"line":200,"column":23},"end":{"line":205,"column":5}},"97":{"start":{"line":206,"column":4},"end":{"line":206,"column":32}},"98":{"start":{"line":208,"column":4},"end":{"line":208,"column":75}},"99":{"start":{"line":210,"column":4},"end":{"line":210,"column":38}},"100":{"start":{"line":214,"column":22},"end":{"line":250,"column":1}},"101":{"start":{"line":215,"column":20},"end":{"line":215,"column":30}},"102":{"start":{"line":216,"column":40},"end":{"line":216,"column":48}},"103":{"start":{"line":217,"column":2},"end":{"line":249,"column":3}},"104":{"start":{"line":218,"column":17},"end":{"line":223,"column":6}},"105":{"start":{"line":225,"column":4},"end":{"line":225,"column":86}},"106":{"start":{"line":225,"column":15},"end":{"line":225,"column":86}},"107":{"start":{"line":226,"column":4},"end":{"line":226,"column":93}},"108":{"start":{"line":226,"column":29},"end":{"line":226,"column":93}},"109":{"start":{"line":227,"column":4},"end":{"line":227,"column":116}},"110":{"start":{"line":227,"column":38},"end":{"line":227,"column":116}},"111":{"start":{"line":229,"column":17},"end":{"line":229,"column":19}},"112":{"start":{"line":230,"column":27},"end":{"line":230,"column":60}},"113":{"start":{"line":232,"column":4},"end":{"line":232,"column":35}},"114":{"start":{"line":233,"column":4},"end":{"line":233,"column":35}},"115":{"start":{"line":234,"column":4},"end":{"line":234,"column":33}},"116":{"start":{"line":236,"column":4},"end":{"line":236,"column":22}},"117":{"start":{"line":238,"column":23},"end":{"line":243,"column":5}},"118":{"start":{"line":244,"column":4},"end":{"line":244,"column":32}},"119":{"start":{"line":246,"column":4},"end":{"line":246,"column":68}},"120":{"start":{"line":248,"column":4},"end":{"line":248,"column":38}},"121":{"start":{"line":252,"column":19},"end":{"line":280,"column":1}},"122":{"start":{"line":253,"column":2},"end":{"line":279,"column":3}},"123":{"start":{"line":254,"column":35},"end":{"line":254,"column":43}},"124":{"start":{"line":255,"column":17},"end":{"line":257,"column":6}},"125":{"start":{"line":259,"column":4},"end":{"line":276,"column":5}},"126":{"start":{"line":260,"column":6},"end":{"line":273,"column":7}},"127":{"start":{"line":261,"column":22},"end":{"line":269,"column":9}},"128":{"start":{"line":270,"column":8},"end":{"line":270,"column":70}},"129":{"start":{"line":272,"column":8},"end":{"line":272,"column":79}},"130":{"start":{"line":275,"column":6},"end":{"line":275,"column":60}},"131":{"start":{"line":278,"column":4},"end":{"line":278,"column":43}},"132":{"start":{"line":282,"column":0},"end":{"line":291,"column":2}}},"fnMap":{"0":{"name":"(anonymous_0)","decl":{"start":{"line":13,"column":14},"end":{"line":13,"column":15}},"loc":{"start":{"line":13,"column":40},"end":{"line":62,"column":1}},"line":13},"1":{"name":"(anonymous_1)","decl":{"start":{"line":64,"column":15},"end":{"line":64,"column":16}},"loc":{"start":{"line":64,"column":41},"end":{"line":86,"column":1}},"line":64},"2":{"name":"(anonymous_2)","decl":{"start":{"line":88,"column":17},"end":{"line":88,"column":18}},"loc":{"start":{"line":88,"column":43},"end":{"line":134,"column":1}},"line":88},"3":{"name":"(anonymous_3)","decl":{"start":{"line":136,"column":21},"end":{"line":136,"column":22}},"loc":{"start":{"line":136,"column":47},"end":{"line":159,"column":1}},"line":136},"4":{"name":"(anonymous_4)","decl":{"start":{"line":161,"column":18},"end":{"line":161,"column":19}},"loc":{"start":{"line":161,"column":44},"end":{"line":183,"column":1}},"line":161},"5":{"name":"(anonymous_5)","decl":{"start":{"line":185,"column":23},"end":{"line":185,"column":24}},"loc":{"start":{"line":185,"column":49},"end":{"line":212,"column":1}},"line":185},"6":{"name":"(anonymous_6)","decl":{"start":{"line":214,"column":22},"end":{"line":214,"column":23}},"loc":{"start":{"line":214,"column":48},"end":{"line":250,"column":1}},"line":214},"7":{"name":"(anonymous_7)","decl":{"start":{"line":252,"column":19},"end":{"line":252,"column":20}},"loc":{"start":{"line":252,"column":45},"end":{"line":280,"column":1}},"line":252}},"branchMap":{"0":{"loc":{"start":{"line":26,"column":4},"end":{"line":26,"column":87}},"type":"if","locations":[{"start":{"line":26,"column":4},"end":{"line":26,"column":87}},{"start":{},"end":{}}],"line":26},"1":{"loc":{"start":{"line":29,"column":4},"end":{"line":29,"column":72}},"type":"if","locations":[{"start":{"line":29,"column":4},"end":{"line":29,"column":72}},{"start":{},"end":{}}],"line":29},"2":{"loc":{"start":{"line":67,"column":4},"end":{"line":67,"column":50}},"type":"if","locations":[{"start":{"line":67,"column":4},"end":{"line":67,"column":50}},{"start":{},"end":{}}],"line":67},"3":{"loc":{"start":{"line":73,"column":4},"end":{"line":73,"column":42}},"type":"if","locations":[{"start":{"line":73,"column":4},"end":{"line":73,"column":42}},{"start":{},"end":{}}],"line":73},"4":{"loc":{"start":{"line":95,"column":4},"end":{"line":95,"column":90}},"type":"if","locations":[{"start":{"line":95,"column":4},"end":{"line":95,"column":90}},{"start":{},"end":{}}],"line":95},"5":{"loc":{"start":{"line":97,"column":4},"end":{"line":97,"column":89}},"type":"if","locations":[{"start":{"line":97,"column":4},"end":{"line":97,"column":89}},{"start":{},"end":{}}],"line":97},"6":{"loc":{"start":{"line":99,"column":4},"end":{"line":99,"column":93}},"type":"if","locations":[{"start":{"line":99,"column":4},"end":{"line":99,"column":93}},{"start":{},"end":{}}],"line":99},"7":{"loc":{"start":{"line":165,"column":4},"end":{"line":165,"column":74}},"type":"if","locations":[{"start":{"line":165,"column":4},"end":{"line":165,"column":74}},{"start":{},"end":{}}],"line":165},"8":{"loc":{"start":{"line":189,"column":4},"end":{"line":189,"column":64}},"type":"if","locations":[{"start":{"line":189,"column":4},"end":{"line":189,"column":64}},{"start":{},"end":{}}],"line":189},"9":{"loc":{"start":{"line":225,"column":4},"end":{"line":225,"column":86}},"type":"if","locations":[{"start":{"line":225,"column":4},"end":{"line":225,"column":86}},{"start":{},"end":{}}],"line":225},"10":{"loc":{"start":{"line":226,"column":4},"end":{"line":226,"column":93}},"type":"if","locations":[{"start":{"line":226,"column":4},"end":{"line":226,"column":93}},{"start":{},"end":{}}],"line":226},"11":{"loc":{"start":{"line":227,"column":4},"end":{"line":227,"column":116}},"type":"if","locations":[{"start":{"line":227,"column":4},"end":{"line":227,"column":116}},{"start":{},"end":{}}],"line":227},"12":{"loc":{"start":{"line":259,"column":4},"end":{"line":276,"column":5}},"type":"if","locations":[{"start":{"line":259,"column":4},"end":{"line":276,"column":5}},{"start":{"line":274,"column":11},"end":{"line":276,"column":5}}],"line":259},"13":{"loc":{"start":{"line":259,"column":8},"end":{"line":259,"column":59}},"type":"binary-expr","locations":[{"start":{"line":259,"column":8},"end":{"line":259,"column":12}},{"start":{"line":259,"column":16},"end":{"line":259,"column":59}}],"line":259},"14":{"loc":{"start":{"line":260,"column":6},"end":{"line":273,"column":7}},"type":"if","locations":[{"start":{"line":260,"column":6},"end":{"line":273,"column":7}},{"start":{"line":271,"column":13},"end":{"line":273,"column":7}}],"line":260}},"s":{"0":3,"1":3,"2":3,"3":3,"4":3,"5":3,"6":3,"7":3,"8":3,"9":3,"10":3,"11":4,"12":4,"13":4,"14":4,"15":1,"16":3,"17":3,"18":1,"19":2,"20":2,"21":2,"22":2,"23":2,"24":2,"25":2,"26":2,"27":2,"28":0,"29":3,"30":0,"31":0,"32":0,"33":0,"34":0,"35":0,"36":0,"37":0,"38":0,"39":0,"40":0,"41":0,"42":3,"43":0,"44":0,"45":0,"46":0,"47":0,"48":0,"49":0,"50":0,"51":0,"52":0,"53":0,"54":0,"55":0,"56":0,"57":0,"58":0,"59":0,"60":0,"61":0,"62":3,"63":0,"64":0,"65":0,"66":0,"67":0,"68":0,"69":0,"70":0,"71":3,"72":0,"73":0,"74":0,"75":0,"76":0,"77":0,"78":0,"79":0,"80":0,"81":0,"82":0,"83":0,"84":3,"85":0,"86":0,"87":0,"88":0,"89":0,"90":0,"91":0,"92":0,"93":0,"94":0,"95":0,"96":0,"97":0,"98":0,"99":0,"100":3,"101":0,"102":0,"103":0,"104":0,"105":0,"106":0,"107":0,"108":0,"109":0,"110":0,"111":0,"112":0,"113":0,"114":0,"115":0,"116":0,"117":0,"118":0,"119":0,"120":0,"121":3,"122":0,"123":0,"124":0,"125":0,"126":0,"127":0,"128":0,"129":0,"130":0,"131":0,"132":3},"f":{"0":4,"1":0,"2":0,"3":0,"4":0,"5":0,"6":0,"7":0},"b":{"0":[1,3],"1":[1,2],"2":[0,0],"3":[0,0],"4":[0,0],"5":[0,0],"6":[0,0],"7":[0,0],"8":[0,0],"9":[0,0],"10":[0,0],"11":[0,0],"12":[0,0],"13":[0,0],"14":[0,0]},"_coverageSchema":"1a1c01bbd47fc00a2c39e90264f33305004495a9","hash":"559cf82d5bdec645abfd54bf328c02692702cf33"}
,"/home/irfiyanda/Documents/studi-independen-binar/FP-LMS/Backend/app/controllers/category.js": {"path":"/home/irfiyanda/Documents/studi-independen-binar/FP-LMS/Backend/app/controllers/category.js","statementMap":{"0":{"start":{"line":1,"column":17},"end":{"line":1,"column":46}},"1":{"start":{"line":2,"column":17},"end":{"line":2,"column":45}},"2":{"start":{"line":3,"column":23},"end":{"line":3,"column":43}},"3":{"start":{"line":5,"column":20},"end":{"line":12,"column":1}},"4":{"start":{"line":6,"column":2},"end":{"line":11,"column":3}},"5":{"start":{"line":7,"column":17},"end":{"line":7,"column":38}},"6":{"start":{"line":8,"column":4},"end":{"line":8,"column":76}},"7":{"start":{"line":10,"column":4},"end":{"line":10,"column":38}},"8":{"start":{"line":14,"column":0},"end":{"line":16,"column":2}}},"fnMap":{"0":{"name":"(anonymous_0)","decl":{"start":{"line":5,"column":20},"end":{"line":5,"column":21}},"loc":{"start":{"line":5,"column":40},"end":{"line":12,"column":1}},"line":5}},"branchMap":{},"s":{"0":3,"1":3,"2":3,"3":3,"4":2,"5":2,"6":2,"7":0,"8":3},"f":{"0":2},"b":{},"_coverageSchema":"1a1c01bbd47fc00a2c39e90264f33305004495a9","hash":"fff61e52d89d66566fb7bf8d231701a069dda759"}
,"/home/irfiyanda/Documents/studi-independen-binar/FP-LMS/Backend/app/controllers/chapter.js": {"path":"/home/irfiyanda/Documents/studi-independen-binar/FP-LMS/Backend/app/controllers/chapter.js","statementMap":{"0":{"start":{"line":1,"column":16},"end":{"line":1,"column":44}},"1":{"start":{"line":2,"column":15},"end":{"line":2,"column":42}},"2":{"start":{"line":3,"column":23},"end":{"line":3,"column":43}},"3":{"start":{"line":4,"column":17},"end":{"line":4,"column":45}},"4":{"start":{"line":6,"column":22},"end":{"line":25,"column":1}},"5":{"start":{"line":7,"column":23},"end":{"line":7,"column":32}},"6":{"start":{"line":8,"column":35},"end":{"line":8,"column":43}},"7":{"start":{"line":9,"column":2},"end":{"line":24,"column":3}},"8":{"start":{"line":10,"column":19},"end":{"line":10,"column":50}},"9":{"start":{"line":11,"column":4},"end":{"line":11,"column":68}},"10":{"start":{"line":11,"column":17},"end":{"line":11,"column":68}},"11":{"start":{"line":13,"column":23},"end":{"line":16,"column":5}},"12":{"start":{"line":17,"column":17},"end":{"line":17,"column":49}},"13":{"start":{"line":19,"column":4},"end":{"line":19,"column":81}},"14":{"start":{"line":21,"column":4},"end":{"line":21,"column":74}},"15":{"start":{"line":23,"column":4},"end":{"line":23,"column":38}},"16":{"start":{"line":27,"column":22},"end":{"line":43,"column":1}},"17":{"start":{"line":28,"column":17},"end":{"line":28,"column":27}},"18":{"start":{"line":29,"column":35},"end":{"line":29,"column":43}},"19":{"start":{"line":30,"column":2},"end":{"line":42,"column":3}},"20":{"start":{"line":31,"column":26},"end":{"line":36,"column":5}},"21":{"start":{"line":37,"column":17},"end":{"line":37,"column":82}},"22":{"start":{"line":39,"column":4},"end":{"line":39,"column":74}},"23":{"start":{"line":41,"column":4},"end":{"line":41,"column":38}},"24":{"start":{"line":45,"column":23},"end":{"line":53,"column":1}},"25":{"start":{"line":46,"column":2},"end":{"line":52,"column":3}},"26":{"start":{"line":47,"column":17},"end":{"line":47,"column":70}},"27":{"start":{"line":49,"column":4},"end":{"line":49,"column":71}},"28":{"start":{"line":51,"column":4},"end":{"line":51,"column":38}},"29":{"start":{"line":55,"column":23},"end":{"line":67,"column":1}},"30":{"start":{"line":56,"column":17},"end":{"line":56,"column":27}},"31":{"start":{"line":57,"column":2},"end":{"line":66,"column":3}},"32":{"start":{"line":58,"column":17},"end":{"line":61,"column":21}},"33":{"start":{"line":63,"column":4},"end":{"line":63,"column":71}},"34":{"start":{"line":65,"column":4},"end":{"line":65,"column":38}},"35":{"start":{"line":69,"column":0},"end":{"line":74,"column":2}}},"fnMap":{"0":{"name":"(anonymous_0)","decl":{"start":{"line":6,"column":22},"end":{"line":6,"column":23}},"loc":{"start":{"line":6,"column":48},"end":{"line":25,"column":1}},"line":6},"1":{"name":"(anonymous_1)","decl":{"start":{"line":27,"column":22},"end":{"line":27,"column":23}},"loc":{"start":{"line":27,"column":48},"end":{"line":43,"column":1}},"line":27},"2":{"name":"(anonymous_2)","decl":{"start":{"line":45,"column":23},"end":{"line":45,"column":24}},"loc":{"start":{"line":45,"column":49},"end":{"line":53,"column":1}},"line":45},"3":{"name":"(anonymous_3)","decl":{"start":{"line":55,"column":23},"end":{"line":55,"column":24}},"loc":{"start":{"line":55,"column":49},"end":{"line":67,"column":1}},"line":55}},"branchMap":{"0":{"loc":{"start":{"line":11,"column":4},"end":{"line":11,"column":68}},"type":"if","locations":[{"start":{"line":11,"column":4},"end":{"line":11,"column":68}},{"start":{},"end":{}}],"line":11}},"s":{"0":3,"1":3,"2":3,"3":3,"4":3,"5":0,"6":0,"7":0,"8":0,"9":0,"10":0,"11":0,"12":0,"13":0,"14":0,"15":0,"16":3,"17":0,"18":0,"19":0,"20":0,"21":0,"22":0,"23":0,"24":3,"25":0,"26":0,"27":0,"28":0,"29":3,"30":0,"31":0,"32":0,"33":0,"34":0,"35":3},"f":{"0":0,"1":0,"2":0,"3":0},"b":{"0":[0,0]},"_coverageSchema":"1a1c01bbd47fc00a2c39e90264f33305004495a9","hash":"d32cd4f1969cdc9bdf7e2241a8791b3b64b30413"}
,"/home/irfiyanda/Documents/studi-independen-binar/FP-LMS/Backend/app/controllers/course.js": {"path":"/home/irfiyanda/Documents/studi-independen-binar/FP-LMS/Backend/app/controllers/course.js","statementMap":{"0":{"start":{"line":1,"column":17},"end":{"line":1,"column":46}},"1":{"start":{"line":2,"column":15},"end":{"line":2,"column":42}},"2":{"start":{"line":3,"column":17},"end":{"line":3,"column":46}},"3":{"start":{"line":4,"column":17},"end":{"line":4,"column":45}},"4":{"start":{"line":5,"column":23},"end":{"line":5,"column":43}},"5":{"start":{"line":7,"column":21},"end":{"line":37,"column":1}},"6":{"start":{"line":17,"column":6},"end":{"line":17,"column":14}},"7":{"start":{"line":19,"column":2},"end":{"line":36,"column":3}},"8":{"start":{"line":20,"column":22},"end":{"line":29,"column":5}},"9":{"start":{"line":30,"column":29},"end":{"line":30,"column":62}},"10":{"start":{"line":31,"column":4},"end":{"line":31,"column":80}},"11":{"start":{"line":31,"column":25},"end":{"line":31,"column":80}},"12":{"start":{"line":32,"column":21},"end":{"line":32,"column":51}},"13":{"start":{"line":33,"column":4},"end":{"line":33,"column":77}},"14":{"start":{"line":35,"column":4},"end":{"line":35,"column":38}},"15":{"start":{"line":39,"column":21},"end":{"line":80,"column":1}},"16":{"start":{"line":40,"column":13},"end":{"line":40,"column":26}},"17":{"start":{"line":51,"column":6},"end":{"line":51,"column":14}},"18":{"start":{"line":53,"column":2},"end":{"line":79,"column":3}},"19":{"start":{"line":55,"column":4},"end":{"line":57,"column":5}},"20":{"start":{"line":56,"column":6},"end":{"line":56,"column":38}},"21":{"start":{"line":58,"column":20},"end":{"line":71,"column":5}},"22":{"start":{"line":72,"column":29},"end":{"line":72,"column":62}},"23":{"start":{"line":73,"column":4},"end":{"line":73,"column":80}},"24":{"start":{"line":73,"column":25},"end":{"line":73,"column":80}},"25":{"start":{"line":74,"column":21},"end":{"line":74,"column":79}},"26":{"start":{"line":76,"column":4},"end":{"line":76,"column":77}},"27":{"start":{"line":78,"column":4},"end":{"line":78,"column":16}},"28":{"start":{"line":82,"column":22},"end":{"line":100,"column":1}},"29":{"start":{"line":83,"column":48},"end":{"line":83,"column":57}},"30":{"start":{"line":84,"column":2},"end":{"line":99,"column":3}},"31":{"start":{"line":85,"column":19},"end":{"line":85,"column":21}},"32":{"start":{"line":86,"column":4},"end":{"line":86,"column":77}},"33":{"start":{"line":86,"column":15},"end":{"line":86,"column":77}},"34":{"start":{"line":87,"column":4},"end":{"line":87,"column":45}},"35":{"start":{"line":87,"column":18},"end":{"line":87,"column":45}},"36":{"start":{"line":88,"column":4},"end":{"line":88,"column":48}},"37":{"start":{"line":88,"column":19},"end":{"line":88,"column":48}},"38":{"start":{"line":89,"column":4},"end":{"line":89,"column":36}},"39":{"start":{"line":89,"column":15},"end":{"line":89,"column":36}},"40":{"start":{"line":90,"column":4},"end":{"line":90,"column":27}},"41":{"start":{"line":92,"column":17},"end":{"line":94,"column":39}},"42":{"start":{"line":96,"column":4},"end":{"line":96,"column":74}},"43":{"start":{"line":98,"column":4},"end":{"line":98,"column":38}},"44":{"start":{"line":102,"column":22},"end":{"line":134,"column":1}},"45":{"start":{"line":103,"column":17},"end":{"line":103,"column":27}},"46":{"start":{"line":104,"column":2},"end":{"line":133,"column":3}},"47":{"start":{"line":105,"column":21},"end":{"line":105,"column":79}},"48":{"start":{"line":106,"column":24},"end":{"line":106,"column":49}},"49":{"start":{"line":107,"column":4},"end":{"line":107,"column":20}},"50":{"start":{"line":108,"column":4},"end":{"line":108,"column":26}},"51":{"start":{"line":109,"column":4},"end":{"line":109,"column":26}},"52":{"start":{"line":110,"column":4},"end":{"line":110,"column":29}},"53":{"start":{"line":111,"column":4},"end":{"line":121,"column":5}},"54":{"start":{"line":112,"column":21},"end":{"line":119,"column":23}},"55":{"start":{"line":120,"column":6},"end":{"line":120,"column":74}},"56":{"start":{"line":122,"column":19},"end":{"line":129,"column":21}},"57":{"start":{"line":130,"column":4},"end":{"line":130,"column":72}},"58":{"start":{"line":132,"column":4},"end":{"line":132,"column":16}},"59":{"start":{"line":136,"column":21},"end":{"line":144,"column":1}},"60":{"start":{"line":137,"column":2},"end":{"line":143,"column":3}},"61":{"start":{"line":138,"column":19},"end":{"line":138,"column":29}},"62":{"start":{"line":139,"column":17},"end":{"line":139,"column":72}},"63":{"start":{"line":140,"column":4},"end":{"line":140,"column":73}},"64":{"start":{"line":142,"column":4},"end":{"line":142,"column":38}},"65":{"start":{"line":145,"column":0},"end":{"line":151,"column":2}}},"fnMap":{"0":{"name":"(anonymous_0)","decl":{"start":{"line":7,"column":21},"end":{"line":7,"column":22}},"loc":{"start":{"line":7,"column":47},"end":{"line":37,"column":1}},"line":7},"1":{"name":"(anonymous_1)","decl":{"start":{"line":39,"column":21},"end":{"line":39,"column":22}},"loc":{"start":{"line":39,"column":47},"end":{"line":80,"column":1}},"line":39},"2":{"name":"(anonymous_2)","decl":{"start":{"line":82,"column":22},"end":{"line":82,"column":23}},"loc":{"start":{"line":82,"column":48},"end":{"line":100,"column":1}},"line":82},"3":{"name":"(anonymous_3)","decl":{"start":{"line":102,"column":22},"end":{"line":102,"column":23}},"loc":{"start":{"line":102,"column":48},"end":{"line":134,"column":1}},"line":102},"4":{"name":"(anonymous_4)","decl":{"start":{"line":136,"column":21},"end":{"line":136,"column":22}},"loc":{"start":{"line":136,"column":47},"end":{"line":144,"column":1}},"line":136}},"branchMap":{"0":{"loc":{"start":{"line":31,"column":4},"end":{"line":31,"column":80}},"type":"if","locations":[{"start":{"line":31,"column":4},"end":{"line":31,"column":80}},{"start":{},"end":{}}],"line":31},"1":{"loc":{"start":{"line":55,"column":4},"end":{"line":57,"column":5}},"type":"if","locations":[{"start":{"line":55,"column":4},"end":{"line":57,"column":5}},{"start":{},"end":{}}],"line":55},"2":{"loc":{"start":{"line":73,"column":4},"end":{"line":73,"column":80}},"type":"if","locations":[{"start":{"line":73,"column":4},"end":{"line":73,"column":80}},{"start":{},"end":{}}],"line":73},"3":{"loc":{"start":{"line":86,"column":4},"end":{"line":86,"column":77}},"type":"if","locations":[{"start":{"line":86,"column":4},"end":{"line":86,"column":77}},{"start":{},"end":{}}],"line":86},"4":{"loc":{"start":{"line":87,"column":4},"end":{"line":87,"column":45}},"type":"if","locations":[{"start":{"line":87,"column":4},"end":{"line":87,"column":45}},{"start":{},"end":{}}],"line":87},"5":{"loc":{"start":{"line":88,"column":4},"end":{"line":88,"column":48}},"type":"if","locations":[{"start":{"line":88,"column":4},"end":{"line":88,"column":48}},{"start":{},"end":{}}],"line":88},"6":{"loc":{"start":{"line":89,"column":4},"end":{"line":89,"column":36}},"type":"if","locations":[{"start":{"line":89,"column":4},"end":{"line":89,"column":36}},{"start":{},"end":{}}],"line":89},"7":{"loc":{"start":{"line":111,"column":4},"end":{"line":121,"column":5}},"type":"if","locations":[{"start":{"line":111,"column":4},"end":{"line":121,"column":5}},{"start":{},"end":{}}],"line":111},"8":{"loc":{"start":{"line":111,"column":8},"end":{"line":111,"column":51}},"type":"binary-expr","locations":[{"start":{"line":111,"column":8},"end":{"line":111,"column":16}},{"start":{"line":111,"column":20},"end":{"line":111,"column":51}}],"line":111}},"s":{"0":3,"1":3,"2":3,"3":3,"4":3,"5":3,"6":2,"7":2,"8":2,"9":2,"10":2,"11":1,"12":1,"13":1,"14":0,"15":3,"16":2,"17":2,"18":2,"19":2,"20":0,"21":2,"22":2,"23":2,"24":1,"25":1,"26":1,"27":0,"28":3,"29":2,"30":2,"31":2,"32":2,"33":0,"34":2,"35":0,"36":2,"37":0,"38":2,"39":0,"40":2,"41":2,"42":2,"43":0,"44":3,"45":1,"46":1,"47":1,"48":1,"49":1,"50":1,"51":1,"52":1,"53":1,"54":0,"55":0,"56":1,"57":1,"58":0,"59":3,"60":1,"61":1,"62":1,"63":1,"64":0,"65":3},"f":{"0":2,"1":2,"2":2,"3":1,"4":1},"b":{"0":[1,1],"1":[0,2],"2":[1,1],"3":[0,2],"4":[0,2],"5":[0,2],"6":[0,2],"7":[0,1],"8":[1,1]},"_coverageSchema":"1a1c01bbd47fc00a2c39e90264f33305004495a9","hash":"6e00e8be33127fa358dff4dfbf17f0e6078a999f"}
,"/home/irfiyanda/Documents/studi-independen-binar/FP-LMS/Backend/app/controllers/errorController.js": {"path":"/home/irfiyanda/Documents/studi-independen-binar/FP-LMS/Backend/app/controllers/errorController.js","statementMap":{"0":{"start":{"line":1,"column":0},"end":{"line":11,"column":2}},"1":{"start":{"line":2,"column":2},"end":{"line":2,"column":41}},"2":{"start":{"line":3,"column":2},"end":{"line":3,"column":37}},"3":{"start":{"line":4,"column":2},"end":{"line":4,"column":28}},"4":{"start":{"line":6,"column":2},"end":{"line":10,"column":5}}},"fnMap":{"0":{"name":"(anonymous_0)","decl":{"start":{"line":1,"column":17},"end":{"line":1,"column":18}},"loc":{"start":{"line":1,"column":42},"end":{"line":11,"column":1}},"line":1}},"branchMap":{"0":{"loc":{"start":{"line":2,"column":19},"end":{"line":2,"column":40}},"type":"binary-expr","locations":[{"start":{"line":2,"column":19},"end":{"line":2,"column":33}},{"start":{"line":2,"column":37},"end":{"line":2,"column":40}}],"line":2},"1":{"loc":{"start":{"line":3,"column":15},"end":{"line":3,"column":36}},"type":"binary-expr","locations":[{"start":{"line":3,"column":15},"end":{"line":3,"column":25}},{"start":{"line":3,"column":29},"end":{"line":3,"column":36}}],"line":3}},"s":{"0":3,"1":11,"2":11,"3":11,"4":11},"f":{"0":11},"b":{"0":[11,0],"1":[11,0]},"_coverageSchema":"1a1c01bbd47fc00a2c39e90264f33305004495a9","hash":"9631c271175e84d6ace44f9e9258a390ba1ed58c"}
,"/home/irfiyanda/Documents/studi-independen-binar/FP-LMS/Backend/app/controllers/notification.js": {"path":"/home/irfiyanda/Documents/studi-independen-binar/FP-LMS/Backend/app/controllers/notification.js","statementMap":{"0":{"start":{"line":1,"column":21},"end":{"line":1,"column":54}},"1":{"start":{"line":2,"column":13},"end":{"line":2,"column":38}},"2":{"start":{"line":3,"column":17},"end":{"line":3,"column":45}},"3":{"start":{"line":4,"column":23},"end":{"line":4,"column":43}},"4":{"start":{"line":6,"column":24},"end":{"line":14,"column":1}},"5":{"start":{"line":7,"column":2},"end":{"line":13,"column":3}},"6":{"start":{"line":8,"column":18},"end":{"line":8,"column":141}},"7":{"start":{"line":10,"column":4},"end":{"line":10,"column":77}},"8":{"start":{"line":12,"column":4},"end":{"line":12,"column":38}},"9":{"start":{"line":16,"column":25},"end":{"line":24,"column":1}},"10":{"start":{"line":17,"column":2},"end":{"line":23,"column":3}},"11":{"start":{"line":18,"column":19},"end":{"line":18,"column":29}},"12":{"start":{"line":19,"column":18},"end":{"line":19,"column":165}},"13":{"start":{"line":20,"column":4},"end":{"line":20,"column":69}},"14":{"start":{"line":22,"column":4},"end":{"line":22,"column":38}},"15":{"start":{"line":26,"column":31},"end":{"line":43,"column":1}},"16":{"start":{"line":27,"column":33},"end":{"line":27,"column":41}},"17":{"start":{"line":28,"column":2},"end":{"line":42,"column":3}},"18":{"start":{"line":29,"column":18},"end":{"line":29,"column":35}},"19":{"start":{"line":31,"column":4},"end":{"line":37,"column":7}},"20":{"start":{"line":32,"column":6},"end":{"line":36,"column":9}},"21":{"start":{"line":39,"column":4},"end":{"line":39,"column":73}},"22":{"start":{"line":41,"column":4},"end":{"line":41,"column":38}},"23":{"start":{"line":45,"column":35},"end":{"line":61,"column":1}},"24":{"start":{"line":46,"column":41},"end":{"line":46,"column":49}},"25":{"start":{"line":47,"column":2},"end":{"line":60,"column":3}},"26":{"start":{"line":48,"column":17},"end":{"line":48,"column":44}},"27":{"start":{"line":49,"column":4},"end":{"line":49,"column":64}},"28":{"start":{"line":49,"column":15},"end":{"line":49,"column":64}},"29":{"start":{"line":51,"column":4},"end":{"line":55,"column":7}},"30":{"start":{"line":57,"column":4},"end":{"line":57,"column":73}},"31":{"start":{"line":59,"column":4},"end":{"line":59,"column":38}},"32":{"start":{"line":63,"column":0},"end":{"line":68,"column":2}}},"fnMap":{"0":{"name":"(anonymous_0)","decl":{"start":{"line":6,"column":24},"end":{"line":6,"column":25}},"loc":{"start":{"line":6,"column":50},"end":{"line":14,"column":1}},"line":6},"1":{"name":"(anonymous_1)","decl":{"start":{"line":16,"column":25},"end":{"line":16,"column":26}},"loc":{"start":{"line":16,"column":51},"end":{"line":24,"column":1}},"line":16},"2":{"name":"(anonymous_2)","decl":{"start":{"line":26,"column":31},"end":{"line":26,"column":32}},"loc":{"start":{"line":26,"column":57},"end":{"line":43,"column":1}},"line":26},"3":{"name":"(anonymous_3)","decl":{"start":{"line":31,"column":14},"end":{"line":31,"column":15}},"loc":{"start":{"line":31,"column":30},"end":{"line":37,"column":5}},"line":31},"4":{"name":"(anonymous_4)","decl":{"start":{"line":45,"column":35},"end":{"line":45,"column":36}},"loc":{"start":{"line":45,"column":61},"end":{"line":61,"column":1}},"line":45}},"branchMap":{"0":{"loc":{"start":{"line":49,"column":4},"end":{"line":49,"column":64}},"type":"if","locations":[{"start":{"line":49,"column":4},"end":{"line":49,"column":64}},{"start":{},"end":{}}],"line":49}},"s":{"0":3,"1":3,"2":3,"3":3,"4":3,"5":0,"6":0,"7":0,"8":0,"9":3,"10":0,"11":0,"12":0,"13":0,"14":0,"15":3,"16":0,"17":0,"18":0,"19":0,"20":0,"21":0,"22":0,"23":3,"24":0,"25":0,"26":0,"27":0,"28":0,"29":0,"30":0,"31":0,"32":3},"f":{"0":0,"1":0,"2":0,"3":0,"4":0},"b":{"0":[0,0]},"_coverageSchema":"1a1c01bbd47fc00a2c39e90264f33305004495a9","hash":"0b7c7fe8953fa61b81e74247d47316ca1b9fd6c6"}
,"/home/irfiyanda/Documents/studi-independen-binar/FP-LMS/Backend/app/controllers/payment.js": {"path":"/home/irfiyanda/Documents/studi-independen-binar/FP-LMS/Backend/app/controllers/payment.js","statementMap":{"0":{"start":{"line":1,"column":15},"end":{"line":1,"column":32}},"1":{"start":{"line":2,"column":23},"end":{"line":2,"column":49}},"2":{"start":{"line":3,"column":23},"end":{"line":3,"column":43}},"3":{"start":{"line":4,"column":17},"end":{"line":4,"column":45}},"4":{"start":{"line":5,"column":20},"end":{"line":5,"column":52}},"5":{"start":{"line":6,"column":17},"end":{"line":6,"column":46}},"6":{"start":{"line":8,"column":22},"end":{"line":47,"column":1}},"7":{"start":{"line":9,"column":2},"end":{"line":46,"column":3}},"8":{"start":{"line":10,"column":52},"end":{"line":10,"column":60}},"9":{"start":{"line":11,"column":26},"end":{"line":16,"column":6}},"10":{"start":{"line":17,"column":4},"end":{"line":17,"column":31}},"11":{"start":{"line":18,"column":17},"end":{"line":22,"column":6}},"12":{"start":{"line":24,"column":24},"end":{"line":34,"column":6}},"13":{"start":{"line":36,"column":24},"end":{"line":38,"column":5}},"14":{"start":{"line":39,"column":17},"end":{"line":42,"column":5}},"15":{"start":{"line":43,"column":4},"end":{"line":43,"column":69}},"16":{"start":{"line":45,"column":4},"end":{"line":45,"column":43}},"17":{"start":{"line":49,"column":24},"end":{"line":79,"column":1}},"18":{"start":{"line":50,"column":2},"end":{"line":78,"column":3}},"19":{"start":{"line":51,"column":101},"end":{"line":51,"column":109}},"20":{"start":{"line":52,"column":22},"end":{"line":52,"column":53}},"21":{"start":{"line":53,"column":19},"end":{"line":56,"column":20}},"22":{"start":{"line":57,"column":4},"end":{"line":74,"column":5}},"23":{"start":{"line":58,"column":6},"end":{"line":73,"column":7}},"24":{"start":{"line":59,"column":24},"end":{"line":59,"column":68}},"25":{"start":{"line":60,"column":8},"end":{"line":60,"column":78}},"26":{"start":{"line":60,"column":22},"end":{"line":60,"column":78}},"27":{"start":{"line":61,"column":8},"end":{"line":61,"column":32}},"28":{"start":{"line":62,"column":8},"end":{"line":62,"column":43}},"29":{"start":{"line":63,"column":8},"end":{"line":63,"column":29}},"30":{"start":{"line":64,"column":8},"end":{"line":72,"column":9}},"31":{"start":{"line":65,"column":10},"end":{"line":68,"column":12}},"32":{"start":{"line":69,"column":10},"end":{"line":69,"column":72}},"33":{"start":{"line":70,"column":10},"end":{"line":70,"column":30}},"34":{"start":{"line":71,"column":10},"end":{"line":71,"column":79}},"35":{"start":{"line":75,"column":4},"end":{"line":75,"column":44}},"36":{"start":{"line":77,"column":4},"end":{"line":77,"column":43}},"37":{"start":{"line":81,"column":0},"end":{"line":84,"column":2}}},"fnMap":{"0":{"name":"(anonymous_0)","decl":{"start":{"line":8,"column":22},"end":{"line":8,"column":23}},"loc":{"start":{"line":8,"column":48},"end":{"line":47,"column":1}},"line":8},"1":{"name":"(anonymous_1)","decl":{"start":{"line":49,"column":24},"end":{"line":49,"column":25}},"loc":{"start":{"line":49,"column":50},"end":{"line":79,"column":1}},"line":49}},"branchMap":{"0":{"loc":{"start":{"line":57,"column":4},"end":{"line":74,"column":5}},"type":"if","locations":[{"start":{"line":57,"column":4},"end":{"line":74,"column":5}},{"start":{},"end":{}}],"line":57},"1":{"loc":{"start":{"line":58,"column":6},"end":{"line":73,"column":7}},"type":"if","locations":[{"start":{"line":58,"column":6},"end":{"line":73,"column":7}},{"start":{},"end":{}}],"line":58},"2":{"loc":{"start":{"line":58,"column":10},"end":{"line":58,"column":81}},"type":"binary-expr","locations":[{"start":{"line":58,"column":10},"end":{"line":58,"column":45}},{"start":{"line":58,"column":49},"end":{"line":58,"column":81}}],"line":58},"3":{"loc":{"start":{"line":60,"column":8},"end":{"line":60,"column":78}},"type":"if","locations":[{"start":{"line":60,"column":8},"end":{"line":60,"column":78}},{"start":{},"end":{}}],"line":60},"4":{"loc":{"start":{"line":64,"column":8},"end":{"line":72,"column":9}},"type":"if","locations":[{"start":{"line":64,"column":8},"end":{"line":72,"column":9}},{"start":{},"end":{}}],"line":64}},"s":{"0":3,"1":3,"2":3,"3":3,"4":3,"5":3,"6":3,"7":0,"8":0,"9":0,"10":0,"11":0,"12":0,"13":0,"14":0,"15":0,"16":0,"17":3,"18":0,"19":0,"20":0,"21":0,"22":0,"23":0,"24":0,"25":0,"26":0,"27":0,"28":0,"29":0,"30":0,"31":0,"32":0,"33":0,"34":0,"35":0,"36":0,"37":3},"f":{"0":0,"1":0},"b":{"0":[0,0],"1":[0,0],"2":[0,0],"3":[0,0],"4":[0,0]},"_coverageSchema":"1a1c01bbd47fc00a2c39e90264f33305004495a9","hash":"ca73a617a7921deab4792c03089462c342996c4e"}
,"/home/irfiyanda/Documents/studi-independen-binar/FP-LMS/Backend/app/controllers/resBase.js": {"path":"/home/irfiyanda/Documents/studi-independen-binar/FP-LMS/Backend/app/controllers/resBase.js","statementMap":{"0":{"start":{"line":1,"column":19},"end":{"line":7,"column":1}},"1":{"start":{"line":2,"column":4},"end":{"line":6,"column":5}},"2":{"start":{"line":9,"column":0},"end":{"line":11,"column":1}}},"fnMap":{"0":{"name":"(anonymous_0)","decl":{"start":{"line":1,"column":19},"end":{"line":1,"column":20}},"loc":{"start":{"line":1,"column":38},"end":{"line":7,"column":1}},"line":1}},"branchMap":{},"s":{"0":3,"1":10,"2":3},"f":{"0":10},"b":{},"_coverageSchema":"1a1c01bbd47fc00a2c39e90264f33305004495a9","hash":"b1d64a8fd4aa88016d437d3bba8e52e4e4ea311d"}
,"/home/irfiyanda/Documents/studi-independen-binar/FP-LMS/Backend/app/controllers/user.js": {"path":"/home/irfiyanda/Documents/studi-independen-binar/FP-LMS/Backend/app/controllers/user.js","statementMap":{"0":{"start":{"line":1,"column":14},"end":{"line":1,"column":39}},"1":{"start":{"line":2,"column":23},"end":{"line":2,"column":43}},"2":{"start":{"line":3,"column":17},"end":{"line":3,"column":45}},"3":{"start":{"line":4,"column":15},"end":{"line":4,"column":34}},"4":{"start":{"line":5,"column":21},"end":{"line":5,"column":54}},"5":{"start":{"line":7,"column":20},"end":{"line":14,"column":1}},"6":{"start":{"line":8,"column":2},"end":{"line":13,"column":3}},"7":{"start":{"line":9,"column":18},"end":{"line":9,"column":98}},"8":{"start":{"line":10,"column":4},"end":{"line":10,"column":78}},"9":{"start":{"line":12,"column":4},"end":{"line":12,"column":38}},"10":{"start":{"line":16,"column":20},"end":{"line":25,"column":1}},"11":{"start":{"line":17,"column":2},"end":{"line":24,"column":3}},"12":{"start":{"line":18,"column":19},"end":{"line":18,"column":29}},"13":{"start":{"line":19,"column":17},"end":{"line":19,"column":103}},"14":{"start":{"line":21,"column":4},"end":{"line":21,"column":74}},"15":{"start":{"line":23,"column":4},"end":{"line":23,"column":38}},"16":{"start":{"line":27,"column":19},"end":{"line":54,"column":1}},"17":{"start":{"line":28,"column":2},"end":{"line":53,"column":3}},"18":{"start":{"line":29,"column":19},"end":{"line":29,"column":29}},"19":{"start":{"line":30,"column":50},"end":{"line":30,"column":58}},"20":{"start":{"line":31,"column":19},"end":{"line":31,"column":40}},"21":{"start":{"line":32,"column":4},"end":{"line":34,"column":5}},"22":{"start":{"line":33,"column":6},"end":{"line":33,"column":37}},"23":{"start":{"line":36,"column":20},"end":{"line":43,"column":5}},"24":{"start":{"line":45,"column":17},"end":{"line":47,"column":68}},"25":{"start":{"line":49,"column":4},"end":{"line":49,"column":65}},"26":{"start":{"line":51,"column":4},"end":{"line":51,"column":25}},"27":{"start":{"line":52,"column":4},"end":{"line":52,"column":38}},"28":{"start":{"line":56,"column":23},"end":{"line":92,"column":1}},"29":{"start":{"line":57,"column":2},"end":{"line":91,"column":3}},"30":{"start":{"line":58,"column":19},"end":{"line":58,"column":29}},"31":{"start":{"line":59,"column":58},"end":{"line":59,"column":66}},"32":{"start":{"line":60,"column":17},"end":{"line":60,"column":41}},"33":{"start":{"line":62,"column":4},"end":{"line":64,"column":5}},"34":{"start":{"line":63,"column":6},"end":{"line":63,"column":72}},"35":{"start":{"line":66,"column":4},"end":{"line":68,"column":5}},"36":{"start":{"line":67,"column":6},"end":{"line":67,"column":94}},"37":{"start":{"line":70,"column":4},"end":{"line":72,"column":5}},"38":{"start":{"line":71,"column":6},"end":{"line":71,"column":81}},"39":{"start":{"line":74,"column":27},"end":{"line":74,"column":59}},"40":{"start":{"line":75,"column":4},"end":{"line":75,"column":35}},"41":{"start":{"line":76,"column":4},"end":{"line":76,"column":22}},"42":{"start":{"line":78,"column":29},"end":{"line":82,"column":5}},"43":{"start":{"line":84,"column":28},"end":{"line":84,"column":62}},"44":{"start":{"line":86,"column":4},"end":{"line":86,"column":33}},"45":{"start":{"line":88,"column":4},"end":{"line":88,"column":70}},"46":{"start":{"line":90,"column":4},"end":{"line":90,"column":38}},"47":{"start":{"line":94,"column":0},"end":{"line":99,"column":2}}},"fnMap":{"0":{"name":"(anonymous_0)","decl":{"start":{"line":7,"column":20},"end":{"line":7,"column":21}},"loc":{"start":{"line":7,"column":46},"end":{"line":14,"column":1}},"line":7},"1":{"name":"(anonymous_1)","decl":{"start":{"line":16,"column":20},"end":{"line":16,"column":21}},"loc":{"start":{"line":16,"column":46},"end":{"line":25,"column":1}},"line":16},"2":{"name":"(anonymous_2)","decl":{"start":{"line":27,"column":19},"end":{"line":27,"column":20}},"loc":{"start":{"line":27,"column":45},"end":{"line":54,"column":1}},"line":27},"3":{"name":"(anonymous_3)","decl":{"start":{"line":56,"column":23},"end":{"line":56,"column":24}},"loc":{"start":{"line":56,"column":49},"end":{"line":92,"column":1}},"line":56}},"branchMap":{"0":{"loc":{"start":{"line":32,"column":4},"end":{"line":34,"column":5}},"type":"if","locations":[{"start":{"line":32,"column":4},"end":{"line":34,"column":5}},{"start":{},"end":{}}],"line":32},"1":{"loc":{"start":{"line":62,"column":4},"end":{"line":64,"column":5}},"type":"if","locations":[{"start":{"line":62,"column":4},"end":{"line":64,"column":5}},{"start":{},"end":{}}],"line":62},"2":{"loc":{"start":{"line":66,"column":4},"end":{"line":68,"column":5}},"type":"if","locations":[{"start":{"line":66,"column":4},"end":{"line":68,"column":5}},{"start":{},"end":{}}],"line":66},"3":{"loc":{"start":{"line":70,"column":4},"end":{"line":72,"column":5}},"type":"if","locations":[{"start":{"line":70,"column":4},"end":{"line":72,"column":5}},{"start":{},"end":{}}],"line":70}},"s":{"0":3,"1":3,"2":3,"3":3,"4":3,"5":3,"6":0,"7":0,"8":0,"9":0,"10":3,"11":0,"12":0,"13":0,"14":0,"15":0,"16":3,"17":0,"18":0,"19":0,"20":0,"21":0,"22":0,"23":0,"24":0,"25":0,"26":0,"27":0,"28":3,"29":0,"30":0,"31":0,"32":0,"33":0,"34":0,"35":0,"36":0,"37":0,"38":0,"39":0,"40":0,"41":0,"42":0,"43":0,"44":0,"45":0,"46":0,"47":3},"f":{"0":0,"1":0,"2":0,"3":0},"b":{"0":[0,0],"1":[0,0],"2":[0,0],"3":[0,0]},"_coverageSchema":"1a1c01bbd47fc00a2c39e90264f33305004495a9","hash":"0858f5fd4e2180aa481fd84ba33233c63bcc36b1"}
,"/home/irfiyanda/Documents/studi-independen-binar/FP-LMS/Backend/app/controllers/video.js": {"path":"/home/irfiyanda/Documents/studi-independen-binar/FP-LMS/Backend/app/controllers/video.js","statementMap":{"0":{"start":{"line":1,"column":16},"end":{"line":1,"column":44}},"1":{"start":{"line":2,"column":17},"end":{"line":2,"column":45}},"2":{"start":{"line":3,"column":23},"end":{"line":3,"column":43}},"3":{"start":{"line":5,"column":20},"end":{"line":29,"column":1}},"4":{"start":{"line":6,"column":24},"end":{"line":6,"column":33}},"5":{"start":{"line":7,"column":40},"end":{"line":7,"column":48}},"6":{"start":{"line":8,"column":2},"end":{"line":28,"column":3}},"7":{"start":{"line":9,"column":20},"end":{"line":9,"column":53}},"8":{"start":{"line":10,"column":4},"end":{"line":10,"column":70}},"9":{"start":{"line":10,"column":18},"end":{"line":10,"column":70}},"10":{"start":{"line":12,"column":21},"end":{"line":16,"column":5}},"11":{"start":{"line":17,"column":17},"end":{"line":23,"column":5}},"12":{"start":{"line":25,"column":4},"end":{"line":25,"column":72}},"13":{"start":{"line":27,"column":4},"end":{"line":27,"column":38}},"14":{"start":{"line":31,"column":20},"end":{"line":40,"column":1}},"15":{"start":{"line":32,"column":2},"end":{"line":39,"column":3}},"16":{"start":{"line":33,"column":26},"end":{"line":33,"column":35}},"17":{"start":{"line":34,"column":20},"end":{"line":34,"column":33}},"18":{"start":{"line":35,"column":4},"end":{"line":35,"column":89}},"19":{"start":{"line":36,"column":4},"end":{"line":36,"column":72}},"20":{"start":{"line":38,"column":4},"end":{"line":38,"column":38}},"21":{"start":{"line":42,"column":20},"end":{"line":61,"column":1}},"22":{"start":{"line":43,"column":2},"end":{"line":60,"column":3}},"23":{"start":{"line":44,"column":26},"end":{"line":44,"column":35}},"24":{"start":{"line":45,"column":20},"end":{"line":45,"column":33}},"25":{"start":{"line":46,"column":42},"end":{"line":46,"column":50}},"26":{"start":{"line":47,"column":21},"end":{"line":51,"column":5}},"27":{"start":{"line":52,"column":17},"end":{"line":52,"column":211}},"28":{"start":{"line":53,"column":4},"end":{"line":55,"column":5}},"29":{"start":{"line":54,"column":6},"end":{"line":54,"column":73}},"30":{"start":{"line":56,"column":20},"end":{"line":56,"column":53}},"31":{"start":{"line":57,"column":4},"end":{"line":57,"column":75}},"32":{"start":{"line":59,"column":4},"end":{"line":59,"column":38}},"33":{"start":{"line":63,"column":0},"end":{"line":67,"column":2}}},"fnMap":{"0":{"name":"(anonymous_0)","decl":{"start":{"line":5,"column":20},"end":{"line":5,"column":21}},"loc":{"start":{"line":5,"column":46},"end":{"line":29,"column":1}},"line":5},"1":{"name":"(anonymous_1)","decl":{"start":{"line":31,"column":20},"end":{"line":31,"column":21}},"loc":{"start":{"line":31,"column":46},"end":{"line":40,"column":1}},"line":31},"2":{"name":"(anonymous_2)","decl":{"start":{"line":42,"column":20},"end":{"line":42,"column":21}},"loc":{"start":{"line":42,"column":46},"end":{"line":61,"column":1}},"line":42}},"branchMap":{"0":{"loc":{"start":{"line":10,"column":4},"end":{"line":10,"column":70}},"type":"if","locations":[{"start":{"line":10,"column":4},"end":{"line":10,"column":70}},{"start":{},"end":{}}],"line":10},"1":{"loc":{"start":{"line":53,"column":4},"end":{"line":55,"column":5}},"type":"if","locations":[{"start":{"line":53,"column":4},"end":{"line":55,"column":5}},{"start":{},"end":{}}],"line":53}},"s":{"0":3,"1":3,"2":3,"3":3,"4":0,"5":0,"6":0,"7":0,"8":0,"9":0,"10":0,"11":0,"12":0,"13":0,"14":3,"15":0,"16":0,"17":0,"18":0,"19":0,"20":0,"21":3,"22":0,"23":0,"24":0,"25":0,"26":0,"27":0,"28":0,"29":0,"30":0,"31":0,"32":0,"33":3},"f":{"0":0,"1":0,"2":0},"b":{"0":[0,0],"1":[0,0]},"_coverageSchema":"1a1c01bbd47fc00a2c39e90264f33305004495a9","hash":"3a4521ae9a92e4f3df6928e8cba25c05d623b606"}
,"/home/irfiyanda/Documents/studi-independen-binar/FP-LMS/Backend/app/data/emailMessage.js": {"path":"/home/irfiyanda/Documents/studi-independen-binar/FP-LMS/Backend/app/data/emailMessage.js","statementMap":{"0":{"start":{"line":1,"column":27},"end":{"line":38,"column":1}},"1":{"start":{"line":2,"column":2},"end":{"line":37,"column":2}},"2":{"start":{"line":40,"column":30},"end":{"line":79,"column":1}},"3":{"start":{"line":41,"column":2},"end":{"line":78,"column":6}},"4":{"start":{"line":81,"column":32},"end":{"line":118,"column":1}},"5":{"start":{"line":82,"column":2},"end":{"line":117,"column":6}},"6":{"start":{"line":120,"column":29},"end":{"line":157,"column":1}},"7":{"start":{"line":121,"column":2},"end":{"line":156,"column":6}},"8":{"start":{"line":159,"column":0},"end":{"line":164,"column":2}}},"fnMap":{"0":{"name":"(anonymous_0)","decl":{"start":{"line":1,"column":27},"end":{"line":1,"column":28}},"loc":{"start":{"line":1,"column":36},"end":{"line":38,"column":1}},"line":1},"1":{"name":"(anonymous_1)","decl":{"start":{"line":40,"column":30},"end":{"line":40,"column":31}},"loc":{"start":{"line":40,"column":54},"end":{"line":79,"column":1}},"line":40},"2":{"name":"(anonymous_2)","decl":{"start":{"line":81,"column":32},"end":{"line":81,"column":33}},"loc":{"start":{"line":81,"column":38},"end":{"line":118,"column":1}},"line":81},"3":{"name":"(anonymous_3)","decl":{"start":{"line":120,"column":29},"end":{"line":120,"column":30}},"loc":{"start":{"line":120,"column":35},"end":{"line":157,"column":1}},"line":120}},"branchMap":{},"s":{"0":3,"1":0,"2":3,"3":0,"4":3,"5":0,"6":3,"7":0,"8":3},"f":{"0":0,"1":0,"2":0,"3":0},"b":{},"_coverageSchema":"1a1c01bbd47fc00a2c39e90264f33305004495a9","hash":"0079bc87bffcef02a15791d5f83d02420e12f866"}
,"/home/irfiyanda/Documents/studi-independen-binar/FP-LMS/Backend/app/helpers/nodemailer.js": {"path":"/home/irfiyanda/Documents/studi-independen-binar/FP-LMS/Backend/app/helpers/nodemailer.js","statementMap":{"0":{"start":{"line":1,"column":19},"end":{"line":1,"column":40}},"1":{"start":{"line":3,"column":18},"end":{"line":24,"column":1}},"2":{"start":{"line":4,"column":20},"end":{"line":12,"column":4}},"3":{"start":{"line":14,"column":13},"end":{"line":20,"column":4}},"4":{"start":{"line":22,"column":2},"end":{"line":22,"column":50}},"5":{"start":{"line":23,"column":2},"end":{"line":23,"column":69}},"6":{"start":{"line":26,"column":0},"end":{"line":26,"column":27}}},"fnMap":{"0":{"name":"(anonymous_0)","decl":{"start":{"line":3,"column":18},"end":{"line":3,"column":19}},"loc":{"start":{"line":3,"column":34},"end":{"line":24,"column":1}},"line":3}},"branchMap":{},"s":{"0":3,"1":3,"2":0,"3":0,"4":0,"5":0,"6":3},"f":{"0":0},"b":{},"_coverageSchema":"1a1c01bbd47fc00a2c39e90264f33305004495a9","hash":"4eb8ab23f32183df9dd6a133cb7793c573d86ccc"}
,"/home/irfiyanda/Documents/studi-independen-binar/FP-LMS/Backend/app/helpers/otpGenerator.js": {"path":"/home/irfiyanda/Documents/studi-independen-binar/FP-LMS/Backend/app/helpers/otpGenerator.js","statementMap":{"0":{"start":{"line":2,"column":14},"end":{"line":2,"column":57}},"1":{"start":{"line":3,"column":2},"end":{"line":3,"column":13}},"2":{"start":{"line":6,"column":0},"end":{"line":6,"column":29}}},"fnMap":{"0":{"name":"generateOTP","decl":{"start":{"line":1,"column":9},"end":{"line":1,"column":20}},"loc":{"start":{"line":1,"column":23},"end":{"line":4,"column":1}},"line":1}},"branchMap":{},"s":{"0":0,"1":0,"2":3},"f":{"0":0},"b":{},"_coverageSchema":"1a1c01bbd47fc00a2c39e90264f33305004495a9","hash":"854fee8cda3160e90db9969b0a0cd2fb4b78bd07"}
,"/home/irfiyanda/Documents/studi-independen-binar/FP-LMS/Backend/app/helpers/uploadImage.js": {"path":"/home/irfiyanda/Documents/studi-independen-binar/FP-LMS/Backend/app/helpers/uploadImage.js","statementMap":{"0":{"start":{"line":1,"column":17},"end":{"line":1,"column":37}},"1":{"start":{"line":2,"column":11},"end":{"line":2,"column":24}},"2":{"start":{"line":3,"column":17},"end":{"line":3,"column":36}},"3":{"start":{"line":4,"column":17},"end":{"line":4,"column":45}},"4":{"start":{"line":6,"column":17},"end":{"line":10,"column":2}},"5":{"start":{"line":12,"column":20},"end":{"line":28,"column":1}},"6":{"start":{"line":13,"column":2},"end":{"line":27,"column":3}},"7":{"start":{"line":14,"column":17},"end":{"line":14,"column":25}},"8":{"start":{"line":16,"column":4},"end":{"line":24,"column":6}},"9":{"start":{"line":20,"column":6},"end":{"line":20,"column":28}},"10":{"start":{"line":21,"column":6},"end":{"line":21,"column":12}},"11":{"start":{"line":23,"column":8},"end":{"line":23,"column":40}},"12":{"start":{"line":26,"column":4},"end":{"line":26,"column":10}},"13":{"start":{"line":30,"column":0},"end":{"line":30,"column":28}}},"fnMap":{"0":{"name":"(anonymous_0)","decl":{"start":{"line":12,"column":20},"end":{"line":12,"column":21}},"loc":{"start":{"line":12,"column":45},"end":{"line":28,"column":1}},"line":12},"1":{"name":"(anonymous_1)","decl":{"start":{"line":19,"column":12},"end":{"line":19,"column":13}},"loc":{"start":{"line":19,"column":20},"end":{"line":22,"column":5}},"line":19},"2":{"name":"(anonymous_2)","decl":{"start":{"line":22,"column":13},"end":{"line":22,"column":14}},"loc":{"start":{"line":22,"column":20},"end":{"line":24,"column":5}},"line":22}},"branchMap":{"0":{"loc":{"start":{"line":13,"column":2},"end":{"line":27,"column":3}},"type":"if","locations":[{"start":{"line":13,"column":2},"end":{"line":27,"column":3}},{"start":{"line":25,"column":9},"end":{"line":27,"column":3}}],"line":13}},"s":{"0":3,"1":3,"2":3,"3":3,"4":3,"5":3,"6":2,"7":0,"8":0,"9":0,"10":0,"11":0,"12":2,"13":3},"f":{"0":2,"1":0,"2":0},"b":{"0":[0,2]},"_coverageSchema":"1a1c01bbd47fc00a2c39e90264f33305004495a9","hash":"00e578c780930d9519300a555d57d890a869f6b9"}
,"/home/irfiyanda/Documents/studi-independen-binar/FP-LMS/Backend/app/middleware/authenticate.js": {"path":"/home/irfiyanda/Documents/studi-independen-binar/FP-LMS/Backend/app/middleware/authenticate.js","statementMap":{"0":{"start":{"line":1,"column":12},"end":{"line":1,"column":35}},"1":{"start":{"line":2,"column":14},"end":{"line":2,"column":39}},"2":{"start":{"line":3,"column":17},"end":{"line":3,"column":45}},"3":{"start":{"line":5,"column":0},"end":{"line":20,"column":2}},"4":{"start":{"line":6,"column":2},"end":{"line":19,"column":3}},"5":{"start":{"line":7,"column":24},"end":{"line":7,"column":49}},"6":{"start":{"line":9,"column":4},"end":{"line":11,"column":5}},"7":{"start":{"line":10,"column":6},"end":{"line":10,"column":96}},"8":{"start":{"line":12,"column":18},"end":{"line":12,"column":49}},"9":{"start":{"line":13,"column":20},"end":{"line":13,"column":61}},"10":{"start":{"line":14,"column":17},"end":{"line":14,"column":50}},"11":{"start":{"line":15,"column":4},"end":{"line":15,"column":20}},"12":{"start":{"line":16,"column":4},"end":{"line":16,"column":11}},"13":{"start":{"line":18,"column":4},"end":{"line":18,"column":41}}},"fnMap":{"0":{"name":"(anonymous_0)","decl":{"start":{"line":5,"column":17},"end":{"line":5,"column":18}},"loc":{"start":{"line":5,"column":43},"end":{"line":20,"column":1}},"line":5}},"branchMap":{"0":{"loc":{"start":{"line":9,"column":4},"end":{"line":11,"column":5}},"type":"if","locations":[{"start":{"line":9,"column":4},"end":{"line":11,"column":5}},{"start":{},"end":{}}],"line":9}},"s":{"0":3,"1":3,"2":3,"3":3,"4":13,"5":13,"6":13,"7":4,"8":9,"9":9,"10":9,"11":9,"12":9,"13":0},"f":{"0":13},"b":{"0":[4,9]},"_coverageSchema":"1a1c01bbd47fc00a2c39e90264f33305004495a9","hash":"e2d05e6b37737015dbc96ed3db17d4a352b36a3e"}
,"/home/irfiyanda/Documents/studi-independen-binar/FP-LMS/Backend/app/middleware/validation.js": {"path":"/home/irfiyanda/Documents/studi-independen-binar/FP-LMS/Backend/app/middleware/validation.js","statementMap":{"0":{"start":{"line":1,"column":17},"end":{"line":1,"column":36}},"1":{"start":{"line":2,"column":17},"end":{"line":2,"column":45}},"2":{"start":{"line":4,"column":27},"end":{"line":14,"column":1}},"3":{"start":{"line":5,"column":2},"end":{"line":13,"column":3}},"4":{"start":{"line":6,"column":21},"end":{"line":6,"column":61}},"5":{"start":{"line":7,"column":4},"end":{"line":9,"column":5}},"6":{"start":{"line":8,"column":6},"end":{"line":8,"column":59}},"7":{"start":{"line":10,"column":4},"end":{"line":10,"column":11}},"8":{"start":{"line":12,"column":4},"end":{"line":12,"column":82}},"9":{"start":{"line":16,"column":21},"end":{"line":24,"column":1}},"10":{"start":{"line":17,"column":2},"end":{"line":23,"column":4}},"11":{"start":{"line":18,"column":19},"end":{"line":18,"column":29}},"12":{"start":{"line":19,"column":4},"end":{"line":21,"column":5}},"13":{"start":{"line":20,"column":6},"end":{"line":20,"column":56}},"14":{"start":{"line":22,"column":4},"end":{"line":22,"column":40}},"15":{"start":{"line":26,"column":0},"end":{"line":26,"column":30}}},"fnMap":{"0":{"name":"(anonymous_0)","decl":{"start":{"line":4,"column":27},"end":{"line":4,"column":28}},"loc":{"start":{"line":4,"column":54},"end":{"line":14,"column":1}},"line":4},"1":{"name":"(anonymous_1)","decl":{"start":{"line":16,"column":21},"end":{"line":16,"column":22}},"loc":{"start":{"line":16,"column":32},"end":{"line":24,"column":1}},"line":16},"2":{"name":"(anonymous_2)","decl":{"start":{"line":17,"column":9},"end":{"line":17,"column":10}},"loc":{"start":{"line":17,"column":35},"end":{"line":23,"column":3}},"line":17}},"branchMap":{"0":{"loc":{"start":{"line":7,"column":4},"end":{"line":9,"column":5}},"type":"if","locations":[{"start":{"line":7,"column":4},"end":{"line":9,"column":5}},{"start":{},"end":{}}],"line":7},"1":{"loc":{"start":{"line":19,"column":4},"end":{"line":21,"column":5}},"type":"if","locations":[{"start":{"line":19,"column":4},"end":{"line":21,"column":5}},{"start":{},"end":{}}],"line":19}},"s":{"0":3,"1":3,"2":3,"3":7,"4":7,"5":7,"6":3,"7":4,"8":0,"9":3,"10":27,"11":7,"12":7,"13":0,"14":7,"15":3},"f":{"0":7,"1":27,"2":7},"b":{"0":[3,4],"1":[0,7]},"_coverageSchema":"1a1c01bbd47fc00a2c39e90264f33305004495a9","hash":"5c7aa60db354e6dfacdad9c98ec1e0e1147035ce"}
,"/home/irfiyanda/Documents/studi-independen-binar/FP-LMS/Backend/app/models/baseSchema.js": {"path":"/home/irfiyanda/Documents/studi-independen-binar/FP-LMS/Backend/app/models/baseSchema.js","statementMap":{"0":{"start":{"line":1,"column":17},"end":{"line":1,"column":36}},"1":{"start":{"line":2,"column":15},"end":{"line":2,"column":41}},"2":{"start":{"line":6,"column":27},"end":{"line":28,"column":9}},"3":{"start":{"line":9,"column":31},"end":{"line":9,"column":72}},"4":{"start":{"line":30,"column":29},"end":{"line":30,"column":66}},"5":{"start":{"line":32,"column":8},"end":{"line":32,"column":35}},"6":{"start":{"line":36,"column":0},"end":{"line":36,"column":27}}},"fnMap":{"0":{"name":"(anonymous_0)","decl":{"start":{"line":5,"column":4},"end":{"line":5,"column":5}},"loc":{"start":{"line":5,"column":32},"end":{"line":33,"column":5}},"line":5},"1":{"name":"(anonymous_1)","decl":{"start":{"line":9,"column":25},"end":{"line":9,"column":26}},"loc":{"start":{"line":9,"column":31},"end":{"line":9,"column":72}},"line":9}},"branchMap":{},"s":{"0":3,"1":3,"2":21,"3":3,"4":21,"5":21,"6":3},"f":{"0":21,"1":3},"b":{},"_coverageSchema":"1a1c01bbd47fc00a2c39e90264f33305004495a9","hash":"79dafa67afe2ccb4fc4d5594629ef7fe31c2c373"}
,"/home/irfiyanda/Documents/studi-independen-binar/FP-LMS/Backend/app/models/category.js": {"path":"/home/irfiyanda/Documents/studi-independen-binar/FP-LMS/Backend/app/models/category.js","statementMap":{"0":{"start":{"line":1,"column":17},"end":{"line":1,"column":36}},"1":{"start":{"line":2,"column":19},"end":{"line":2,"column":42}},"2":{"start":{"line":4,"column":23},"end":{"line":12,"column":2}},"3":{"start":{"line":14,"column":17},"end":{"line":14,"column":59}},"4":{"start":{"line":16,"column":0},"end":{"line":16,"column":26}}},"fnMap":{},"branchMap":{},"s":{"0":3,"1":3,"2":3,"3":3,"4":3},"f":{},"b":{},"_coverageSchema":"1a1c01bbd47fc00a2c39e90264f33305004495a9","hash":"e74b1fd26a380cd001c2dfc9e569616c6efa6cd8"}
,"/home/irfiyanda/Documents/studi-independen-binar/FP-LMS/Backend/app/models/chapter.js": {"path":"/home/irfiyanda/Documents/studi-independen-binar/FP-LMS/Backend/app/models/chapter.js","statementMap":{"0":{"start":{"line":1,"column":17},"end":{"line":1,"column":36}},"1":{"start":{"line":2,"column":19},"end":{"line":2,"column":42}},"2":{"start":{"line":4,"column":22},"end":{"line":28,"column":2}},"3":{"start":{"line":30,"column":16},"end":{"line":30,"column":56}},"4":{"start":{"line":32,"column":0},"end":{"line":32,"column":25}}},"fnMap":{},"branchMap":{},"s":{"0":3,"1":3,"2":3,"3":3,"4":3},"f":{},"b":{},"_coverageSchema":"1a1c01bbd47fc00a2c39e90264f33305004495a9","hash":"ad19b1e09d95786084b5d418e2791126e3e6655a"}
,"/home/irfiyanda/Documents/studi-independen-binar/FP-LMS/Backend/app/models/course.js": {"path":"/home/irfiyanda/Documents/studi-independen-binar/FP-LMS/Backend/app/models/course.js","statementMap":{"0":{"start":{"line":1,"column":17},"end":{"line":1,"column":36}},"1":{"start":{"line":2,"column":19},"end":{"line":2,"column":42}},"2":{"start":{"line":4,"column":21},"end":{"line":58,"column":2}},"3":{"start":{"line":60,"column":15},"end":{"line":60,"column":53}},"4":{"start":{"line":62,"column":0},"end":{"line":62,"column":24}}},"fnMap":{},"branchMap":{},"s":{"0":3,"1":3,"2":3,"3":3,"4":3},"f":{},"b":{},"_coverageSchema":"1a1c01bbd47fc00a2c39e90264f33305004495a9","hash":"a8595c1b735600c8ec9570254d605f19a0fda513"}
,"/home/irfiyanda/Documents/studi-independen-binar/FP-LMS/Backend/app/models/notification.js": {"path":"/home/irfiyanda/Documents/studi-independen-binar/FP-LMS/Backend/app/models/notification.js","statementMap":{"0":{"start":{"line":1,"column":17},"end":{"line":1,"column":36}},"1":{"start":{"line":2,"column":19},"end":{"line":2,"column":42}},"2":{"start":{"line":4,"column":27},"end":{"line":22,"column":2}},"3":{"start":{"line":24,"column":21},"end":{"line":24,"column":71}},"4":{"start":{"line":26,"column":0},"end":{"line":26,"column":30}}},"fnMap":{},"branchMap":{},"s":{"0":3,"1":3,"2":3,"3":3,"4":3},"f":{},"b":{},"_coverageSchema":"1a1c01bbd47fc00a2c39e90264f33305004495a9","hash":"5371ec29f2b7475a80f204161b4994ad53d99fd7"}
,"/home/irfiyanda/Documents/studi-independen-binar/FP-LMS/Backend/app/models/purchase.js": {"path":"/home/irfiyanda/Documents/studi-independen-binar/FP-LMS/Backend/app/models/purchase.js","statementMap":{"0":{"start":{"line":1,"column":17},"end":{"line":1,"column":36}},"1":{"start":{"line":2,"column":19},"end":{"line":2,"column":42}},"2":{"start":{"line":4,"column":24},"end":{"line":15,"column":2}},"3":{"start":{"line":17,"column":17},"end":{"line":17,"column":59}},"4":{"start":{"line":19,"column":0},"end":{"line":19,"column":26}}},"fnMap":{},"branchMap":{},"s":{"0":3,"1":3,"2":3,"3":3,"4":3},"f":{},"b":{},"_coverageSchema":"1a1c01bbd47fc00a2c39e90264f33305004495a9","hash":"02b4094d20f01b320cf61ad7e4e8341e160455fc"}
,"/home/irfiyanda/Documents/studi-independen-binar/FP-LMS/Backend/app/models/transaction.js": {"path":"/home/irfiyanda/Documents/studi-independen-binar/FP-LMS/Backend/app/models/transaction.js","statementMap":{"0":{"start":{"line":1,"column":17},"end":{"line":1,"column":36}},"1":{"start":{"line":2,"column":19},"end":{"line":2,"column":42}},"2":{"start":{"line":4,"column":26},"end":{"line":31,"column":2}},"3":{"start":{"line":33,"column":20},"end":{"line":33,"column":68}},"4":{"start":{"line":35,"column":0},"end":{"line":35,"column":29}}},"fnMap":{},"branchMap":{},"s":{"0":3,"1":3,"2":3,"3":3,"4":3},"f":{},"b":{},"_coverageSchema":"1a1c01bbd47fc00a2c39e90264f33305004495a9","hash":"3426638173684f4ea03c4aa7b0f23f0618652460"}
,"/home/irfiyanda/Documents/studi-independen-binar/FP-LMS/Backend/app/models/user.js": {"path":"/home/irfiyanda/Documents/studi-independen-binar/FP-LMS/Backend/app/models/user.js","statementMap":{"0":{"start":{"line":1,"column":17},"end":{"line":1,"column":36}},"1":{"start":{"line":2,"column":19},"end":{"line":2,"column":42}},"2":{"start":{"line":4,"column":19},"end":{"line":58,"column":2}},"3":{"start":{"line":60,"column":13},"end":{"line":60,"column":47}},"4":{"start":{"line":62,"column":0},"end":{"line":62,"column":22}}},"fnMap":{},"branchMap":{},"s":{"0":3,"1":3,"2":3,"3":3,"4":3},"f":{},"b":{},"_coverageSchema":"1a1c01bbd47fc00a2c39e90264f33305004495a9","hash":"2598fa66e829237020dd7a5e34581a39a5d02e86"}
,"/home/irfiyanda/Documents/studi-independen-binar/FP-LMS/Backend/app/routes/auth.js": {"path":"/home/irfiyanda/Documents/studi-independen-binar/FP-LMS/Backend/app/routes/auth.js","statementMap":{"0":{"start":{"line":1,"column":14},"end":{"line":1,"column":41}},"1":{"start":{"line":2,"column":23},"end":{"line":2,"column":53}},"2":{"start":{"line":4,"column":0},"end":{"line":4,"column":43}},"3":{"start":{"line":5,"column":0},"end":{"line":5,"column":54}},"4":{"start":{"line":6,"column":0},"end":{"line":6,"column":49}},"5":{"start":{"line":7,"column":0},"end":{"line":7,"column":54}},"6":{"start":{"line":8,"column":0},"end":{"line":8,"column":52}},"7":{"start":{"line":9,"column":0},"end":{"line":9,"column":62}},"8":{"start":{"line":10,"column":0},"end":{"line":10,"column":68}},"9":{"start":{"line":11,"column":0},"end":{"line":11,"column":47}},"10":{"start":{"line":13,"column":0},"end":{"line":13,"column":23}}},"fnMap":{},"branchMap":{},"s":{"0":3,"1":3,"2":3,"3":3,"4":3,"5":3,"6":3,"7":3,"8":3,"9":3,"10":3},"f":{},"b":{},"_coverageSchema":"1a1c01bbd47fc00a2c39e90264f33305004495a9","hash":"f524d448230829f8cf35e76f69f0d1984796eb29"}
,"/home/irfiyanda/Documents/studi-independen-binar/FP-LMS/Backend/app/routes/category.js": {"path":"/home/irfiyanda/Documents/studi-independen-binar/FP-LMS/Backend/app/routes/category.js","statementMap":{"0":{"start":{"line":1,"column":14},"end":{"line":1,"column":41}},"1":{"start":{"line":2,"column":27},"end":{"line":2,"column":61}},"2":{"start":{"line":4,"column":0},"end":{"line":4,"column":47}},"3":{"start":{"line":6,"column":0},"end":{"line":6,"column":23}}},"fnMap":{},"branchMap":{},"s":{"0":3,"1":3,"2":3,"3":3},"f":{},"b":{},"_coverageSchema":"1a1c01bbd47fc00a2c39e90264f33305004495a9","hash":"19c0990c49ece4099ae8b7a845817b4bc2e5e48d"}
,"/home/irfiyanda/Documents/studi-independen-binar/FP-LMS/Backend/app/routes/chapter.js": {"path":"/home/irfiyanda/Documents/studi-independen-binar/FP-LMS/Backend/app/routes/chapter.js","statementMap":{"0":{"start":{"line":1,"column":14},"end":{"line":1,"column":41}},"1":{"start":{"line":2,"column":26},"end":{"line":2,"column":59}},"2":{"start":{"line":3,"column":21},"end":{"line":3,"column":58}},"3":{"start":{"line":4,"column":21},"end":{"line":4,"column":56}},"4":{"start":{"line":6,"column":0},"end":{"line":6,"column":63}},"5":{"start":{"line":7,"column":0},"end":{"line":7,"column":49}},"6":{"start":{"line":8,"column":0},"end":{"line":8,"column":92}},"7":{"start":{"line":9,"column":0},"end":{"line":9,"column":77}},"8":{"start":{"line":11,"column":0},"end":{"line":11,"column":23}}},"fnMap":{},"branchMap":{},"s":{"0":3,"1":3,"2":3,"3":3,"4":3,"5":3,"6":3,"7":3,"8":3},"f":{},"b":{},"_coverageSchema":"1a1c01bbd47fc00a2c39e90264f33305004495a9","hash":"f546bc64f2aef3fe5e6440165e7e8211b2960812"}
,"/home/irfiyanda/Documents/studi-independen-binar/FP-LMS/Backend/app/routes/course.js": {"path":"/home/irfiyanda/Documents/studi-independen-binar/FP-LMS/Backend/app/routes/course.js","statementMap":{"0":{"start":{"line":1,"column":14},"end":{"line":1,"column":41}},"1":{"start":{"line":2,"column":25},"end":{"line":2,"column":57}},"2":{"start":{"line":3,"column":15},"end":{"line":3,"column":32}},"3":{"start":{"line":4,"column":20},"end":{"line":4,"column":53}},"4":{"start":{"line":5,"column":16},"end":{"line":5,"column":38}},"5":{"start":{"line":6,"column":15},"end":{"line":6,"column":43}},"6":{"start":{"line":7,"column":21},"end":{"line":7,"column":58}},"7":{"start":{"line":8,"column":21},"end":{"line":8,"column":56}},"8":{"start":{"line":10,"column":0},"end":{"line":10,"column":47}},"9":{"start":{"line":11,"column":0},"end":{"line":11,"column":61}},"10":{"start":{"line":12,"column":0},"end":{"line":12,"column":88}},"11":{"start":{"line":13,"column":0},"end":{"line":13,"column":130}},"12":{"start":{"line":14,"column":0},"end":{"line":14,"column":90}},"13":{"start":{"line":16,"column":0},"end":{"line":16,"column":23}}},"fnMap":{},"branchMap":{},"s":{"0":3,"1":3,"2":3,"3":3,"4":3,"5":3,"6":3,"7":3,"8":3,"9":3,"10":3,"11":3,"12":3,"13":3},"f":{},"b":{},"_coverageSchema":"1a1c01bbd47fc00a2c39e90264f33305004495a9","hash":"436ffd058e62f8dfa93fdf796bd2f6609ed72633"}
,"/home/irfiyanda/Documents/studi-independen-binar/FP-LMS/Backend/app/routes/notif.js": {"path":"/home/irfiyanda/Documents/studi-independen-binar/FP-LMS/Backend/app/routes/notif.js","statementMap":{"0":{"start":{"line":1,"column":14},"end":{"line":1,"column":41}},"1":{"start":{"line":2,"column":22},"end":{"line":2,"column":59}},"2":{"start":{"line":3,"column":21},"end":{"line":3,"column":59}},"3":{"start":{"line":4,"column":21},"end":{"line":4,"column":56}},"4":{"start":{"line":6,"column":0},"end":{"line":6,"column":80}},"5":{"start":{"line":7,"column":0},"end":{"line":7,"column":68}},"6":{"start":{"line":8,"column":0},"end":{"line":8,"column":60}},"7":{"start":{"line":9,"column":0},"end":{"line":9,"column":96}},"8":{"start":{"line":11,"column":0},"end":{"line":11,"column":23}}},"fnMap":{},"branchMap":{},"s":{"0":3,"1":3,"2":3,"3":3,"4":3,"5":3,"6":3,"7":3,"8":3},"f":{},"b":{},"_coverageSchema":"1a1c01bbd47fc00a2c39e90264f33305004495a9","hash":"a8e445724865fc6b44c5e9d78beb46926e5c46c2"}
,"/home/irfiyanda/Documents/studi-independen-binar/FP-LMS/Backend/app/routes/payment.js": {"path":"/home/irfiyanda/Documents/studi-independen-binar/FP-LMS/Backend/app/routes/payment.js","statementMap":{"0":{"start":{"line":1,"column":14},"end":{"line":1,"column":41}},"1":{"start":{"line":2,"column":26},"end":{"line":2,"column":59}},"2":{"start":{"line":3,"column":21},"end":{"line":3,"column":58}},"3":{"start":{"line":5,"column":0},"end":{"line":5,"column":63}},"4":{"start":{"line":6,"column":0},"end":{"line":6,"column":67}},"5":{"start":{"line":8,"column":0},"end":{"line":8,"column":23}}},"fnMap":{},"branchMap":{},"s":{"0":3,"1":3,"2":3,"3":3,"4":3,"5":3},"f":{},"b":{},"_coverageSchema":"1a1c01bbd47fc00a2c39e90264f33305004495a9","hash":"7c1fd0f2d946088d5a8f954bb79a700fbc55919a"}
,"/home/irfiyanda/Documents/studi-independen-binar/FP-LMS/Backend/app/routes/user.js": {"path":"/home/irfiyanda/Documents/studi-independen-binar/FP-LMS/Backend/app/routes/user.js","statementMap":{"0":{"start":{"line":1,"column":14},"end":{"line":1,"column":41}},"1":{"start":{"line":2,"column":22},"end":{"line":2,"column":59}},"2":{"start":{"line":3,"column":23},"end":{"line":3,"column":53}},"3":{"start":{"line":4,"column":15},"end":{"line":4,"column":32}},"4":{"start":{"line":5,"column":20},"end":{"line":5,"column":53}},"5":{"start":{"line":6,"column":21},"end":{"line":6,"column":56}},"6":{"start":{"line":7,"column":16},"end":{"line":7,"column":38}},"7":{"start":{"line":8,"column":15},"end":{"line":8,"column":43}},"8":{"start":{"line":10,"column":0},"end":{"line":10,"column":104}},"9":{"start":{"line":11,"column":0},"end":{"line":11,"column":58}},"10":{"start":{"line":12,"column":0},"end":{"line":12,"column":83}},"11":{"start":{"line":13,"column":0},"end":{"line":13,"column":128}},"12":{"start":{"line":15,"column":0},"end":{"line":15,"column":23}}},"fnMap":{},"branchMap":{},"s":{"0":3,"1":3,"2":3,"3":3,"4":3,"5":3,"6":3,"7":3,"8":3,"9":3,"10":3,"11":3,"12":3},"f":{},"b":{},"_coverageSchema":"1a1c01bbd47fc00a2c39e90264f33305004495a9","hash":"ab12546fc9e7d62ad304f43c40505ca5c20b63bf"}
,"/home/irfiyanda/Documents/studi-independen-binar/FP-LMS/Backend/app/routes/video.js": {"path":"/home/irfiyanda/Documents/studi-independen-binar/FP-LMS/Backend/app/routes/video.js","statementMap":{"0":{"start":{"line":1,"column":14},"end":{"line":1,"column":41}},"1":{"start":{"line":2,"column":24},"end":{"line":2,"column":55}},"2":{"start":{"line":3,"column":21},"end":{"line":3,"column":58}},"3":{"start":{"line":5,"column":0},"end":{"line":5,"column":59}},"4":{"start":{"line":6,"column":0},"end":{"line":6,"column":64}},"5":{"start":{"line":7,"column":0},"end":{"line":7,"column":63}},"6":{"start":{"line":9,"column":0},"end":{"line":9,"column":23}}},"fnMap":{},"branchMap":{},"s":{"0":3,"1":3,"2":3,"3":3,"4":3,"5":3,"6":3},"f":{},"b":{},"_coverageSchema":"1a1c01bbd47fc00a2c39e90264f33305004495a9","hash":"50f2c4146201d091439726819b510102b69690da"}
,"/home/irfiyanda/Documents/studi-independen-binar/FP-LMS/Backend/app/utils/apiError.js": {"path":"/home/irfiyanda/Documents/studi-independen-binar/FP-LMS/Backend/app/utils/apiError.js","statementMap":{"0":{"start":{"line":3,"column":6},"end":{"line":3,"column":21}},"1":{"start":{"line":5,"column":6},"end":{"line":5,"column":35}},"2":{"start":{"line":6,"column":6},"end":{"line":6,"column":73}},"3":{"start":{"line":8,"column":6},"end":{"line":8,"column":54}},"4":{"start":{"line":12,"column":2},"end":{"line":12,"column":28}}},"fnMap":{"0":{"name":"(anonymous_0)","decl":{"start":{"line":2,"column":4},"end":{"line":2,"column":5}},"loc":{"start":{"line":2,"column":37},"end":{"line":9,"column":5}},"line":2}},"branchMap":{"0":{"loc":{"start":{"line":6,"column":20},"end":{"line":6,"column":72}},"type":"cond-expr","locations":[{"start":{"line":6,"column":54},"end":{"line":6,"column":62}},{"start":{"line":6,"column":65},"end":{"line":6,"column":72}}],"line":6}},"s":{"0":11,"1":11,"2":11,"3":11,"4":3},"f":{"0":11},"b":{"0":[11,0]},"_coverageSchema":"1a1c01bbd47fc00a2c39e90264f33305004495a9","hash":"fb3d088554dd273f0cbffcc92156a8b18f00d1cb"}
,"/home/irfiyanda/Documents/studi-independen-binar/FP-LMS/Backend/database/index.js": {"path":"/home/irfiyanda/Documents/studi-independen-binar/FP-LMS/Backend/database/index.js","statementMap":{"0":{"start":{"line":1,"column":17},"end":{"line":1,"column":36}},"1":{"start":{"line":3,"column":21},"end":{"line":3,"column":45}},"2":{"start":{"line":6,"column":2},"end":{"line":15,"column":7}},"3":{"start":{"line":11,"column":6},"end":{"line":11,"column":42}},"4":{"start":{"line":14,"column":6},"end":{"line":14,"column":57}},"5":{"start":{"line":19,"column":2},"end":{"line":19,"column":30}},"6":{"start":{"line":22,"column":0},"end":{"line":22,"column":41}}},"fnMap":{"0":{"name":"connect","decl":{"start":{"line":5,"column":15},"end":{"line":5,"column":22}},"loc":{"start":{"line":5,"column":25},"end":{"line":16,"column":1}},"line":5},"1":{"name":"(anonymous_1)","decl":{"start":{"line":10,"column":10},"end":{"line":10,"column":11}},"loc":{"start":{"line":10,"column":16},"end":{"line":12,"column":5}},"line":10},"2":{"name":"(anonymous_2)","decl":{"start":{"line":13,"column":11},"end":{"line":13,"column":12}},"loc":{"start":{"line":13,"column":22},"end":{"line":15,"column":5}},"line":13},"3":{"name":"disconnect","decl":{"start":{"line":18,"column":15},"end":{"line":18,"column":25}},"loc":{"start":{"line":18,"column":28},"end":{"line":20,"column":1}},"line":18}},"branchMap":{},"s":{"0":3,"1":3,"2":3,"3":3,"4":0,"5":0,"6":3},"f":{"0":3,"1":3,"2":0,"3":0},"b":{},"_coverageSchema":"1a1c01bbd47fc00a2c39e90264f33305004495a9","hash":"a57a164bce3af576805826d31bca40d6c8880bd3"}
}
