{"/home/irfiyanda/Documents/studi-independen-binar/FP-LMS/Backend/app/index.js": {"path":"/home/irfiyanda/Documents/studi-independen-binar/FP-LMS/Backend/app/index.js","statementMap":{"0":{"start":{"line":1,"column":0},"end":{"line":1,"column":27}},"1":{"start":{"line":2,"column":16},"end":{"line":2,"column":34}},"2":{"start":{"line":3,"column":19},"end":{"line":3,"column":41}},"3":{"start":{"line":4,"column":15},"end":{"line":4,"column":32}},"4":{"start":{"line":5,"column":26},"end":{"line":5,"column":43}},"5":{"start":{"line":6,"column":21},"end":{"line":6,"column":45}},"6":{"start":{"line":7,"column":13},"end":{"line":7,"column":28}},"7":{"start":{"line":8,"column":18},"end":{"line":8,"column":47}},"8":{"start":{"line":9,"column":24},"end":{"line":9,"column":55}},"9":{"start":{"line":11,"column":11},"end":{"line":11,"column":39}},"10":{"start":{"line":12,"column":17},"end":{"line":12,"column":44}},"11":{"start":{"line":13,"column":21},"end":{"line":13,"column":61}},"12":{"start":{"line":15,"column":18},"end":{"line":15,"column":42}},"13":{"start":{"line":16,"column":22},"end":{"line":16,"column":50}},"14":{"start":{"line":17,"column":20},"end":{"line":17,"column":46}},"15":{"start":{"line":18,"column":21},"end":{"line":18,"column":48}},"16":{"start":{"line":19,"column":21},"end":{"line":19,"column":48}},"17":{"start":{"line":20,"column":19},"end":{"line":20,"column":44}},"18":{"start":{"line":21,"column":19},"end":{"line":21,"column":43}},"19":{"start":{"line":22,"column":26},"end":{"line":22,"column":51}},"20":{"start":{"line":23,"column":22},"end":{"line":23,"column":50}},"21":{"start":{"line":25,"column":12},"end":{"line":25,"column":21}},"22":{"start":{"line":27,"column":0},"end":{"line":27,"column":21}},"23":{"start":{"line":28,"column":0},"end":{"line":28,"column":18}},"24":{"start":{"line":29,"column":0},"end":{"line":29,"column":50}},"25":{"start":{"line":30,"column":0},"end":{"line":30,"column":27}},"26":{"start":{"line":31,"column":0},"end":{"line":31,"column":16}},"27":{"start":{"line":32,"column":0},"end":{"line":32,"column":23}},"28":{"start":{"line":33,"column":0},"end":{"line":33,"column":24}},"29":{"start":{"line":35,"column":0},"end":{"line":35,"column":36}},"30":{"start":{"line":36,"column":0},"end":{"line":36,"column":45}},"31":{"start":{"line":37,"column":0},"end":{"line":37,"column":40}},"32":{"start":{"line":38,"column":0},"end":{"line":38,"column":43}},"33":{"start":{"line":39,"column":0},"end":{"line":39,"column":42}},"34":{"start":{"line":40,"column":0},"end":{"line":40,"column":38}},"35":{"start":{"line":41,"column":0},"end":{"line":41,"column":42}},"36":{"start":{"line":42,"column":0},"end":{"line":42,"column":37}},"37":{"start":{"line":43,"column":0},"end":{"line":43,"column":52}},"38":{"start":{"line":45,"column":0},"end":{"line":45,"column":38}},"39":{"start":{"line":46,"column":0},"end":{"line":46,"column":55}},"40":{"start":{"line":48,"column":0},"end":{"line":50,"column":3}},"41":{"start":{"line":49,"column":2},"end":{"line":49,"column":51}},"42":{"start":{"line":51,"column":0},"end":{"line":51,"column":22}},"43":{"start":{"line":53,"column":0},"end":{"line":53,"column":21}}},"fnMap":{"0":{"name":"(anonymous_0)","decl":{"start":{"line":48,"column":13},"end":{"line":48,"column":14}},"loc":{"start":{"line":48,"column":33},"end":{"line":50,"column":1}},"line":48}},"branchMap":{},"s":{"0":6,"1":6,"2":6,"3":6,"4":6,"5":6,"6":6,"7":6,"8":6,"9":6,"10":6,"11":6,"12":6,"13":6,"14":6,"15":6,"16":6,"17":6,"18":6,"19":6,"20":6,"21":6,"22":6,"23":6,"24":6,"25":6,"26":6,"27":6,"28":6,"29":6,"30":6,"31":6,"32":6,"33":6,"34":6,"35":6,"36":6,"37":6,"38":6,"39":6,"40":6,"41":0,"42":6,"43":6},"f":{"0":0},"b":{},"_coverageSchema":"1a1c01bbd47fc00a2c39e90264f33305004495a9","hash":"00ffdc09cf902c027a365c47732246487937dc6f"}
,"/home/irfiyanda/Documents/studi-independen-binar/FP-LMS/Backend/app/controllers/auth.js": {"path":"/home/irfiyanda/Documents/studi-independen-binar/FP-LMS/Backend/app/controllers/auth.js","statementMap":{"0":{"start":{"line":1,"column":12},"end":{"line":1,"column":35}},"1":{"start":{"line":2,"column":15},"end":{"line":2,"column":32}},"2":{"start":{"line":3,"column":15},"end":{"line":3,"column":34}},"3":{"start":{"line":5,"column":13},"end":{"line":5,"column":38}},"4":{"start":{"line":6,"column":17},"end":{"line":6,"column":45}},"5":{"start":{"line":7,"column":21},"end":{"line":7,"column":41}},"6":{"start":{"line":8,"column":20},"end":{"line":8,"column":54}},"7":{"start":{"line":9,"column":18},"end":{"line":9,"column":50}},"8":{"start":{"line":15,"column":4},"end":{"line":15,"column":35}},"9":{"start":{"line":16,"column":21},"end":{"line":16,"column":54}},"10":{"start":{"line":18,"column":14},"end":{"line":75,"column":1}},"11":{"start":{"line":19,"column":33},"end":{"line":19,"column":41}},"12":{"start":{"line":20,"column":2},"end":{"line":74,"column":3}},"13":{"start":{"line":21,"column":4},"end":{"line":23,"column":5}},"14":{"start":{"line":22,"column":6},"end":{"line":22,"column":65}},"15":{"start":{"line":25,"column":17},"end":{"line":34,"column":6}},"16":{"start":{"line":35,"column":4},"end":{"line":37,"column":5}},"17":{"start":{"line":36,"column":6},"end":{"line":36,"column":78}},"18":{"start":{"line":39,"column":18},"end":{"line":39,"column":63}},"19":{"start":{"line":40,"column":4},"end":{"line":40,"column":72}},"20":{"start":{"line":40,"column":16},"end":{"line":40,"column":72}},"21":{"start":{"line":42,"column":20},"end":{"line":47,"column":5}},"22":{"start":{"line":49,"column":24},"end":{"line":51,"column":6}},"23":{"start":{"line":53,"column":25},"end":{"line":55,"column":6}},"24":{"start":{"line":57,"column":4},"end":{"line":57,"column":37}},"25":{"start":{"line":58,"column":4},"end":{"line":58,"column":22}},"26":{"start":{"line":60,"column":4},"end":{"line":66,"column":7}},"27":{"start":{"line":67,"column":17},"end":{"line":69,"column":5}},"28":{"start":{"line":70,"column":4},"end":{"line":70,"column":45}},"29":{"start":{"line":71,"column":4},"end":{"line":71,"column":65}},"30":{"start":{"line":73,"column":4},"end":{"line":73,"column":38}},"31":{"start":{"line":77,"column":15},"end":{"line":99,"column":1}},"32":{"start":{"line":78,"column":2},"end":{"line":98,"column":3}},"33":{"start":{"line":79,"column":25},"end":{"line":79,"column":49}},"34":{"start":{"line":80,"column":4},"end":{"line":80,"column":50}},"35":{"start":{"line":80,"column":23},"end":{"line":80,"column":50}},"36":{"start":{"line":82,"column":17},"end":{"line":84,"column":6}},"37":{"start":{"line":86,"column":4},"end":{"line":86,"column":42}},"38":{"start":{"line":86,"column":15},"end":{"line":86,"column":42}},"39":{"start":{"line":88,"column":4},"end":{"line":88,"column":27}},"40":{"start":{"line":89,"column":4},"end":{"line":89,"column":22}},"41":{"start":{"line":91,"column":4},"end":{"line":91,"column":36}},"42":{"start":{"line":92,"column":4},"end":{"line":95,"column":7}},"43":{"start":{"line":97,"column":4},"end":{"line":97,"column":43}},"44":{"start":{"line":101,"column":17},"end":{"line":159,"column":1}},"45":{"start":{"line":102,"column":41},"end":{"line":102,"column":49}},"46":{"start":{"line":104,"column":2},"end":{"line":158,"column":3}},"47":{"start":{"line":105,"column":4},"end":{"line":107,"column":5}},"48":{"start":{"line":106,"column":6},"end":{"line":106,"column":65}},"49":{"start":{"line":109,"column":26},"end":{"line":109,"column":53}},"50":{"start":{"line":110,"column":26},"end":{"line":110,"column":53}},"51":{"start":{"line":112,"column":4},"end":{"line":114,"column":5}},"52":{"start":{"line":113,"column":6},"end":{"line":113,"column":73}},"53":{"start":{"line":116,"column":4},"end":{"line":118,"column":5}},"54":{"start":{"line":117,"column":6},"end":{"line":117,"column":72}},"55":{"start":{"line":120,"column":4},"end":{"line":122,"column":5}},"56":{"start":{"line":121,"column":6},"end":{"line":121,"column":70}},"57":{"start":{"line":124,"column":27},"end":{"line":124,"column":58}},"58":{"start":{"line":125,"column":21},"end":{"line":125,"column":40}},"59":{"start":{"line":127,"column":19},"end":{"line":127,"column":32}},"60":{"start":{"line":128,"column":19},"end":{"line":128,"column":45}},"61":{"start":{"line":130,"column":17},"end":{"line":138,"column":6}},"62":{"start":{"line":140,"column":23},"end":{"line":145,"column":5}},"63":{"start":{"line":146,"column":4},"end":{"line":146,"column":38}},"64":{"start":{"line":148,"column":25},"end":{"line":153,"column":5}},"65":{"start":{"line":155,"column":4},"end":{"line":155,"column":76}},"66":{"start":{"line":157,"column":4},"end":{"line":157,"column":38}},"67":{"start":{"line":161,"column":21},"end":{"line":189,"column":1}},"68":{"start":{"line":162,"column":18},"end":{"line":162,"column":26}},"69":{"start":{"line":163,"column":2},"end":{"line":188,"column":3}},"70":{"start":{"line":164,"column":4},"end":{"line":164,"column":75}},"71":{"start":{"line":164,"column":16},"end":{"line":164,"column":75}},"72":{"start":{"line":166,"column":19},"end":{"line":166,"column":32}},"73":{"start":{"line":167,"column":19},"end":{"line":167,"column":45}},"74":{"start":{"line":169,"column":4},"end":{"line":175,"column":6}},"75":{"start":{"line":177,"column":23},"end":{"line":182,"column":5}},"76":{"start":{"line":183,"column":4},"end":{"line":183,"column":38}},"77":{"start":{"line":185,"column":4},"end":{"line":185,"column":75}},"78":{"start":{"line":187,"column":4},"end":{"line":187,"column":38}},"79":{"start":{"line":191,"column":18},"end":{"line":218,"column":1}},"80":{"start":{"line":192,"column":16},"end":{"line":192,"column":24}},"81":{"start":{"line":193,"column":2},"end":{"line":217,"column":3}},"82":{"start":{"line":194,"column":22},"end":{"line":196,"column":6}},"83":{"start":{"line":197,"column":4},"end":{"line":197,"column":79}},"84":{"start":{"line":197,"column":20},"end":{"line":197,"column":79}},"85":{"start":{"line":198,"column":4},"end":{"line":200,"column":5}},"86":{"start":{"line":199,"column":6},"end":{"line":199,"column":72}},"87":{"start":{"line":202,"column":4},"end":{"line":202,"column":25}},"88":{"start":{"line":203,"column":4},"end":{"line":203,"column":30}},"89":{"start":{"line":204,"column":4},"end":{"line":204,"column":27}},"90":{"start":{"line":206,"column":23},"end":{"line":211,"column":5}},"91":{"start":{"line":212,"column":4},"end":{"line":212,"column":38}},"92":{"start":{"line":214,"column":4},"end":{"line":214,"column":64}},"93":{"start":{"line":216,"column":4},"end":{"line":216,"column":38}},"94":{"start":{"line":220,"column":23},"end":{"line":250,"column":1}},"95":{"start":{"line":221,"column":18},"end":{"line":221,"column":26}},"96":{"start":{"line":222,"column":2},"end":{"line":249,"column":3}},"97":{"start":{"line":223,"column":4},"end":{"line":223,"column":75}},"98":{"start":{"line":223,"column":16},"end":{"line":223,"column":75}},"99":{"start":{"line":225,"column":17},"end":{"line":225,"column":44}},"100":{"start":{"line":226,"column":4},"end":{"line":226,"column":64}},"101":{"start":{"line":226,"column":15},"end":{"line":226,"column":64}},"102":{"start":{"line":228,"column":18},"end":{"line":228,"column":56}},"103":{"start":{"line":229,"column":31},"end":{"line":230,"column":36}},"104":{"start":{"line":231,"column":33},"end":{"line":231,"column":60}},"105":{"start":{"line":233,"column":4},"end":{"line":233,"column":49}},"106":{"start":{"line":234,"column":4},"end":{"line":234,"column":49}},"107":{"start":{"line":236,"column":4},"end":{"line":236,"column":22}},"108":{"start":{"line":238,"column":23},"end":{"line":243,"column":5}},"109":{"start":{"line":244,"column":4},"end":{"line":244,"column":38}},"110":{"start":{"line":246,"column":4},"end":{"line":246,"column":75}},"111":{"start":{"line":248,"column":4},"end":{"line":248,"column":38}},"112":{"start":{"line":252,"column":22},"end":{"line":306,"column":1}},"113":{"start":{"line":253,"column":18},"end":{"line":253,"column":28}},"114":{"start":{"line":254,"column":38},"end":{"line":254,"column":46}},"115":{"start":{"line":255,"column":2},"end":{"line":305,"column":3}},"116":{"start":{"line":256,"column":4},"end":{"line":258,"column":5}},"117":{"start":{"line":257,"column":6},"end":{"line":257,"column":65}},"118":{"start":{"line":260,"column":17},"end":{"line":265,"column":6}},"119":{"start":{"line":267,"column":4},"end":{"line":269,"column":5}},"120":{"start":{"line":268,"column":6},"end":{"line":268,"column":77}},"121":{"start":{"line":270,"column":4},"end":{"line":272,"column":5}},"122":{"start":{"line":271,"column":6},"end":{"line":271,"column":70}},"123":{"start":{"line":273,"column":4},"end":{"line":277,"column":5}},"124":{"start":{"line":274,"column":6},"end":{"line":276,"column":9}},"125":{"start":{"line":279,"column":17},"end":{"line":279,"column":19}},"126":{"start":{"line":280,"column":27},"end":{"line":280,"column":60}},"127":{"start":{"line":282,"column":4},"end":{"line":282,"column":35}},"128":{"start":{"line":283,"column":4},"end":{"line":283,"column":35}},"129":{"start":{"line":284,"column":4},"end":{"line":284,"column":33}},"130":{"start":{"line":286,"column":4},"end":{"line":286,"column":22}},"131":{"start":{"line":288,"column":23},"end":{"line":293,"column":5}},"132":{"start":{"line":294,"column":4},"end":{"line":294,"column":38}},"133":{"start":{"line":296,"column":4},"end":{"line":300,"column":7}},"134":{"start":{"line":302,"column":4},"end":{"line":302,"column":68}},"135":{"start":{"line":304,"column":4},"end":{"line":304,"column":38}},"136":{"start":{"line":308,"column":19},"end":{"line":347,"column":1}},"137":{"start":{"line":309,"column":31},"end":{"line":309,"column":39}},"138":{"start":{"line":311,"column":2},"end":{"line":346,"column":3}},"139":{"start":{"line":312,"column":4},"end":{"line":314,"column":5}},"140":{"start":{"line":313,"column":6},"end":{"line":313,"column":65}},"141":{"start":{"line":315,"column":17},"end":{"line":317,"column":6}},"142":{"start":{"line":319,"column":4},"end":{"line":343,"column":5}},"143":{"start":{"line":320,"column":6},"end":{"line":340,"column":7}},"144":{"start":{"line":321,"column":22},"end":{"line":329,"column":9}},"145":{"start":{"line":330,"column":21},"end":{"line":336,"column":9}},"146":{"start":{"line":337,"column":8},"end":{"line":337,"column":69}},"147":{"start":{"line":339,"column":8},"end":{"line":339,"column":80}},"148":{"start":{"line":342,"column":6},"end":{"line":342,"column":60}},"149":{"start":{"line":345,"column":4},"end":{"line":345,"column":43}},"150":{"start":{"line":349,"column":0},"end":{"line":358,"column":2}}},"fnMap":{"0":{"name":"(anonymous_0)","decl":{"start":{"line":18,"column":14},"end":{"line":18,"column":15}},"loc":{"start":{"line":18,"column":40},"end":{"line":75,"column":1}},"line":18},"1":{"name":"(anonymous_1)","decl":{"start":{"line":77,"column":15},"end":{"line":77,"column":16}},"loc":{"start":{"line":77,"column":41},"end":{"line":99,"column":1}},"line":77},"2":{"name":"(anonymous_2)","decl":{"start":{"line":101,"column":17},"end":{"line":101,"column":18}},"loc":{"start":{"line":101,"column":43},"end":{"line":159,"column":1}},"line":101},"3":{"name":"(anonymous_3)","decl":{"start":{"line":161,"column":21},"end":{"line":161,"column":22}},"loc":{"start":{"line":161,"column":47},"end":{"line":189,"column":1}},"line":161},"4":{"name":"(anonymous_4)","decl":{"start":{"line":191,"column":18},"end":{"line":191,"column":19}},"loc":{"start":{"line":191,"column":44},"end":{"line":218,"column":1}},"line":191},"5":{"name":"(anonymous_5)","decl":{"start":{"line":220,"column":23},"end":{"line":220,"column":24}},"loc":{"start":{"line":220,"column":49},"end":{"line":250,"column":1}},"line":220},"6":{"name":"(anonymous_6)","decl":{"start":{"line":252,"column":22},"end":{"line":252,"column":23}},"loc":{"start":{"line":252,"column":48},"end":{"line":306,"column":1}},"line":252},"7":{"name":"(anonymous_7)","decl":{"start":{"line":308,"column":19},"end":{"line":308,"column":20}},"loc":{"start":{"line":308,"column":45},"end":{"line":347,"column":1}},"line":308}},"branchMap":{"0":{"loc":{"start":{"line":21,"column":4},"end":{"line":23,"column":5}},"type":"if","locations":[{"start":{"line":21,"column":4},"end":{"line":23,"column":5}},{"start":{},"end":{}}],"line":21},"1":{"loc":{"start":{"line":21,"column":8},"end":{"line":21,"column":32}},"type":"binary-expr","locations":[{"start":{"line":21,"column":8},"end":{"line":21,"column":19}},{"start":{"line":21,"column":23},"end":{"line":21,"column":32}}],"line":21},"2":{"loc":{"start":{"line":35,"column":4},"end":{"line":37,"column":5}},"type":"if","locations":[{"start":{"line":35,"column":4},"end":{"line":37,"column":5}},{"start":{},"end":{}}],"line":35},"3":{"loc":{"start":{"line":40,"column":4},"end":{"line":40,"column":72}},"type":"if","locations":[{"start":{"line":40,"column":4},"end":{"line":40,"column":72}},{"start":{},"end":{}}],"line":40},"4":{"loc":{"start":{"line":80,"column":4},"end":{"line":80,"column":50}},"type":"if","locations":[{"start":{"line":80,"column":4},"end":{"line":80,"column":50}},{"start":{},"end":{}}],"line":80},"5":{"loc":{"start":{"line":86,"column":4},"end":{"line":86,"column":42}},"type":"if","locations":[{"start":{"line":86,"column":4},"end":{"line":86,"column":42}},{"start":{},"end":{}}],"line":86},"6":{"loc":{"start":{"line":105,"column":4},"end":{"line":107,"column":5}},"type":"if","locations":[{"start":{"line":105,"column":4},"end":{"line":107,"column":5}},{"start":{},"end":{}}],"line":105},"7":{"loc":{"start":{"line":105,"column":8},"end":{"line":105,"column":46}},"type":"binary-expr","locations":[{"start":{"line":105,"column":8},"end":{"line":105,"column":13}},{"start":{"line":105,"column":17},"end":{"line":105,"column":23}},{"start":{"line":105,"column":27},"end":{"line":105,"column":33}},{"start":{"line":105,"column":37},"end":{"line":105,"column":46}}],"line":105},"8":{"loc":{"start":{"line":112,"column":4},"end":{"line":114,"column":5}},"type":"if","locations":[{"start":{"line":112,"column":4},"end":{"line":114,"column":5}},{"start":{},"end":{}}],"line":112},"9":{"loc":{"start":{"line":116,"column":4},"end":{"line":118,"column":5}},"type":"if","locations":[{"start":{"line":116,"column":4},"end":{"line":118,"column":5}},{"start":{},"end":{}}],"line":116},"10":{"loc":{"start":{"line":120,"column":4},"end":{"line":122,"column":5}},"type":"if","locations":[{"start":{"line":120,"column":4},"end":{"line":122,"column":5}},{"start":{},"end":{}}],"line":120},"11":{"loc":{"start":{"line":164,"column":4},"end":{"line":164,"column":75}},"type":"if","locations":[{"start":{"line":164,"column":4},"end":{"line":164,"column":75}},{"start":{},"end":{}}],"line":164},"12":{"loc":{"start":{"line":197,"column":4},"end":{"line":197,"column":79}},"type":"if","locations":[{"start":{"line":197,"column":4},"end":{"line":197,"column":79}},{"start":{},"end":{}}],"line":197},"13":{"loc":{"start":{"line":198,"column":4},"end":{"line":200,"column":5}},"type":"if","locations":[{"start":{"line":198,"column":4},"end":{"line":200,"column":5}},{"start":{},"end":{}}],"line":198},"14":{"loc":{"start":{"line":223,"column":4},"end":{"line":223,"column":75}},"type":"if","locations":[{"start":{"line":223,"column":4},"end":{"line":223,"column":75}},{"start":{},"end":{}}],"line":223},"15":{"loc":{"start":{"line":226,"column":4},"end":{"line":226,"column":64}},"type":"if","locations":[{"start":{"line":226,"column":4},"end":{"line":226,"column":64}},{"start":{},"end":{}}],"line":226},"16":{"loc":{"start":{"line":256,"column":4},"end":{"line":258,"column":5}},"type":"if","locations":[{"start":{"line":256,"column":4},"end":{"line":258,"column":5}},{"start":{},"end":{}}],"line":256},"17":{"loc":{"start":{"line":256,"column":8},"end":{"line":256,"column":37}},"type":"binary-expr","locations":[{"start":{"line":256,"column":8},"end":{"line":256,"column":17}},{"start":{"line":256,"column":21},"end":{"line":256,"column":37}}],"line":256},"18":{"loc":{"start":{"line":267,"column":4},"end":{"line":269,"column":5}},"type":"if","locations":[{"start":{"line":267,"column":4},"end":{"line":269,"column":5}},{"start":{},"end":{}}],"line":267},"19":{"loc":{"start":{"line":270,"column":4},"end":{"line":272,"column":5}},"type":"if","locations":[{"start":{"line":270,"column":4},"end":{"line":272,"column":5}},{"start":{},"end":{}}],"line":270},"20":{"loc":{"start":{"line":273,"column":4},"end":{"line":277,"column":5}},"type":"if","locations":[{"start":{"line":273,"column":4},"end":{"line":277,"column":5}},{"start":{},"end":{}}],"line":273},"21":{"loc":{"start":{"line":312,"column":4},"end":{"line":314,"column":5}},"type":"if","locations":[{"start":{"line":312,"column":4},"end":{"line":314,"column":5}},{"start":{},"end":{}}],"line":312},"22":{"loc":{"start":{"line":312,"column":8},"end":{"line":312,"column":30}},"type":"binary-expr","locations":[{"start":{"line":312,"column":8},"end":{"line":312,"column":17}},{"start":{"line":312,"column":21},"end":{"line":312,"column":30}}],"line":312},"23":{"loc":{"start":{"line":319,"column":4},"end":{"line":343,"column":5}},"type":"if","locations":[{"start":{"line":319,"column":4},"end":{"line":343,"column":5}},{"start":{"line":341,"column":11},"end":{"line":343,"column":5}}],"line":319},"24":{"loc":{"start":{"line":319,"column":8},"end":{"line":319,"column":59}},"type":"binary-expr","locations":[{"start":{"line":319,"column":8},"end":{"line":319,"column":12}},{"start":{"line":319,"column":16},"end":{"line":319,"column":59}}],"line":319},"25":{"loc":{"start":{"line":320,"column":6},"end":{"line":340,"column":7}},"type":"if","locations":[{"start":{"line":320,"column":6},"end":{"line":340,"column":7}},{"start":{"line":338,"column":13},"end":{"line":340,"column":7}}],"line":320}},"s":{"0":6,"1":6,"2":6,"3":6,"4":6,"5":6,"6":6,"7":6,"8":6,"9":6,"10":6,"11":10,"12":10,"13":10,"14":0,"15":10,"16":10,"17":1,"18":9,"19":9,"20":1,"21":8,"22":8,"23":8,"24":8,"25":8,"26":8,"27":8,"28":8,"29":8,"30":0,"31":6,"32":0,"33":0,"34":0,"35":0,"36":0,"37":0,"38":0,"39":0,"40":0,"41":0,"42":0,"43":0,"44":6,"45":0,"46":0,"47":0,"48":0,"49":0,"50":0,"51":0,"52":0,"53":0,"54":0,"55":0,"56":0,"57":0,"58":0,"59":0,"60":0,"61":0,"62":0,"63":0,"64":0,"65":0,"66":0,"67":6,"68":0,"69":0,"70":0,"71":0,"72":0,"73":0,"74":0,"75":0,"76":0,"77":0,"78":0,"79":6,"80":0,"81":0,"82":0,"83":0,"84":0,"85":0,"86":0,"87":0,"88":0,"89":0,"90":0,"91":0,"92":0,"93":0,"94":6,"95":0,"96":0,"97":0,"98":0,"99":0,"100":0,"101":0,"102":0,"103":0,"104":0,"105":0,"106":0,"107":0,"108":0,"109":0,"110":0,"111":0,"112":6,"113":0,"114":0,"115":0,"116":0,"117":0,"118":0,"119":0,"120":0,"121":0,"122":0,"123":0,"124":0,"125":0,"126":0,"127":0,"128":0,"129":0,"130":0,"131":0,"132":0,"133":0,"134":0,"135":0,"136":6,"137":0,"138":0,"139":0,"140":0,"141":0,"142":0,"143":0,"144":0,"145":0,"146":0,"147":0,"148":0,"149":0,"150":6},"f":{"0":10,"1":0,"2":0,"3":0,"4":0,"5":0,"6":0,"7":0},"b":{"0":[0,10],"1":[10,10],"2":[1,9],"3":[1,8],"4":[0,0],"5":[0,0],"6":[0,0],"7":[0,0,0,0],"8":[0,0],"9":[0,0],"10":[0,0],"11":[0,0],"12":[0,0],"13":[0,0],"14":[0,0],"15":[0,0],"16":[0,0],"17":[0,0],"18":[0,0],"19":[0,0],"20":[0,0],"21":[0,0],"22":[0,0],"23":[0,0],"24":[0,0],"25":[0,0]},"_coverageSchema":"1a1c01bbd47fc00a2c39e90264f33305004495a9","hash":"ddf7ad66fe95b0bff3919d9ed6e9bd3e50cca926"}
,"/home/irfiyanda/Documents/studi-independen-binar/FP-LMS/Backend/app/controllers/category.js": {"path":"/home/irfiyanda/Documents/studi-independen-binar/FP-LMS/Backend/app/controllers/category.js","statementMap":{"0":{"start":{"line":1,"column":17},"end":{"line":1,"column":46}},"1":{"start":{"line":2,"column":17},"end":{"line":2,"column":45}},"2":{"start":{"line":3,"column":21},"end":{"line":3,"column":41}},"3":{"start":{"line":5,"column":26},"end":{"line":16,"column":1}},"4":{"start":{"line":6,"column":2},"end":{"line":15,"column":3}},"5":{"start":{"line":7,"column":17},"end":{"line":7,"column":38}},"6":{"start":{"line":8,"column":4},"end":{"line":10,"column":7}},"7":{"start":{"line":11,"column":4},"end":{"line":12,"column":72}},"8":{"start":{"line":14,"column":4},"end":{"line":14,"column":38}},"9":{"start":{"line":18,"column":28},"end":{"line":32,"column":1}},"10":{"start":{"line":19,"column":15},"end":{"line":29,"column":3}},"11":{"start":{"line":30,"column":2},"end":{"line":31,"column":72}},"12":{"start":{"line":34,"column":29},"end":{"line":48,"column":1}},"13":{"start":{"line":35,"column":15},"end":{"line":45,"column":3}},"14":{"start":{"line":46,"column":2},"end":{"line":47,"column":74}},"15":{"start":{"line":51,"column":0},"end":{"line":55,"column":2}}},"fnMap":{"0":{"name":"(anonymous_0)","decl":{"start":{"line":5,"column":26},"end":{"line":5,"column":27}},"loc":{"start":{"line":5,"column":46},"end":{"line":16,"column":1}},"line":5},"1":{"name":"(anonymous_1)","decl":{"start":{"line":18,"column":28},"end":{"line":18,"column":29}},"loc":{"start":{"line":18,"column":42},"end":{"line":32,"column":1}},"line":18},"2":{"name":"(anonymous_2)","decl":{"start":{"line":34,"column":29},"end":{"line":34,"column":30}},"loc":{"start":{"line":34,"column":43},"end":{"line":48,"column":1}},"line":34}},"branchMap":{},"s":{"0":6,"1":6,"2":6,"3":6,"4":2,"5":2,"6":2,"7":2,"8":0,"9":6,"10":0,"11":0,"12":6,"13":0,"14":0,"15":6},"f":{"0":2,"1":0,"2":0},"b":{},"_coverageSchema":"1a1c01bbd47fc00a2c39e90264f33305004495a9","hash":"5dc68c27b8e1a6036ac92f3d853be4c075879d1b"}
,"/home/irfiyanda/Documents/studi-independen-binar/FP-LMS/Backend/app/controllers/chapter.js": {"path":"/home/irfiyanda/Documents/studi-independen-binar/FP-LMS/Backend/app/controllers/chapter.js","statementMap":{"0":{"start":{"line":1,"column":16},"end":{"line":1,"column":44}},"1":{"start":{"line":2,"column":15},"end":{"line":2,"column":42}},"2":{"start":{"line":3,"column":21},"end":{"line":3,"column":41}},"3":{"start":{"line":4,"column":17},"end":{"line":4,"column":45}},"4":{"start":{"line":6,"column":22},"end":{"line":29,"column":1}},"5":{"start":{"line":7,"column":21},"end":{"line":7,"column":30}},"6":{"start":{"line":8,"column":18},"end":{"line":8,"column":26}},"7":{"start":{"line":9,"column":2},"end":{"line":28,"column":3}},"8":{"start":{"line":10,"column":19},"end":{"line":10,"column":50}},"9":{"start":{"line":11,"column":4},"end":{"line":11,"column":68}},"10":{"start":{"line":11,"column":17},"end":{"line":11,"column":68}},"11":{"start":{"line":12,"column":4},"end":{"line":12,"column":75}},"12":{"start":{"line":12,"column":16},"end":{"line":12,"column":75}},"13":{"start":{"line":14,"column":23},"end":{"line":16,"column":5}},"14":{"start":{"line":17,"column":17},"end":{"line":17,"column":49}},"15":{"start":{"line":19,"column":28},"end":{"line":19,"column":50}},"16":{"start":{"line":20,"column":4},"end":{"line":20,"column":45}},"17":{"start":{"line":21,"column":4},"end":{"line":21,"column":24}},"18":{"start":{"line":23,"column":4},"end":{"line":23,"column":75}},"19":{"start":{"line":25,"column":4},"end":{"line":25,"column":74}},"20":{"start":{"line":27,"column":4},"end":{"line":27,"column":38}},"21":{"start":{"line":31,"column":22},"end":{"line":47,"column":1}},"22":{"start":{"line":32,"column":15},"end":{"line":32,"column":25}},"23":{"start":{"line":33,"column":18},"end":{"line":33,"column":26}},"24":{"start":{"line":34,"column":2},"end":{"line":46,"column":3}},"25":{"start":{"line":35,"column":26},"end":{"line":39,"column":5}},"26":{"start":{"line":40,"column":17},"end":{"line":41,"column":73}},"27":{"start":{"line":43,"column":4},"end":{"line":43,"column":74}},"28":{"start":{"line":45,"column":4},"end":{"line":45,"column":38}},"29":{"start":{"line":49,"column":23},"end":{"line":57,"column":1}},"30":{"start":{"line":50,"column":2},"end":{"line":56,"column":3}},"31":{"start":{"line":51,"column":17},"end":{"line":51,"column":68}},"32":{"start":{"line":53,"column":4},"end":{"line":53,"column":71}},"33":{"start":{"line":55,"column":4},"end":{"line":55,"column":38}},"34":{"start":{"line":59,"column":23},"end":{"line":71,"column":1}},"35":{"start":{"line":60,"column":15},"end":{"line":60,"column":25}},"36":{"start":{"line":61,"column":2},"end":{"line":70,"column":3}},"37":{"start":{"line":62,"column":17},"end":{"line":65,"column":21}},"38":{"start":{"line":67,"column":4},"end":{"line":67,"column":71}},"39":{"start":{"line":69,"column":4},"end":{"line":69,"column":38}},"40":{"start":{"line":73,"column":0},"end":{"line":78,"column":2}}},"fnMap":{"0":{"name":"(anonymous_0)","decl":{"start":{"line":6,"column":22},"end":{"line":6,"column":23}},"loc":{"start":{"line":6,"column":48},"end":{"line":29,"column":1}},"line":6},"1":{"name":"(anonymous_1)","decl":{"start":{"line":31,"column":22},"end":{"line":31,"column":23}},"loc":{"start":{"line":31,"column":48},"end":{"line":47,"column":1}},"line":31},"2":{"name":"(anonymous_2)","decl":{"start":{"line":49,"column":23},"end":{"line":49,"column":24}},"loc":{"start":{"line":49,"column":49},"end":{"line":57,"column":1}},"line":49},"3":{"name":"(anonymous_3)","decl":{"start":{"line":59,"column":23},"end":{"line":59,"column":24}},"loc":{"start":{"line":59,"column":49},"end":{"line":71,"column":1}},"line":59}},"branchMap":{"0":{"loc":{"start":{"line":11,"column":4},"end":{"line":11,"column":68}},"type":"if","locations":[{"start":{"line":11,"column":4},"end":{"line":11,"column":68}},{"start":{},"end":{}}],"line":11},"1":{"loc":{"start":{"line":12,"column":4},"end":{"line":12,"column":75}},"type":"if","locations":[{"start":{"line":12,"column":4},"end":{"line":12,"column":75}},{"start":{},"end":{}}],"line":12}},"s":{"0":6,"1":6,"2":6,"3":6,"4":6,"5":3,"6":3,"7":3,"8":3,"9":3,"10":1,"11":2,"12":1,"13":1,"14":1,"15":1,"16":1,"17":1,"18":1,"19":1,"20":0,"21":6,"22":1,"23":1,"24":1,"25":1,"26":1,"27":1,"28":0,"29":6,"30":2,"31":2,"32":2,"33":0,"34":6,"35":1,"36":1,"37":1,"38":1,"39":0,"40":6},"f":{"0":3,"1":1,"2":2,"3":1},"b":{"0":[1,2],"1":[1,1]},"_coverageSchema":"1a1c01bbd47fc00a2c39e90264f33305004495a9","hash":"f36d75bbcaf9086ae3fc5a581d3d3ace9fe73095"}
,"/home/irfiyanda/Documents/studi-independen-binar/FP-LMS/Backend/app/controllers/course.js": {"path":"/home/irfiyanda/Documents/studi-independen-binar/FP-LMS/Backend/app/controllers/course.js","statementMap":{"0":{"start":{"line":1,"column":17},"end":{"line":1,"column":46}},"1":{"start":{"line":2,"column":15},"end":{"line":2,"column":42}},"2":{"start":{"line":3,"column":17},"end":{"line":3,"column":46}},"3":{"start":{"line":4,"column":17},"end":{"line":4,"column":46}},"4":{"start":{"line":5,"column":17},"end":{"line":5,"column":45}},"5":{"start":{"line":6,"column":21},"end":{"line":6,"column":41}},"6":{"start":{"line":8,"column":21},"end":{"line":43,"column":1}},"7":{"start":{"line":17,"column":6},"end":{"line":17,"column":14}},"8":{"start":{"line":19,"column":2},"end":{"line":42,"column":3}},"9":{"start":{"line":21,"column":4},"end":{"line":23,"column":5}},"10":{"start":{"line":22,"column":6},"end":{"line":22,"column":65}},"11":{"start":{"line":24,"column":22},"end":{"line":33,"column":5}},"12":{"start":{"line":34,"column":29},"end":{"line":34,"column":62}},"13":{"start":{"line":35,"column":4},"end":{"line":37,"column":5}},"14":{"start":{"line":36,"column":6},"end":{"line":36,"column":62}},"15":{"start":{"line":38,"column":21},"end":{"line":38,"column":51}},"16":{"start":{"line":39,"column":4},"end":{"line":39,"column":77}},"17":{"start":{"line":41,"column":4},"end":{"line":41,"column":38}},"18":{"start":{"line":45,"column":21},"end":{"line":92,"column":1}},"19":{"start":{"line":46,"column":13},"end":{"line":46,"column":26}},"20":{"start":{"line":57,"column":6},"end":{"line":57,"column":14}},"21":{"start":{"line":59,"column":2},"end":{"line":91,"column":3}},"22":{"start":{"line":61,"column":4},"end":{"line":63,"column":5}},"23":{"start":{"line":62,"column":6},"end":{"line":62,"column":38}},"24":{"start":{"line":65,"column":32},"end":{"line":65,"column":57}},"25":{"start":{"line":66,"column":20},"end":{"line":79,"column":5}},"26":{"start":{"line":80,"column":4},"end":{"line":85,"column":5}},"27":{"start":{"line":81,"column":31},"end":{"line":81,"column":64}},"28":{"start":{"line":82,"column":6},"end":{"line":84,"column":7}},"29":{"start":{"line":83,"column":8},"end":{"line":83,"column":64}},"30":{"start":{"line":86,"column":21},"end":{"line":86,"column":77}},"31":{"start":{"line":88,"column":4},"end":{"line":88,"column":77}},"32":{"start":{"line":90,"column":4},"end":{"line":90,"column":16}},"33":{"start":{"line":94,"column":22},"end":{"line":136,"column":1}},"34":{"start":{"line":95,"column":63},"end":{"line":95,"column":72}},"35":{"start":{"line":96,"column":2},"end":{"line":135,"column":3}},"36":{"start":{"line":97,"column":19},"end":{"line":99,"column":5}},"37":{"start":{"line":100,"column":15},"end":{"line":100,"column":22}},"38":{"start":{"line":101,"column":16},"end":{"line":101,"column":17}},"39":{"start":{"line":103,"column":4},"end":{"line":105,"column":5}},"40":{"start":{"line":104,"column":6},"end":{"line":104,"column":66}},"41":{"start":{"line":106,"column":4},"end":{"line":108,"column":5}},"42":{"start":{"line":107,"column":6},"end":{"line":107,"column":74}},"43":{"start":{"line":109,"column":4},"end":{"line":115,"column":5}},"44":{"start":{"line":110,"column":30},"end":{"line":110,"column":49}},"45":{"start":{"line":111,"column":30},"end":{"line":112,"column":74}},"46":{"start":{"line":113,"column":26},"end":{"line":113,"column":73}},"47":{"start":{"line":113,"column":60},"end":{"line":113,"column":72}},"48":{"start":{"line":114,"column":6},"end":{"line":114,"column":43}},"49":{"start":{"line":116,"column":4},"end":{"line":119,"column":5}},"50":{"start":{"line":117,"column":26},"end":{"line":117,"column":42}},"51":{"start":{"line":118,"column":6},"end":{"line":118,"column":68}},"52":{"start":{"line":120,"column":4},"end":{"line":122,"column":5}},"53":{"start":{"line":121,"column":6},"end":{"line":121,"column":73}},"54":{"start":{"line":123,"column":4},"end":{"line":126,"column":5}},"55":{"start":{"line":124,"column":6},"end":{"line":124,"column":21}},"56":{"start":{"line":125,"column":6},"end":{"line":125,"column":16}},"57":{"start":{"line":128,"column":17},"end":{"line":130,"column":75}},"58":{"start":{"line":132,"column":4},"end":{"line":132,"column":74}},"59":{"start":{"line":134,"column":4},"end":{"line":134,"column":38}},"60":{"start":{"line":138,"column":22},"end":{"line":205,"column":1}},"61":{"start":{"line":139,"column":15},"end":{"line":139,"column":25}},"62":{"start":{"line":140,"column":17},"end":{"line":140,"column":25}},"63":{"start":{"line":141,"column":2},"end":{"line":204,"column":3}},"64":{"start":{"line":142,"column":21},"end":{"line":142,"column":77}},"65":{"start":{"line":143,"column":24},"end":{"line":143,"column":49}},"66":{"start":{"line":145,"column":4},"end":{"line":192,"column":5}},"67":{"start":{"line":146,"column":21},"end":{"line":153,"column":36}},"68":{"start":{"line":154,"column":6},"end":{"line":189,"column":7}},"69":{"start":{"line":155,"column":27},"end":{"line":158,"column":10}},"70":{"start":{"line":159,"column":8},"end":{"line":164,"column":9}},"71":{"start":{"line":160,"column":10},"end":{"line":163,"column":13}},"72":{"start":{"line":165,"column":32},"end":{"line":174,"column":10}},"73":{"start":{"line":166,"column":32},"end":{"line":172,"column":13}},"74":{"start":{"line":166,"column":63},"end":{"line":172,"column":11}},"75":{"start":{"line":173,"column":10},"end":{"line":173,"column":58}},"76":{"start":{"line":176,"column":30},"end":{"line":183,"column":9}},"77":{"start":{"line":179,"column":12},"end":{"line":181,"column":14}},"78":{"start":{"line":180,"column":74},"end":{"line":180,"column":78}},"79":{"start":{"line":184,"column":8},"end":{"line":188,"column":10}},"80":{"start":{"line":190,"column":6},"end":{"line":191,"column":63}},"81":{"start":{"line":193,"column":19},"end":{"line":200,"column":23}},"82":{"start":{"line":201,"column":4},"end":{"line":201,"column":72}},"83":{"start":{"line":203,"column":4},"end":{"line":203,"column":38}},"84":{"start":{"line":207,"column":21},"end":{"line":215,"column":1}},"85":{"start":{"line":208,"column":2},"end":{"line":214,"column":3}},"86":{"start":{"line":209,"column":17},"end":{"line":209,"column":27}},"87":{"start":{"line":210,"column":4},"end":{"line":210,"column":58}},"88":{"start":{"line":211,"column":4},"end":{"line":211,"column":73}},"89":{"start":{"line":213,"column":4},"end":{"line":213,"column":38}},"90":{"start":{"line":216,"column":0},"end":{"line":222,"column":2}}},"fnMap":{"0":{"name":"(anonymous_0)","decl":{"start":{"line":8,"column":21},"end":{"line":8,"column":22}},"loc":{"start":{"line":8,"column":47},"end":{"line":43,"column":1}},"line":8},"1":{"name":"(anonymous_1)","decl":{"start":{"line":45,"column":21},"end":{"line":45,"column":22}},"loc":{"start":{"line":45,"column":47},"end":{"line":92,"column":1}},"line":45},"2":{"name":"(anonymous_2)","decl":{"start":{"line":94,"column":22},"end":{"line":94,"column":23}},"loc":{"start":{"line":94,"column":48},"end":{"line":136,"column":1}},"line":94},"3":{"name":"(anonymous_3)","decl":{"start":{"line":113,"column":46},"end":{"line":113,"column":47}},"loc":{"start":{"line":113,"column":60},"end":{"line":113,"column":72}},"line":113},"4":{"name":"(anonymous_4)","decl":{"start":{"line":138,"column":22},"end":{"line":138,"column":23}},"loc":{"start":{"line":138,"column":48},"end":{"line":205,"column":1}},"line":138},"5":{"name":"(anonymous_5)","decl":{"start":{"line":165,"column":52},"end":{"line":165,"column":53}},"loc":{"start":{"line":165,"column":65},"end":{"line":174,"column":9}},"line":165},"6":{"name":"(anonymous_6)","decl":{"start":{"line":166,"column":51},"end":{"line":166,"column":52}},"loc":{"start":{"line":166,"column":63},"end":{"line":172,"column":11}},"line":166},"7":{"name":"(anonymous_7)","decl":{"start":{"line":178,"column":40},"end":{"line":178,"column":41}},"loc":{"start":{"line":178,"column":53},"end":{"line":182,"column":11}},"line":178},"8":{"name":"(anonymous_8)","decl":{"start":{"line":180,"column":53},"end":{"line":180,"column":54}},"loc":{"start":{"line":180,"column":74},"end":{"line":180,"column":78}},"line":180},"9":{"name":"(anonymous_9)","decl":{"start":{"line":207,"column":21},"end":{"line":207,"column":22}},"loc":{"start":{"line":207,"column":47},"end":{"line":215,"column":1}},"line":207}},"branchMap":{"0":{"loc":{"start":{"line":21,"column":4},"end":{"line":23,"column":5}},"type":"if","locations":[{"start":{"line":21,"column":4},"end":{"line":23,"column":5}},{"start":{},"end":{}}],"line":21},"1":{"loc":{"start":{"line":21,"column":8},"end":{"line":21,"column":91}},"type":"binary-expr","locations":[{"start":{"line":21,"column":8},"end":{"line":21,"column":14}},{"start":{"line":21,"column":18},"end":{"line":21,"column":27}},{"start":{"line":21,"column":31},"end":{"line":21,"column":41}},{"start":{"line":21,"column":45},"end":{"line":21,"column":55}},{"start":{"line":21,"column":59},"end":{"line":21,"column":65}},{"start":{"line":21,"column":69},"end":{"line":21,"column":75}},{"start":{"line":21,"column":79},"end":{"line":21,"column":91}}],"line":21},"2":{"loc":{"start":{"line":35,"column":4},"end":{"line":37,"column":5}},"type":"if","locations":[{"start":{"line":35,"column":4},"end":{"line":37,"column":5}},{"start":{},"end":{}}],"line":35},"3":{"loc":{"start":{"line":61,"column":4},"end":{"line":63,"column":5}},"type":"if","locations":[{"start":{"line":61,"column":4},"end":{"line":63,"column":5}},{"start":{},"end":{}}],"line":61},"4":{"loc":{"start":{"line":80,"column":4},"end":{"line":85,"column":5}},"type":"if","locations":[{"start":{"line":80,"column":4},"end":{"line":85,"column":5}},{"start":{},"end":{}}],"line":80},"5":{"loc":{"start":{"line":82,"column":6},"end":{"line":84,"column":7}},"type":"if","locations":[{"start":{"line":82,"column":6},"end":{"line":84,"column":7}},{"start":{},"end":{}}],"line":82},"6":{"loc":{"start":{"line":103,"column":4},"end":{"line":105,"column":5}},"type":"if","locations":[{"start":{"line":103,"column":4},"end":{"line":105,"column":5}},{"start":{},"end":{}}],"line":103},"7":{"loc":{"start":{"line":106,"column":4},"end":{"line":108,"column":5}},"type":"if","locations":[{"start":{"line":106,"column":4},"end":{"line":108,"column":5}},{"start":{},"end":{}}],"line":106},"8":{"loc":{"start":{"line":109,"column":4},"end":{"line":115,"column":5}},"type":"if","locations":[{"start":{"line":109,"column":4},"end":{"line":115,"column":5}},{"start":{},"end":{}}],"line":109},"9":{"loc":{"start":{"line":116,"column":4},"end":{"line":119,"column":5}},"type":"if","locations":[{"start":{"line":116,"column":4},"end":{"line":119,"column":5}},{"start":{},"end":{}}],"line":116},"10":{"loc":{"start":{"line":120,"column":4},"end":{"line":122,"column":5}},"type":"if","locations":[{"start":{"line":120,"column":4},"end":{"line":122,"column":5}},{"start":{},"end":{}}],"line":120},"11":{"loc":{"start":{"line":123,"column":4},"end":{"line":126,"column":5}},"type":"if","locations":[{"start":{"line":123,"column":4},"end":{"line":126,"column":5}},{"start":{},"end":{}}],"line":123},"12":{"loc":{"start":{"line":145,"column":4},"end":{"line":192,"column":5}},"type":"if","locations":[{"start":{"line":145,"column":4},"end":{"line":192,"column":5}},{"start":{},"end":{}}],"line":145},"13":{"loc":{"start":{"line":145,"column":8},"end":{"line":145,"column":80}},"type":"binary-expr","locations":[{"start":{"line":145,"column":8},"end":{"line":145,"column":16}},{"start":{"line":145,"column":20},"end":{"line":145,"column":51}},{"start":{"line":145,"column":55},"end":{"line":145,"column":80}}],"line":145},"14":{"loc":{"start":{"line":154,"column":6},"end":{"line":189,"column":7}},"type":"if","locations":[{"start":{"line":154,"column":6},"end":{"line":189,"column":7}},{"start":{},"end":{}}],"line":154},"15":{"loc":{"start":{"line":159,"column":8},"end":{"line":164,"column":9}},"type":"if","locations":[{"start":{"line":159,"column":8},"end":{"line":164,"column":9}},{"start":{},"end":{}}],"line":159},"16":{"loc":{"start":{"line":171,"column":21},"end":{"line":171,"column":77}},"type":"cond-expr","locations":[{"start":{"line":171,"column":65},"end":{"line":171,"column":69}},{"start":{"line":171,"column":72},"end":{"line":171,"column":77}}],"line":171}},"s":{"0":6,"1":6,"2":6,"3":6,"4":6,"5":6,"6":6,"7":2,"8":2,"9":2,"10":0,"11":2,"12":2,"13":2,"14":1,"15":1,"16":1,"17":0,"18":6,"19":2,"20":2,"21":2,"22":2,"23":0,"24":2,"25":2,"26":2,"27":2,"28":2,"29":1,"30":1,"31":1,"32":0,"33":6,"34":4,"35":4,"36":4,"37":4,"38":4,"39":4,"40":0,"41":4,"42":0,"43":4,"44":0,"45":0,"46":0,"47":0,"48":0,"49":4,"50":0,"51":0,"52":4,"53":0,"54":4,"55":0,"56":0,"57":4,"58":4,"59":0,"60":6,"61":1,"62":1,"63":1,"64":1,"65":1,"66":1,"67":1,"68":1,"69":0,"70":0,"71":0,"72":0,"73":0,"74":0,"75":0,"76":0,"77":0,"78":0,"79":0,"80":1,"81":0,"82":0,"83":0,"84":6,"85":1,"86":1,"87":1,"88":1,"89":0,"90":6},"f":{"0":2,"1":2,"2":4,"3":0,"4":1,"5":0,"6":0,"7":0,"8":0,"9":1},"b":{"0":[0,2],"1":[2,2,2,2,2,2,2],"2":[1,1],"3":[0,2],"4":[2,0],"5":[1,1],"6":[0,4],"7":[0,4],"8":[0,4],"9":[0,4],"10":[0,4],"11":[0,4],"12":[1,0],"13":[1,1,1],"14":[0,1],"15":[0,0],"16":[0,0]},"_coverageSchema":"1a1c01bbd47fc00a2c39e90264f33305004495a9","hash":"1713901b3a60b12cba5bc1dba13578eca24fcbbc"}
,"/home/irfiyanda/Documents/studi-independen-binar/FP-LMS/Backend/app/controllers/errorController.js": {"path":"/home/irfiyanda/Documents/studi-independen-binar/FP-LMS/Backend/app/controllers/errorController.js","statementMap":{"0":{"start":{"line":1,"column":0},"end":{"line":11,"column":2}},"1":{"start":{"line":2,"column":2},"end":{"line":2,"column":41}},"2":{"start":{"line":3,"column":2},"end":{"line":3,"column":37}},"3":{"start":{"line":4,"column":2},"end":{"line":4,"column":28}},"4":{"start":{"line":6,"column":2},"end":{"line":10,"column":5}}},"fnMap":{"0":{"name":"(anonymous_0)","decl":{"start":{"line":1,"column":17},"end":{"line":1,"column":18}},"loc":{"start":{"line":1,"column":42},"end":{"line":11,"column":1}},"line":1}},"branchMap":{"0":{"loc":{"start":{"line":2,"column":19},"end":{"line":2,"column":40}},"type":"binary-expr","locations":[{"start":{"line":2,"column":19},"end":{"line":2,"column":33}},{"start":{"line":2,"column":37},"end":{"line":2,"column":40}}],"line":2},"1":{"loc":{"start":{"line":3,"column":15},"end":{"line":3,"column":36}},"type":"binary-expr","locations":[{"start":{"line":3,"column":15},"end":{"line":3,"column":25}},{"start":{"line":3,"column":29},"end":{"line":3,"column":36}}],"line":3}},"s":{"0":6,"1":38,"2":38,"3":38,"4":38},"f":{"0":38},"b":{"0":[38,0],"1":[38,0]},"_coverageSchema":"1a1c01bbd47fc00a2c39e90264f33305004495a9","hash":"9631c271175e84d6ace44f9e9258a390ba1ed58c"}
,"/home/irfiyanda/Documents/studi-independen-binar/FP-LMS/Backend/app/controllers/notification.js": {"path":"/home/irfiyanda/Documents/studi-independen-binar/FP-LMS/Backend/app/controllers/notification.js","statementMap":{"0":{"start":{"line":1,"column":21},"end":{"line":1,"column":54}},"1":{"start":{"line":2,"column":13},"end":{"line":2,"column":38}},"2":{"start":{"line":3,"column":17},"end":{"line":3,"column":45}},"3":{"start":{"line":4,"column":21},"end":{"line":4,"column":41}},"4":{"start":{"line":6,"column":24},"end":{"line":15,"column":1}},"5":{"start":{"line":7,"column":2},"end":{"line":14,"column":3}},"6":{"start":{"line":8,"column":18},"end":{"line":10,"column":102}},"7":{"start":{"line":11,"column":4},"end":{"line":11,"column":77}},"8":{"start":{"line":13,"column":4},"end":{"line":13,"column":38}},"9":{"start":{"line":17,"column":25},"end":{"line":29,"column":1}},"10":{"start":{"line":18,"column":15},"end":{"line":18,"column":25}},"11":{"start":{"line":19,"column":2},"end":{"line":28,"column":3}},"12":{"start":{"line":20,"column":18},"end":{"line":23,"column":102}},"13":{"start":{"line":25,"column":4},"end":{"line":25,"column":69}},"14":{"start":{"line":27,"column":4},"end":{"line":27,"column":38}},"15":{"start":{"line":31,"column":31},"end":{"line":51,"column":1}},"16":{"start":{"line":32,"column":31},"end":{"line":32,"column":39}},"17":{"start":{"line":33,"column":2},"end":{"line":50,"column":3}},"18":{"start":{"line":34,"column":4},"end":{"line":36,"column":5}},"19":{"start":{"line":35,"column":6},"end":{"line":35,"column":65}},"20":{"start":{"line":38,"column":18},"end":{"line":38,"column":35}},"21":{"start":{"line":39,"column":4},"end":{"line":45,"column":7}},"22":{"start":{"line":40,"column":6},"end":{"line":44,"column":9}},"23":{"start":{"line":47,"column":4},"end":{"line":47,"column":73}},"24":{"start":{"line":49,"column":4},"end":{"line":49,"column":38}},"25":{"start":{"line":53,"column":35},"end":{"line":73,"column":1}},"26":{"start":{"line":54,"column":39},"end":{"line":54,"column":47}},"27":{"start":{"line":55,"column":2},"end":{"line":72,"column":3}},"28":{"start":{"line":56,"column":4},"end":{"line":58,"column":5}},"29":{"start":{"line":57,"column":6},"end":{"line":57,"column":65}},"30":{"start":{"line":60,"column":17},"end":{"line":60,"column":44}},"31":{"start":{"line":61,"column":4},"end":{"line":61,"column":64}},"32":{"start":{"line":61,"column":15},"end":{"line":61,"column":64}},"33":{"start":{"line":63,"column":17},"end":{"line":67,"column":6}},"34":{"start":{"line":69,"column":4},"end":{"line":69,"column":79}},"35":{"start":{"line":71,"column":4},"end":{"line":71,"column":38}},"36":{"start":{"line":75,"column":0},"end":{"line":80,"column":2}}},"fnMap":{"0":{"name":"(anonymous_0)","decl":{"start":{"line":6,"column":24},"end":{"line":6,"column":25}},"loc":{"start":{"line":6,"column":50},"end":{"line":15,"column":1}},"line":6},"1":{"name":"(anonymous_1)","decl":{"start":{"line":17,"column":25},"end":{"line":17,"column":26}},"loc":{"start":{"line":17,"column":51},"end":{"line":29,"column":1}},"line":17},"2":{"name":"(anonymous_2)","decl":{"start":{"line":31,"column":31},"end":{"line":31,"column":32}},"loc":{"start":{"line":31,"column":57},"end":{"line":51,"column":1}},"line":31},"3":{"name":"(anonymous_3)","decl":{"start":{"line":39,"column":14},"end":{"line":39,"column":15}},"loc":{"start":{"line":39,"column":30},"end":{"line":45,"column":5}},"line":39},"4":{"name":"(anonymous_4)","decl":{"start":{"line":53,"column":35},"end":{"line":53,"column":36}},"loc":{"start":{"line":53,"column":61},"end":{"line":73,"column":1}},"line":53}},"branchMap":{"0":{"loc":{"start":{"line":34,"column":4},"end":{"line":36,"column":5}},"type":"if","locations":[{"start":{"line":34,"column":4},"end":{"line":36,"column":5}},{"start":{},"end":{}}],"line":34},"1":{"loc":{"start":{"line":34,"column":8},"end":{"line":34,"column":30}},"type":"binary-expr","locations":[{"start":{"line":34,"column":8},"end":{"line":34,"column":14}},{"start":{"line":34,"column":18},"end":{"line":34,"column":30}}],"line":34},"2":{"loc":{"start":{"line":56,"column":4},"end":{"line":58,"column":5}},"type":"if","locations":[{"start":{"line":56,"column":4},"end":{"line":58,"column":5}},{"start":{},"end":{}}],"line":56},"3":{"loc":{"start":{"line":56,"column":8},"end":{"line":56,"column":41}},"type":"binary-expr","locations":[{"start":{"line":56,"column":8},"end":{"line":56,"column":14}},{"start":{"line":56,"column":18},"end":{"line":56,"column":30}},{"start":{"line":56,"column":34},"end":{"line":56,"column":41}}],"line":56},"4":{"loc":{"start":{"line":61,"column":4},"end":{"line":61,"column":64}},"type":"if","locations":[{"start":{"line":61,"column":4},"end":{"line":61,"column":64}},{"start":{},"end":{}}],"line":61}},"s":{"0":6,"1":6,"2":6,"3":6,"4":6,"5":1,"6":1,"7":1,"8":0,"9":6,"10":1,"11":1,"12":1,"13":1,"14":0,"15":6,"16":2,"17":2,"18":2,"19":1,"20":1,"21":1,"22":3,"23":1,"24":0,"25":6,"26":3,"27":3,"28":3,"29":1,"30":2,"31":2,"32":1,"33":1,"34":1,"35":0,"36":6},"f":{"0":1,"1":1,"2":2,"3":3,"4":3},"b":{"0":[1,1],"1":[2,2],"2":[1,2],"3":[3,3,2],"4":[1,1]},"_coverageSchema":"1a1c01bbd47fc00a2c39e90264f33305004495a9","hash":"2a01f48f3b728fbe8c9086ab8e95eaa9cdd9bc12"}
,"/home/irfiyanda/Documents/studi-independen-binar/FP-LMS/Backend/app/controllers/payment.js": {"path":"/home/irfiyanda/Documents/studi-independen-binar/FP-LMS/Backend/app/controllers/payment.js","statementMap":{"0":{"start":{"line":1,"column":15},"end":{"line":1,"column":32}},"1":{"start":{"line":2,"column":23},"end":{"line":2,"column":49}},"2":{"start":{"line":3,"column":21},"end":{"line":3,"column":41}},"3":{"start":{"line":4,"column":17},"end":{"line":4,"column":45}},"4":{"start":{"line":5,"column":20},"end":{"line":5,"column":52}},"5":{"start":{"line":6,"column":17},"end":{"line":6,"column":46}},"6":{"start":{"line":7,"column":21},"end":{"line":7,"column":54}},"7":{"start":{"line":8,"column":15},"end":{"line":8,"column":42}},"8":{"start":{"line":10,"column":22},"end":{"line":60,"column":1}},"9":{"start":{"line":11,"column":2},"end":{"line":59,"column":3}},"10":{"start":{"line":12,"column":48},"end":{"line":12,"column":56}},"11":{"start":{"line":13,"column":4},"end":{"line":15,"column":5}},"12":{"start":{"line":14,"column":6},"end":{"line":14,"column":65}},"13":{"start":{"line":17,"column":22},"end":{"line":20,"column":6}},"14":{"start":{"line":21,"column":4},"end":{"line":23,"column":5}},"15":{"start":{"line":22,"column":6},"end":{"line":22,"column":72}},"16":{"start":{"line":25,"column":26},"end":{"line":29,"column":6}},"17":{"start":{"line":30,"column":17},"end":{"line":34,"column":6}},"18":{"start":{"line":36,"column":24},"end":{"line":54,"column":6}},"19":{"start":{"line":56,"column":4},"end":{"line":56,"column":76}},"20":{"start":{"line":58,"column":4},"end":{"line":58,"column":43}},"21":{"start":{"line":62,"column":24},"end":{"line":117,"column":1}},"22":{"start":{"line":63,"column":2},"end":{"line":116,"column":3}},"23":{"start":{"line":71,"column":8},"end":{"line":71,"column":16}},"24":{"start":{"line":72,"column":22},"end":{"line":72,"column":53}},"25":{"start":{"line":73,"column":19},"end":{"line":76,"column":22}},"26":{"start":{"line":78,"column":4},"end":{"line":111,"column":5}},"27":{"start":{"line":80,"column":6},"end":{"line":110,"column":7}},"28":{"start":{"line":84,"column":24},"end":{"line":84,"column":66}},"29":{"start":{"line":85,"column":8},"end":{"line":85,"column":78}},"30":{"start":{"line":85,"column":22},"end":{"line":85,"column":78}},"31":{"start":{"line":86,"column":8},"end":{"line":86,"column":32}},"32":{"start":{"line":87,"column":8},"end":{"line":87,"column":43}},"33":{"start":{"line":89,"column":8},"end":{"line":89,"column":29}},"34":{"start":{"line":91,"column":8},"end":{"line":109,"column":9}},"35":{"start":{"line":92,"column":10},"end":{"line":95,"column":13}},"36":{"start":{"line":96,"column":10},"end":{"line":96,"column":72}},"37":{"start":{"line":97,"column":10},"end":{"line":97,"column":31}},"38":{"start":{"line":99,"column":10},"end":{"line":103,"column":13}},"39":{"start":{"line":105,"column":25},"end":{"line":105,"column":73}},"40":{"start":{"line":106,"column":33},"end":{"line":106,"column":44}},"41":{"start":{"line":107,"column":10},"end":{"line":107,"column":43}},"42":{"start":{"line":108,"column":10},"end":{"line":108,"column":30}},"43":{"start":{"line":113,"column":4},"end":{"line":113,"column":66}},"44":{"start":{"line":115,"column":4},"end":{"line":115,"column":43}},"45":{"start":{"line":119,"column":34},"end":{"line":143,"column":1}},"46":{"start":{"line":120,"column":2},"end":{"line":142,"column":3}},"47":{"start":{"line":121,"column":21},"end":{"line":135,"column":9}},"48":{"start":{"line":137,"column":4},"end":{"line":139,"column":71}},"49":{"start":{"line":141,"column":4},"end":{"line":141,"column":43}},"50":{"start":{"line":145,"column":31},"end":{"line":209,"column":1}},"51":{"start":{"line":146,"column":2},"end":{"line":208,"column":3}},"52":{"start":{"line":147,"column":21},"end":{"line":147,"column":30}},"53":{"start":{"line":148,"column":4},"end":{"line":188,"column":5}},"54":{"start":{"line":149,"column":27},"end":{"line":164,"column":11}},"55":{"start":{"line":165,"column":6},"end":{"line":167,"column":77}},"56":{"start":{"line":168,"column":11},"end":{"line":188,"column":5}},"57":{"start":{"line":169,"column":25},"end":{"line":184,"column":11}},"58":{"start":{"line":185,"column":6},"end":{"line":187,"column":75}},"59":{"start":{"line":189,"column":21},"end":{"line":202,"column":9}},"60":{"start":{"line":203,"column":4},"end":{"line":205,"column":71}},"61":{"start":{"line":207,"column":4},"end":{"line":207,"column":43}},"62":{"start":{"line":211,"column":0},"end":{"line":216,"column":2}}},"fnMap":{"0":{"name":"(anonymous_0)","decl":{"start":{"line":10,"column":22},"end":{"line":10,"column":23}},"loc":{"start":{"line":10,"column":48},"end":{"line":60,"column":1}},"line":10},"1":{"name":"(anonymous_1)","decl":{"start":{"line":62,"column":24},"end":{"line":62,"column":25}},"loc":{"start":{"line":62,"column":50},"end":{"line":117,"column":1}},"line":62},"2":{"name":"(anonymous_2)","decl":{"start":{"line":119,"column":34},"end":{"line":119,"column":35}},"loc":{"start":{"line":119,"column":60},"end":{"line":143,"column":1}},"line":119},"3":{"name":"(anonymous_3)","decl":{"start":{"line":145,"column":31},"end":{"line":145,"column":32}},"loc":{"start":{"line":145,"column":57},"end":{"line":209,"column":1}},"line":145}},"branchMap":{"0":{"loc":{"start":{"line":13,"column":4},"end":{"line":15,"column":5}},"type":"if","locations":[{"start":{"line":13,"column":4},"end":{"line":15,"column":5}},{"start":{},"end":{}}],"line":13},"1":{"loc":{"start":{"line":13,"column":8},"end":{"line":13,"column":48}},"type":"binary-expr","locations":[{"start":{"line":13,"column":8},"end":{"line":13,"column":17}},{"start":{"line":13,"column":21},"end":{"line":13,"column":33}},{"start":{"line":13,"column":37},"end":{"line":13,"column":48}}],"line":13},"2":{"loc":{"start":{"line":21,"column":4},"end":{"line":23,"column":5}},"type":"if","locations":[{"start":{"line":21,"column":4},"end":{"line":23,"column":5}},{"start":{},"end":{}}],"line":21},"3":{"loc":{"start":{"line":78,"column":4},"end":{"line":111,"column":5}},"type":"if","locations":[{"start":{"line":78,"column":4},"end":{"line":111,"column":5}},{"start":{},"end":{}}],"line":78},"4":{"loc":{"start":{"line":80,"column":6},"end":{"line":110,"column":7}},"type":"if","locations":[{"start":{"line":80,"column":6},"end":{"line":110,"column":7}},{"start":{},"end":{}}],"line":80},"5":{"loc":{"start":{"line":81,"column":8},"end":{"line":82,"column":40}},"type":"binary-expr","locations":[{"start":{"line":81,"column":8},"end":{"line":81,"column":43}},{"start":{"line":82,"column":8},"end":{"line":82,"column":40}}],"line":81},"6":{"loc":{"start":{"line":85,"column":8},"end":{"line":85,"column":78}},"type":"if","locations":[{"start":{"line":85,"column":8},"end":{"line":85,"column":78}},{"start":{},"end":{}}],"line":85},"7":{"loc":{"start":{"line":91,"column":8},"end":{"line":109,"column":9}},"type":"if","locations":[{"start":{"line":91,"column":8},"end":{"line":109,"column":9}},{"start":{},"end":{}}],"line":91},"8":{"loc":{"start":{"line":148,"column":4},"end":{"line":188,"column":5}},"type":"if","locations":[{"start":{"line":148,"column":4},"end":{"line":188,"column":5}},{"start":{"line":168,"column":11},"end":{"line":188,"column":5}}],"line":148},"9":{"loc":{"start":{"line":168,"column":11},"end":{"line":188,"column":5}},"type":"if","locations":[{"start":{"line":168,"column":11},"end":{"line":188,"column":5}},{"start":{},"end":{}}],"line":168}},"s":{"0":6,"1":6,"2":6,"3":6,"4":6,"5":6,"6":6,"7":6,"8":6,"9":0,"10":0,"11":0,"12":0,"13":0,"14":0,"15":0,"16":0,"17":0,"18":0,"19":0,"20":0,"21":6,"22":0,"23":0,"24":0,"25":0,"26":0,"27":0,"28":0,"29":0,"30":0,"31":0,"32":0,"33":0,"34":0,"35":0,"36":0,"37":0,"38":0,"39":0,"40":0,"41":0,"42":0,"43":0,"44":0,"45":6,"46":0,"47":0,"48":0,"49":0,"50":6,"51":0,"52":0,"53":0,"54":0,"55":0,"56":0,"57":0,"58":0,"59":0,"60":0,"61":0,"62":6},"f":{"0":0,"1":0,"2":0,"3":0},"b":{"0":[0,0],"1":[0,0,0],"2":[0,0],"3":[0,0],"4":[0,0],"5":[0,0],"6":[0,0],"7":[0,0],"8":[0,0],"9":[0,0]},"_coverageSchema":"1a1c01bbd47fc00a2c39e90264f33305004495a9","hash":"92328895a1c4b7e198a64d47e6e98020aab83f77"}
,"/home/irfiyanda/Documents/studi-independen-binar/FP-LMS/Backend/app/controllers/progress.js": {"path":"/home/irfiyanda/Documents/studi-independen-binar/FP-LMS/Backend/app/controllers/progress.js","statementMap":{"0":{"start":{"line":1,"column":15},"end":{"line":1,"column":42}},"1":{"start":{"line":2,"column":17},"end":{"line":2,"column":46}},"2":{"start":{"line":3,"column":17},"end":{"line":3,"column":45}},"3":{"start":{"line":4,"column":21},"end":{"line":4,"column":41}},"4":{"start":{"line":6,"column":25},"end":{"line":48,"column":1}},"5":{"start":{"line":7,"column":2},"end":{"line":47,"column":3}},"6":{"start":{"line":8,"column":19},"end":{"line":8,"column":27}},"7":{"start":{"line":9,"column":23},"end":{"line":9,"column":32}},"8":{"start":{"line":10,"column":26},"end":{"line":10,"column":34}},"9":{"start":{"line":11,"column":29},"end":{"line":11,"column":71}},"10":{"start":{"line":12,"column":4},"end":{"line":14,"column":5}},"11":{"start":{"line":13,"column":6},"end":{"line":13,"column":53}},"12":{"start":{"line":16,"column":19},"end":{"line":16,"column":71}},"13":{"start":{"line":17,"column":27},"end":{"line":27,"column":5}},"14":{"start":{"line":18,"column":23},"end":{"line":18,"column":24}},"15":{"start":{"line":19,"column":6},"end":{"line":25,"column":9}},"16":{"start":{"line":20,"column":8},"end":{"line":24,"column":11}},"17":{"start":{"line":21,"column":10},"end":{"line":23,"column":11}},"18":{"start":{"line":22,"column":12},"end":{"line":22,"column":37}},"19":{"start":{"line":26,"column":6},"end":{"line":26,"column":24}},"20":{"start":{"line":29,"column":17},"end":{"line":35,"column":20}},"21":{"start":{"line":36,"column":4},"end":{"line":43,"column":5}},"22":{"start":{"line":37,"column":19},"end":{"line":41,"column":7}},"23":{"start":{"line":42,"column":6},"end":{"line":42,"column":80}},"24":{"start":{"line":44,"column":4},"end":{"line":44,"column":78}},"25":{"start":{"line":46,"column":4},"end":{"line":46,"column":38}},"26":{"start":{"line":50,"column":24},"end":{"line":99,"column":1}},"27":{"start":{"line":51,"column":2},"end":{"line":98,"column":3}},"28":{"start":{"line":52,"column":21},"end":{"line":52,"column":30}},"29":{"start":{"line":53,"column":4},"end":{"line":83,"column":5}},"30":{"start":{"line":54,"column":31},"end":{"line":64,"column":8}},"31":{"start":{"line":65,"column":6},"end":{"line":67,"column":80}},"32":{"start":{"line":68,"column":11},"end":{"line":83,"column":5}},"33":{"start":{"line":69,"column":27},"end":{"line":79,"column":8}},"34":{"start":{"line":80,"column":6},"end":{"line":82,"column":76}},"35":{"start":{"line":84,"column":21},"end":{"line":91,"column":6}},"36":{"start":{"line":93,"column":4},"end":{"line":95,"column":70}},"37":{"start":{"line":97,"column":4},"end":{"line":97,"column":38}},"38":{"start":{"line":101,"column":0},"end":{"line":104,"column":2}}},"fnMap":{"0":{"name":"(anonymous_0)","decl":{"start":{"line":6,"column":25},"end":{"line":6,"column":26}},"loc":{"start":{"line":6,"column":51},"end":{"line":48,"column":1}},"line":6},"1":{"name":"(anonymous_1)","decl":{"start":{"line":17,"column":27},"end":{"line":17,"column":28}},"loc":{"start":{"line":17,"column":33},"end":{"line":27,"column":5}},"line":17},"2":{"name":"(anonymous_2)","decl":{"start":{"line":19,"column":26},"end":{"line":19,"column":27}},"loc":{"start":{"line":19,"column":39},"end":{"line":25,"column":7}},"line":19},"3":{"name":"(anonymous_3)","decl":{"start":{"line":20,"column":27},"end":{"line":20,"column":28}},"loc":{"start":{"line":20,"column":38},"end":{"line":24,"column":9}},"line":20},"4":{"name":"(anonymous_4)","decl":{"start":{"line":50,"column":24},"end":{"line":50,"column":25}},"loc":{"start":{"line":50,"column":50},"end":{"line":99,"column":1}},"line":50}},"branchMap":{"0":{"loc":{"start":{"line":12,"column":4},"end":{"line":14,"column":5}},"type":"if","locations":[{"start":{"line":12,"column":4},"end":{"line":14,"column":5}},{"start":{},"end":{}}],"line":12},"1":{"loc":{"start":{"line":21,"column":10},"end":{"line":23,"column":11}},"type":"if","locations":[{"start":{"line":21,"column":10},"end":{"line":23,"column":11}},{"start":{},"end":{}}],"line":21},"2":{"loc":{"start":{"line":36,"column":4},"end":{"line":43,"column":5}},"type":"if","locations":[{"start":{"line":36,"column":4},"end":{"line":43,"column":5}},{"start":{},"end":{}}],"line":36},"3":{"loc":{"start":{"line":53,"column":4},"end":{"line":83,"column":5}},"type":"if","locations":[{"start":{"line":53,"column":4},"end":{"line":83,"column":5}},{"start":{"line":68,"column":11},"end":{"line":83,"column":5}}],"line":53},"4":{"loc":{"start":{"line":68,"column":11},"end":{"line":83,"column":5}},"type":"if","locations":[{"start":{"line":68,"column":11},"end":{"line":83,"column":5}},{"start":{},"end":{}}],"line":68}},"s":{"0":6,"1":6,"2":6,"3":6,"4":6,"5":0,"6":0,"7":0,"8":0,"9":0,"10":0,"11":0,"12":0,"13":0,"14":0,"15":0,"16":0,"17":0,"18":0,"19":0,"20":0,"21":0,"22":0,"23":0,"24":0,"25":0,"26":6,"27":0,"28":0,"29":0,"30":0,"31":0,"32":0,"33":0,"34":0,"35":0,"36":0,"37":0,"38":6},"f":{"0":0,"1":0,"2":0,"3":0,"4":0},"b":{"0":[0,0],"1":[0,0],"2":[0,0],"3":[0,0],"4":[0,0]},"_coverageSchema":"1a1c01bbd47fc00a2c39e90264f33305004495a9","hash":"e01e10476f5e25e37463b1758825e30c1349c598"}
,"/home/irfiyanda/Documents/studi-independen-binar/FP-LMS/Backend/app/controllers/resBase.js": {"path":"/home/irfiyanda/Documents/studi-independen-binar/FP-LMS/Backend/app/controllers/resBase.js","statementMap":{"0":{"start":{"line":1,"column":19},"end":{"line":7,"column":1}},"1":{"start":{"line":2,"column":2},"end":{"line":6,"column":4}},"2":{"start":{"line":9,"column":0},"end":{"line":11,"column":2}}},"fnMap":{"0":{"name":"(anonymous_0)","decl":{"start":{"line":1,"column":19},"end":{"line":1,"column":20}},"loc":{"start":{"line":1,"column":38},"end":{"line":7,"column":1}},"line":1}},"branchMap":{},"s":{"0":6,"1":31,"2":6},"f":{"0":31},"b":{},"_coverageSchema":"1a1c01bbd47fc00a2c39e90264f33305004495a9","hash":"5518c57141532165504abbaf9bf4ec9db981b15a"}
,"/home/irfiyanda/Documents/studi-independen-binar/FP-LMS/Backend/app/controllers/user.js": {"path":"/home/irfiyanda/Documents/studi-independen-binar/FP-LMS/Backend/app/controllers/user.js","statementMap":{"0":{"start":{"line":1,"column":14},"end":{"line":1,"column":39}},"1":{"start":{"line":2,"column":21},"end":{"line":2,"column":41}},"2":{"start":{"line":3,"column":17},"end":{"line":3,"column":45}},"3":{"start":{"line":4,"column":15},"end":{"line":4,"column":34}},"4":{"start":{"line":5,"column":21},"end":{"line":5,"column":54}},"5":{"start":{"line":7,"column":20},"end":{"line":16,"column":1}},"6":{"start":{"line":8,"column":2},"end":{"line":15,"column":3}},"7":{"start":{"line":9,"column":18},"end":{"line":11,"column":98}},"8":{"start":{"line":12,"column":4},"end":{"line":12,"column":78}},"9":{"start":{"line":14,"column":4},"end":{"line":14,"column":38}},"10":{"start":{"line":18,"column":20},"end":{"line":29,"column":1}},"11":{"start":{"line":19,"column":15},"end":{"line":19,"column":25}},"12":{"start":{"line":20,"column":2},"end":{"line":28,"column":3}},"13":{"start":{"line":21,"column":17},"end":{"line":23,"column":98}},"14":{"start":{"line":25,"column":4},"end":{"line":25,"column":74}},"15":{"start":{"line":27,"column":4},"end":{"line":27,"column":38}},"16":{"start":{"line":31,"column":19},"end":{"line":58,"column":1}},"17":{"start":{"line":32,"column":15},"end":{"line":32,"column":25}},"18":{"start":{"line":33,"column":46},"end":{"line":33,"column":54}},"19":{"start":{"line":34,"column":2},"end":{"line":57,"column":3}},"20":{"start":{"line":35,"column":19},"end":{"line":35,"column":40}},"21":{"start":{"line":36,"column":4},"end":{"line":38,"column":5}},"22":{"start":{"line":37,"column":6},"end":{"line":37,"column":37}},"23":{"start":{"line":40,"column":20},"end":{"line":47,"column":5}},"24":{"start":{"line":49,"column":17},"end":{"line":52,"column":96}},"25":{"start":{"line":54,"column":4},"end":{"line":54,"column":65}},"26":{"start":{"line":56,"column":4},"end":{"line":56,"column":38}},"27":{"start":{"line":60,"column":23},"end":{"line":100,"column":1}},"28":{"start":{"line":61,"column":15},"end":{"line":61,"column":25}},"29":{"start":{"line":62,"column":54},"end":{"line":62,"column":62}},"30":{"start":{"line":63,"column":2},"end":{"line":99,"column":3}},"31":{"start":{"line":64,"column":4},"end":{"line":66,"column":5}},"32":{"start":{"line":65,"column":6},"end":{"line":65,"column":65}},"33":{"start":{"line":68,"column":17},"end":{"line":68,"column":41}},"34":{"start":{"line":70,"column":4},"end":{"line":72,"column":5}},"35":{"start":{"line":71,"column":6},"end":{"line":71,"column":72}},"36":{"start":{"line":74,"column":4},"end":{"line":78,"column":5}},"37":{"start":{"line":75,"column":6},"end":{"line":77,"column":9}},"38":{"start":{"line":80,"column":4},"end":{"line":84,"column":5}},"39":{"start":{"line":81,"column":6},"end":{"line":83,"column":9}},"40":{"start":{"line":86,"column":27},"end":{"line":86,"column":59}},"41":{"start":{"line":87,"column":4},"end":{"line":87,"column":35}},"42":{"start":{"line":88,"column":4},"end":{"line":88,"column":22}},"43":{"start":{"line":90,"column":4},"end":{"line":94,"column":7}},"44":{"start":{"line":96,"column":4},"end":{"line":96,"column":70}},"45":{"start":{"line":98,"column":4},"end":{"line":98,"column":38}},"46":{"start":{"line":102,"column":0},"end":{"line":107,"column":2}}},"fnMap":{"0":{"name":"(anonymous_0)","decl":{"start":{"line":7,"column":20},"end":{"line":7,"column":21}},"loc":{"start":{"line":7,"column":46},"end":{"line":16,"column":1}},"line":7},"1":{"name":"(anonymous_1)","decl":{"start":{"line":18,"column":20},"end":{"line":18,"column":21}},"loc":{"start":{"line":18,"column":46},"end":{"line":29,"column":1}},"line":18},"2":{"name":"(anonymous_2)","decl":{"start":{"line":31,"column":19},"end":{"line":31,"column":20}},"loc":{"start":{"line":31,"column":45},"end":{"line":58,"column":1}},"line":31},"3":{"name":"(anonymous_3)","decl":{"start":{"line":60,"column":23},"end":{"line":60,"column":24}},"loc":{"start":{"line":60,"column":49},"end":{"line":100,"column":1}},"line":60}},"branchMap":{"0":{"loc":{"start":{"line":36,"column":4},"end":{"line":38,"column":5}},"type":"if","locations":[{"start":{"line":36,"column":4},"end":{"line":38,"column":5}},{"start":{},"end":{}}],"line":36},"1":{"loc":{"start":{"line":64,"column":4},"end":{"line":66,"column":5}},"type":"if","locations":[{"start":{"line":64,"column":4},"end":{"line":66,"column":5}},{"start":{},"end":{}}],"line":64},"2":{"loc":{"start":{"line":64,"column":8},"end":{"line":64,"column":56}},"type":"binary-expr","locations":[{"start":{"line":64,"column":8},"end":{"line":64,"column":20}},{"start":{"line":64,"column":24},"end":{"line":64,"column":36}},{"start":{"line":64,"column":40},"end":{"line":64,"column":56}}],"line":64},"3":{"loc":{"start":{"line":70,"column":4},"end":{"line":72,"column":5}},"type":"if","locations":[{"start":{"line":70,"column":4},"end":{"line":72,"column":5}},{"start":{},"end":{}}],"line":70},"4":{"loc":{"start":{"line":74,"column":4},"end":{"line":78,"column":5}},"type":"if","locations":[{"start":{"line":74,"column":4},"end":{"line":78,"column":5}},{"start":{},"end":{}}],"line":74},"5":{"loc":{"start":{"line":80,"column":4},"end":{"line":84,"column":5}},"type":"if","locations":[{"start":{"line":80,"column":4},"end":{"line":84,"column":5}},{"start":{},"end":{}}],"line":80}},"s":{"0":6,"1":6,"2":6,"3":6,"4":6,"5":6,"6":1,"7":1,"8":1,"9":0,"10":6,"11":0,"12":0,"13":0,"14":0,"15":0,"16":6,"17":0,"18":0,"19":0,"20":0,"21":0,"22":0,"23":0,"24":0,"25":0,"26":0,"27":6,"28":0,"29":0,"30":0,"31":0,"32":0,"33":0,"34":0,"35":0,"36":0,"37":0,"38":0,"39":0,"40":0,"41":0,"42":0,"43":0,"44":0,"45":0,"46":6},"f":{"0":1,"1":0,"2":0,"3":0},"b":{"0":[0,0],"1":[0,0],"2":[0,0,0],"3":[0,0],"4":[0,0],"5":[0,0]},"_coverageSchema":"1a1c01bbd47fc00a2c39e90264f33305004495a9","hash":"b049325d2b1594952a03d3d035eeddacfb4ea011"}
,"/home/irfiyanda/Documents/studi-independen-binar/FP-LMS/Backend/app/controllers/video.js": {"path":"/home/irfiyanda/Documents/studi-independen-binar/FP-LMS/Backend/app/controllers/video.js","statementMap":{"0":{"start":{"line":1,"column":16},"end":{"line":1,"column":44}},"1":{"start":{"line":2,"column":15},"end":{"line":2,"column":42}},"2":{"start":{"line":3,"column":17},"end":{"line":3,"column":45}},"3":{"start":{"line":4,"column":21},"end":{"line":4,"column":41}},"4":{"start":{"line":6,"column":20},"end":{"line":64,"column":1}},"5":{"start":{"line":7,"column":22},"end":{"line":7,"column":31}},"6":{"start":{"line":8,"column":45},"end":{"line":8,"column":53}},"7":{"start":{"line":9,"column":2},"end":{"line":63,"column":3}},"8":{"start":{"line":10,"column":4},"end":{"line":12,"column":5}},"9":{"start":{"line":11,"column":6},"end":{"line":11,"column":65}},"10":{"start":{"line":14,"column":20},"end":{"line":14,"column":53}},"11":{"start":{"line":15,"column":4},"end":{"line":15,"column":70}},"12":{"start":{"line":15,"column":18},"end":{"line":15,"column":70}},"13":{"start":{"line":17,"column":21},"end":{"line":22,"column":5}},"14":{"start":{"line":24,"column":30},"end":{"line":24,"column":31}},"15":{"start":{"line":25,"column":4},"end":{"line":27,"column":5}},"16":{"start":{"line":26,"column":6},"end":{"line":26,"column":44}},"17":{"start":{"line":29,"column":23},"end":{"line":30,"column":29}},"18":{"start":{"line":31,"column":4},"end":{"line":37,"column":5}},"19":{"start":{"line":32,"column":6},"end":{"line":36,"column":7}},"20":{"start":{"line":33,"column":8},"end":{"line":35,"column":9}},"21":{"start":{"line":34,"column":10},"end":{"line":34,"column":68}},"22":{"start":{"line":39,"column":17},"end":{"line":48,"column":5}},"23":{"start":{"line":50,"column":19},"end":{"line":51,"column":29}},"24":{"start":{"line":52,"column":29},"end":{"line":52,"column":30}},"25":{"start":{"line":53,"column":4},"end":{"line":55,"column":5}},"26":{"start":{"line":54,"column":6},"end":{"line":54,"column":50}},"27":{"start":{"line":57,"column":4},"end":{"line":57,"column":46}},"28":{"start":{"line":58,"column":4},"end":{"line":58,"column":24}},"29":{"start":{"line":60,"column":4},"end":{"line":60,"column":72}},"30":{"start":{"line":62,"column":4},"end":{"line":62,"column":38}},"31":{"start":{"line":66,"column":20},"end":{"line":101,"column":1}},"32":{"start":{"line":67,"column":18},"end":{"line":67,"column":31}},"33":{"start":{"line":68,"column":2},"end":{"line":100,"column":3}},"34":{"start":{"line":69,"column":20},"end":{"line":69,"column":66}},"35":{"start":{"line":70,"column":4},"end":{"line":70,"column":68}},"36":{"start":{"line":70,"column":18},"end":{"line":70,"column":68}},"37":{"start":{"line":72,"column":24},"end":{"line":78,"column":5}},"38":{"start":{"line":80,"column":30},"end":{"line":80,"column":31}},"39":{"start":{"line":81,"column":4},"end":{"line":83,"column":5}},"40":{"start":{"line":82,"column":6},"end":{"line":82,"column":44}},"41":{"start":{"line":84,"column":4},"end":{"line":84,"column":48}},"42":{"start":{"line":85,"column":4},"end":{"line":85,"column":25}},"43":{"start":{"line":87,"column":19},"end":{"line":88,"column":29}},"44":{"start":{"line":89,"column":29},"end":{"line":89,"column":30}},"45":{"start":{"line":90,"column":4},"end":{"line":92,"column":5}},"46":{"start":{"line":91,"column":6},"end":{"line":91,"column":50}},"47":{"start":{"line":94,"column":4},"end":{"line":94,"column":46}},"48":{"start":{"line":95,"column":4},"end":{"line":95,"column":24}},"49":{"start":{"line":97,"column":4},"end":{"line":97,"column":72}},"50":{"start":{"line":99,"column":4},"end":{"line":99,"column":38}},"51":{"start":{"line":103,"column":20},"end":{"line":142,"column":1}},"52":{"start":{"line":104,"column":18},"end":{"line":104,"column":31}},"53":{"start":{"line":105,"column":45},"end":{"line":105,"column":53}},"54":{"start":{"line":106,"column":2},"end":{"line":141,"column":3}},"55":{"start":{"line":107,"column":20},"end":{"line":107,"column":66}},"56":{"start":{"line":108,"column":4},"end":{"line":108,"column":68}},"57":{"start":{"line":108,"column":18},"end":{"line":108,"column":68}},"58":{"start":{"line":110,"column":24},"end":{"line":118,"column":5}},"59":{"start":{"line":120,"column":30},"end":{"line":120,"column":31}},"60":{"start":{"line":121,"column":4},"end":{"line":123,"column":5}},"61":{"start":{"line":122,"column":6},"end":{"line":122,"column":44}},"62":{"start":{"line":124,"column":4},"end":{"line":124,"column":48}},"63":{"start":{"line":125,"column":4},"end":{"line":125,"column":25}},"64":{"start":{"line":127,"column":19},"end":{"line":128,"column":29}},"65":{"start":{"line":129,"column":29},"end":{"line":129,"column":30}},"66":{"start":{"line":130,"column":4},"end":{"line":132,"column":5}},"67":{"start":{"line":131,"column":6},"end":{"line":131,"column":50}},"68":{"start":{"line":134,"column":4},"end":{"line":134,"column":46}},"69":{"start":{"line":135,"column":4},"end":{"line":135,"column":24}},"70":{"start":{"line":137,"column":20},"end":{"line":137,"column":66}},"71":{"start":{"line":138,"column":4},"end":{"line":138,"column":75}},"72":{"start":{"line":140,"column":4},"end":{"line":140,"column":38}},"73":{"start":{"line":144,"column":0},"end":{"line":148,"column":2}}},"fnMap":{"0":{"name":"(anonymous_0)","decl":{"start":{"line":6,"column":20},"end":{"line":6,"column":21}},"loc":{"start":{"line":6,"column":46},"end":{"line":64,"column":1}},"line":6},"1":{"name":"(anonymous_1)","decl":{"start":{"line":66,"column":20},"end":{"line":66,"column":21}},"loc":{"start":{"line":66,"column":46},"end":{"line":101,"column":1}},"line":66},"2":{"name":"(anonymous_2)","decl":{"start":{"line":103,"column":20},"end":{"line":103,"column":21}},"loc":{"start":{"line":103,"column":46},"end":{"line":142,"column":1}},"line":103}},"branchMap":{"0":{"loc":{"start":{"line":10,"column":4},"end":{"line":12,"column":5}},"type":"if","locations":[{"start":{"line":10,"column":4},"end":{"line":12,"column":5}},{"start":{},"end":{}}],"line":10},"1":{"loc":{"start":{"line":10,"column":8},"end":{"line":10,"column":50}},"type":"binary-expr","locations":[{"start":{"line":10,"column":8},"end":{"line":10,"column":14}},{"start":{"line":10,"column":18},"end":{"line":10,"column":27}},{"start":{"line":10,"column":31},"end":{"line":10,"column":40}},{"start":{"line":10,"column":44},"end":{"line":10,"column":50}}],"line":10},"2":{"loc":{"start":{"line":15,"column":4},"end":{"line":15,"column":70}},"type":"if","locations":[{"start":{"line":15,"column":4},"end":{"line":15,"column":70}},{"start":{},"end":{}}],"line":15},"3":{"loc":{"start":{"line":33,"column":8},"end":{"line":35,"column":9}},"type":"if","locations":[{"start":{"line":33,"column":8},"end":{"line":35,"column":9}},{"start":{},"end":{}}],"line":33},"4":{"loc":{"start":{"line":70,"column":4},"end":{"line":70,"column":68}},"type":"if","locations":[{"start":{"line":70,"column":4},"end":{"line":70,"column":68}},{"start":{},"end":{}}],"line":70},"5":{"loc":{"start":{"line":108,"column":4},"end":{"line":108,"column":68}},"type":"if","locations":[{"start":{"line":108,"column":4},"end":{"line":108,"column":68}},{"start":{},"end":{}}],"line":108}},"s":{"0":6,"1":6,"2":6,"3":6,"4":6,"5":3,"6":3,"7":3,"8":3,"9":1,"10":2,"11":2,"12":1,"13":1,"14":1,"15":1,"16":3,"17":1,"18":1,"19":5,"20":5,"21":0,"22":1,"23":1,"24":1,"25":1,"26":5,"27":1,"28":1,"29":1,"30":0,"31":6,"32":2,"33":2,"34":2,"35":2,"36":1,"37":1,"38":1,"39":1,"40":3,"41":1,"42":1,"43":1,"44":1,"45":1,"46":5,"47":1,"48":1,"49":1,"50":0,"51":6,"52":2,"53":2,"54":2,"55":2,"56":2,"57":1,"58":1,"59":1,"60":1,"61":4,"62":1,"63":1,"64":1,"65":1,"66":1,"67":5,"68":1,"69":1,"70":1,"71":1,"72":0,"73":6},"f":{"0":3,"1":2,"2":2},"b":{"0":[1,2],"1":[3,3,2,2],"2":[1,1],"3":[0,5],"4":[1,1],"5":[1,1]},"_coverageSchema":"1a1c01bbd47fc00a2c39e90264f33305004495a9","hash":"2bfd2608c960b0d530852e5d2edd801da9a3c8e4"}
,"/home/irfiyanda/Documents/studi-independen-binar/FP-LMS/Backend/app/data/emailMessage.js": {"path":"/home/irfiyanda/Documents/studi-independen-binar/FP-LMS/Backend/app/data/emailMessage.js","statementMap":{"0":{"start":{"line":2,"column":27},"end":{"line":39,"column":1}},"1":{"start":{"line":3,"column":2},"end":{"line":38,"column":2}},"2":{"start":{"line":41,"column":30},"end":{"line":80,"column":1}},"3":{"start":{"line":42,"column":2},"end":{"line":79,"column":6}},"4":{"start":{"line":82,"column":32},"end":{"line":119,"column":1}},"5":{"start":{"line":83,"column":2},"end":{"line":118,"column":6}},"6":{"start":{"line":121,"column":29},"end":{"line":158,"column":1}},"7":{"start":{"line":122,"column":2},"end":{"line":157,"column":6}},"8":{"start":{"line":160,"column":0},"end":{"line":165,"column":2}}},"fnMap":{"0":{"name":"(anonymous_0)","decl":{"start":{"line":2,"column":27},"end":{"line":2,"column":28}},"loc":{"start":{"line":2,"column":36},"end":{"line":39,"column":1}},"line":2},"1":{"name":"(anonymous_1)","decl":{"start":{"line":41,"column":30},"end":{"line":41,"column":31}},"loc":{"start":{"line":41,"column":54},"end":{"line":80,"column":1}},"line":41},"2":{"name":"(anonymous_2)","decl":{"start":{"line":82,"column":32},"end":{"line":82,"column":33}},"loc":{"start":{"line":82,"column":38},"end":{"line":119,"column":1}},"line":82},"3":{"name":"(anonymous_3)","decl":{"start":{"line":121,"column":29},"end":{"line":121,"column":30}},"loc":{"start":{"line":121,"column":35},"end":{"line":158,"column":1}},"line":121}},"branchMap":{},"s":{"0":6,"1":0,"2":6,"3":0,"4":6,"5":0,"6":6,"7":0,"8":6},"f":{"0":0,"1":0,"2":0,"3":0},"b":{},"_coverageSchema":"1a1c01bbd47fc00a2c39e90264f33305004495a9","hash":"6c98efb27be5840bf5b48251ce6f339cbad91612"}
[...]
,"/home/irfiyanda/Documents/studi-independen-binar/FP-LMS/Backend/app/models/baseSchema.js": {"path":"/home/irfiyanda/Documents/studi-independen-binar/FP-LMS/Backend/app/models/baseSchema.js","statementMap":{"0":{"start":{"line":1,"column":17},"end":{"line":1,"column":36}},"1":{"start":{"line":5,"column":23},"end":{"line":27,"column":5}},"2":{"start":{"line":8,"column":23},"end":{"line":8,"column":64}},"3":{"start":{"line":29,"column":25},"end":{"line":29,"column":62}},"4":{"start":{"line":31,"column":4},"end":{"line":31,"column":32}},"5":{"start":{"line":35,"column":0},"end":{"line":35,"column":28}}},"fnMap":{"0":{"name":"(anonymous_0)","decl":{"start":{"line":4,"column":2},"end":{"line":4,"column":3}},"loc":{"start":{"line":4,"column":30},"end":{"line":32,"column":3}},"line":4},"1":{"name":"(anonymous_1)","decl":{"start":{"line":8,"column":17},"end":{"line":8,"column":18}},"loc":{"start":{"line":8,"column":23},"end":{"line":8,"column":64}},"line":8}},"branchMap":{},"s":{"0":6,"1":48,"2":14,"3":48,"4":48,"5":6},"f":{"0":48,"1":14},"b":{},"_coverageSchema":"1a1c01bbd47fc00a2c39e90264f33305004495a9","hash":"e85b134a349c6cf30d38690413b96b61ac5eb601"}
,"/home/irfiyanda/Documents/studi-independen-binar/FP-LMS/Backend/app/models/category.js": {"path":"/home/irfiyanda/Documents/studi-independen-binar/FP-LMS/Backend/app/models/category.js","statementMap":{"0":{"start":{"line":1,"column":17},"end":{"line":1,"column":36}},"1":{"start":{"line":2,"column":19},"end":{"line":2,"column":42}},"2":{"start":{"line":4,"column":23},"end":{"line":12,"column":2}},"3":{"start":{"line":14,"column":17},"end":{"line":14,"column":59}},"4":{"start":{"line":16,"column":0},"end":{"line":16,"column":26}}},"fnMap":{},"branchMap":{},"s":{"0":6,"1":6,"2":6,"3":6,"4":6},"f":{},"b":{},"_coverageSchema":"1a1c01bbd47fc00a2c39e90264f33305004495a9","hash":"e74b1fd26a380cd001c2dfc9e569616c6efa6cd8"}
,"/home/irfiyanda/Documents/studi-independen-binar/FP-LMS/Backend/app/models/chapter.js": {"path":"/home/irfiyanda/Documents/studi-independen-binar/FP-LMS/Backend/app/models/chapter.js","statementMap":{"0":{"start":{"line":1,"column":17},"end":{"line":1,"column":36}},"1":{"start":{"line":2,"column":19},"end":{"line":2,"column":42}},"2":{"start":{"line":4,"column":22},"end":{"line":33,"column":2}},"3":{"start":{"line":35,"column":16},"end":{"line":35,"column":56}},"4":{"start":{"line":37,"column":0},"end":{"line":37,"column":25}}},"fnMap":{},"branchMap":{},"s":{"0":6,"1":6,"2":6,"3":6,"4":6},"f":{},"b":{},"_coverageSchema":"1a1c01bbd47fc00a2c39e90264f33305004495a9","hash":"1a70c5dd7975190f5c3933bfb64840ef516f7957"}
,"/home/irfiyanda/Documents/studi-independen-binar/FP-LMS/Backend/app/models/course.js": {"path":"/home/irfiyanda/Documents/studi-independen-binar/FP-LMS/Backend/app/models/course.js","statementMap":{"0":{"start":{"line":1,"column":17},"end":{"line":1,"column":36}},"1":{"start":{"line":2,"column":19},"end":{"line":2,"column":42}},"2":{"start":{"line":4,"column":21},"end":{"line":66,"column":2}},"3":{"start":{"line":68,"column":15},"end":{"line":68,"column":53}},"4":{"start":{"line":70,"column":0},"end":{"line":70,"column":24}}},"fnMap":{},"branchMap":{},"s":{"0":6,"1":6,"2":6,"3":6,"4":6},"f":{},"b":{},"_coverageSchema":"1a1c01bbd47fc00a2c39e90264f33305004495a9","hash":"b4aca90a9085fed70fa02ea91f13e17690c5cb33"}
,"/home/irfiyanda/Documents/studi-independen-binar/FP-LMS/Backend/app/models/notification.js": {"path":"/home/irfiyanda/Documents/studi-independen-binar/FP-LMS/Backend/app/models/notification.js","statementMap":{"0":{"start":{"line":1,"column":17},"end":{"line":1,"column":36}},"1":{"start":{"line":2,"column":19},"end":{"line":2,"column":42}},"2":{"start":{"line":4,"column":27},"end":{"line":22,"column":2}},"3":{"start":{"line":24,"column":21},"end":{"line":24,"column":71}},"4":{"start":{"line":26,"column":0},"end":{"line":26,"column":30}}},"fnMap":{},"branchMap":{},"s":{"0":6,"1":6,"2":6,"3":6,"4":6},"f":{},"b":{},"_coverageSchema":"1a1c01bbd47fc00a2c39e90264f33305004495a9","hash":"5371ec29f2b7475a80f204161b4994ad53d99fd7"}
,"/home/irfiyanda/Documents/studi-independen-binar/FP-LMS/Backend/app/models/progress.js": {"path":"/home/irfiyanda/Documents/studi-independen-binar/FP-LMS/Backend/app/models/progress.js","statementMap":{"0":{"start":{"line":1,"column":17},"end":{"line":1,"column":36}},"1":{"start":{"line":2,"column":19},"end":{"line":2,"column":42}},"2":{"start":{"line":4,"column":23},"end":{"line":29,"column":2}},"3":{"start":{"line":31,"column":17},"end":{"line":31,"column":59}},"4":{"start":{"line":33,"column":0},"end":{"line":33,"column":26}}},"fnMap":{},"branchMap":{},"s":{"0":6,"1":6,"2":6,"3":6,"4":6},"f":{},"b":{},"_coverageSchema":"1a1c01bbd47fc00a2c39e90264f33305004495a9","hash":"2a789412e49a2e6a984198ca1ec3b69d50c5b042"}
,"/home/irfiyanda/Documents/studi-independen-binar/FP-LMS/Backend/app/models/purchase.js": {"path":"/home/irfiyanda/Documents/studi-independen-binar/FP-LMS/Backend/app/models/purchase.js","statementMap":{"0":{"start":{"line":1,"column":17},"end":{"line":1,"column":36}},"1":{"start":{"line":2,"column":19},"end":{"line":2,"column":42}},"2":{"start":{"line":4,"column":23},"end":{"line":15,"column":2}},"3":{"start":{"line":17,"column":17},"end":{"line":17,"column":59}},"4":{"start":{"line":19,"column":0},"end":{"line":19,"column":26}}},"fnMap":{},"branchMap":{},"s":{"0":6,"1":6,"2":6,"3":6,"4":6},"f":{},"b":{},"_coverageSchema":"1a1c01bbd47fc00a2c39e90264f33305004495a9","hash":"ef01d43a3065081b5ce015be4b1c819104590b47"}
,"/home/irfiyanda/Documents/studi-independen-binar/FP-LMS/Backend/app/models/transaction.js": {"path":"/home/irfiyanda/Documents/studi-independen-binar/FP-LMS/Backend/app/models/transaction.js","statementMap":{"0":{"start":{"line":1,"column":17},"end":{"line":1,"column":36}},"1":{"start":{"line":2,"column":19},"end":{"line":2,"column":42}},"2":{"start":{"line":4,"column":26},"end":{"line":27,"column":2}},"3":{"start":{"line":29,"column":20},"end":{"line":29,"column":68}},"4":{"start":{"line":31,"column":0},"end":{"line":31,"column":29}}},"fnMap":{},"branchMap":{},"s":{"0":6,"1":6,"2":6,"3":6,"4":6},"f":{},"b":{},"_coverageSchema":"1a1c01bbd47fc00a2c39e90264f33305004495a9","hash":"d2ca8174193cf64d952a304c7bbe8c85a3a765b8"}
,"/home/irfiyanda/Documents/studi-independen-binar/FP-LMS/Backend/app/models/user.js": {"path":"/home/irfiyanda/Documents/studi-independen-binar/FP-LMS/Backend/app/models/user.js","statementMap":{"0":{"start":{"line":1,"column":17},"end":{"line":1,"column":36}},"1":{"start":{"line":2,"column":19},"end":{"line":2,"column":42}},"2":{"start":{"line":4,"column":19},"end":{"line":59,"column":2}},"3":{"start":{"line":61,"column":13},"end":{"line":61,"column":47}},"4":{"start":{"line":63,"column":0},"end":{"line":63,"column":22}}},"fnMap":{},"branchMap":{},"s":{"0":6,"1":6,"2":6,"3":6,"4":6},"f":{},"b":{},"_coverageSchema":"1a1c01bbd47fc00a2c39e90264f33305004495a9","hash":"4e061c651618bb3fbe566b5839aaa9536fff21c3"}
,"/home/irfiyanda/Documents/studi-independen-binar/FP-LMS/Backend/app/routes/auth.js": {"path":"/home/irfiyanda/Documents/studi-independen-binar/FP-LMS/Backend/app/routes/auth.js","statementMap":{"0":{"start":{"line":1,"column":14},"end":{"line":1,"column":41}},"1":{"start":{"line":2,"column":23},"end":{"line":2,"column":53}},"2":{"start":{"line":4,"column":0},"end":{"line":4,"column":43}},"3":{"start":{"line":5,"column":0},"end":{"line":5,"column":54}},"4":{"start":{"line":6,"column":0},"end":{"line":6,"column":49}},"5":{"start":{"line":7,"column":0},"end":{"line":7,"column":54}},"6":{"start":{"line":8,"column":0},"end":{"line":8,"column":52}},"7":{"start":{"line":9,"column":0},"end":{"line":9,"column":62}},"8":{"start":{"line":10,"column":0},"end":{"line":10,"column":68}},"9":{"start":{"line":11,"column":0},"end":{"line":11,"column":47}},"10":{"start":{"line":13,"column":0},"end":{"line":13,"column":23}}},"fnMap":{},"branchMap":{},"s":{"0":6,"1":6,"2":6,"3":6,"4":6,"5":6,"6":6,"7":6,"8":6,"9":6,"10":6},"f":{},"b":{},"_coverageSchema":"1a1c01bbd47fc00a2c39e90264f33305004495a9","hash":"f524d448230829f8cf35e76f69f0d1984796eb29"}
,"/home/irfiyanda/Documents/studi-independen-binar/FP-LMS/Backend/app/routes/category.js": {"path":"/home/irfiyanda/Documents/studi-independen-binar/FP-LMS/Backend/app/routes/category.js","statementMap":{"0":{"start":{"line":1,"column":14},"end":{"line":1,"column":41}},"1":{"start":{"line":2,"column":27},"end":{"line":2,"column":61}},"2":{"start":{"line":4,"column":0},"end":{"line":4,"column":53}},"3":{"start":{"line":5,"column":0},"end":{"line":5,"column":63}},"4":{"start":{"line":6,"column":0},"end":{"line":6,"column":66}},"5":{"start":{"line":8,"column":0},"end":{"line":8,"column":23}}},"fnMap":{},"branchMap":{},"s":{"0":6,"1":6,"2":6,"3":6,"4":6,"5":6},"f":{},"b":{},"_coverageSchema":"1a1c01bbd47fc00a2c39e90264f33305004495a9","hash":"bb574dedc586623a7d67d367094ac711a9be8fd7"}
,"/home/irfiyanda/Documents/studi-independen-binar/FP-LMS/Backend/app/routes/chapter.js": {"path":"/home/irfiyanda/Documents/studi-independen-binar/FP-LMS/Backend/app/routes/chapter.js","statementMap":{"0":{"start":{"line":2,"column":14},"end":{"line":2,"column":41}},"1":{"start":{"line":3,"column":26},"end":{"line":3,"column":59}},"2":{"start":{"line":4,"column":21},"end":{"line":4,"column":58}},"3":{"start":{"line":5,"column":18},"end":{"line":5,"column":56}},"4":{"start":{"line":6,"column":21},"end":{"line":6,"column":56}},"5":{"start":{"line":8,"column":0},"end":{"line":8,"column":83}},"6":{"start":{"line":9,"column":0},"end":{"line":9,"column":49}},"7":{"start":{"line":10,"column":0},"end":{"line":10,"column":112}},"8":{"start":{"line":11,"column":0},"end":{"line":11,"column":77}},"9":{"start":{"line":13,"column":0},"end":{"line":13,"column":23}}},"fnMap":{},"branchMap":{},"s":{"0":6,"1":6,"2":6,"3":6,"4":6,"5":6,"6":6,"7":6,"8":6,"9":6},"f":{},"b":{},"_coverageSchema":"1a1c01bbd47fc00a2c39e90264f33305004495a9","hash":"07a720d8e4ef2066bb925fa576c04259d6631080"}
,"/home/irfiyanda/Documents/studi-independen-binar/FP-LMS/Backend/app/routes/course.js": {"path":"/home/irfiyanda/Documents/studi-independen-binar/FP-LMS/Backend/app/routes/course.js","statementMap":{"0":{"start":{"line":2,"column":14},"end":{"line":2,"column":41}},"1":{"start":{"line":3,"column":25},"end":{"line":3,"column":57}},"2":{"start":{"line":4,"column":15},"end":{"line":4,"column":32}},"3":{"start":{"line":5,"column":20},"end":{"line":5,"column":53}},"4":{"start":{"line":6,"column":16},"end":{"line":6,"column":38}},"5":{"start":{"line":7,"column":15},"end":{"line":7,"column":41}},"6":{"start":{"line":8,"column":21},"end":{"line":8,"column":58}},"7":{"start":{"line":9,"column":21},"end":{"line":9,"column":56}},"8":{"start":{"line":10,"column":18},"end":{"line":10,"column":56}},"9":{"start":{"line":12,"column":0},"end":{"line":12,"column":47}},"10":{"start":{"line":13,"column":0},"end":{"line":13,"column":81}},"11":{"start":{"line":14,"column":0},"end":{"line":14,"column":88}},"12":{"start":{"line":15,"column":0},"end":{"line":15,"column":150}},"13":{"start":{"line":16,"column":0},"end":{"line":16,"column":110}},"14":{"start":{"line":18,"column":0},"end":{"line":18,"column":23}}},"fnMap":{},"branchMap":{},"s":{"0":6,"1":6,"2":6,"3":6,"4":6,"5":6,"6":6,"7":6,"8":6,"9":6,"10":6,"11":6,"12":6,"13":6,"14":6},"f":{},"b":{},"_coverageSchema":"1a1c01bbd47fc00a2c39e90264f33305004495a9","hash":"19bca592c98e46a49d4b26baedebf9cf196740ff"}
,"/home/irfiyanda/Documents/studi-independen-binar/FP-LMS/Backend/app/routes/notif.js": {"path":"/home/irfiyanda/Documents/studi-independen-binar/FP-LMS/Backend/app/routes/notif.js","statementMap":{"0":{"start":{"line":2,"column":14},"end":{"line":2,"column":41}},"1":{"start":{"line":3,"column":22},"end":{"line":3,"column":59}},"2":{"start":{"line":4,"column":21},"end":{"line":4,"column":59}},"3":{"start":{"line":5,"column":21},"end":{"line":5,"column":56}},"4":{"start":{"line":6,"column":18},"end":{"line":6,"column":56}},"5":{"start":{"line":8,"column":0},"end":{"line":8,"column":100}},"6":{"start":{"line":9,"column":0},"end":{"line":9,"column":88}},"7":{"start":{"line":10,"column":0},"end":{"line":10,"column":60}},"8":{"start":{"line":11,"column":0},"end":{"line":11,"column":96}},"9":{"start":{"line":13,"column":0},"end":{"line":13,"column":23}}},"fnMap":{},"branchMap":{},"s":{"0":6,"1":6,"2":6,"3":6,"4":6,"5":6,"6":6,"7":6,"8":6,"9":6},"f":{},"b":{},"_coverageSchema":"1a1c01bbd47fc00a2c39e90264f33305004495a9","hash":"a92cfc1a6e89ce3adb2767c73af305c983533cc4"}
,"/home/irfiyanda/Documents/studi-independen-binar/FP-LMS/Backend/app/routes/payment.js": {"path":"/home/irfiyanda/Documents/studi-independen-binar/FP-LMS/Backend/app/routes/payment.js","statementMap":{"0":{"start":{"line":2,"column":14},"end":{"line":2,"column":41}},"1":{"start":{"line":3,"column":26},"end":{"line":3,"column":59}},"2":{"start":{"line":4,"column":21},"end":{"line":4,"column":58}},"3":{"start":{"line":5,"column":18},"end":{"line":5,"column":56}},"4":{"start":{"line":7,"column":0},"end":{"line":7,"column":74}},"5":{"start":{"line":8,"column":0},"end":{"line":8,"column":94}},"6":{"start":{"line":9,"column":0},"end":{"line":9,"column":63}},"7":{"start":{"line":10,"column":0},"end":{"line":10,"column":67}},"8":{"start":{"line":12,"column":0},"end":{"line":12,"column":23}}},"fnMap":{},"branchMap":{},"s":{"0":6,"1":6,"2":6,"3":6,"4":6,"5":6,"6":6,"7":6,"8":6},"f":{},"b":{},"_coverageSchema":"1a1c01bbd47fc00a2c39e90264f33305004495a9","hash":"57162eef4da992faea0498ef04793878e1039d2f"}
,"/home/irfiyanda/Documents/studi-independen-binar/FP-LMS/Backend/app/routes/progress.js": {"path":"/home/irfiyanda/Documents/studi-independen-binar/FP-LMS/Backend/app/routes/progress.js","statementMap":{"0":{"start":{"line":1,"column":14},"end":{"line":1,"column":41}},"1":{"start":{"line":2,"column":27},"end":{"line":2,"column":61}},"2":{"start":{"line":3,"column":21},"end":{"line":3,"column":58}},"3":{"start":{"line":5,"column":0},"end":{"line":5,"column":67}},"4":{"start":{"line":6,"column":0},"end":{"line":6,"column":65}},"5":{"start":{"line":8,"column":0},"end":{"line":8,"column":23}}},"fnMap":{},"branchMap":{},"s":{"0":6,"1":6,"2":6,"3":6,"4":6,"5":6},"f":{},"b":{},"_coverageSchema":"1a1c01bbd47fc00a2c39e90264f33305004495a9","hash":"37556dff6262e75f56f51583b690a49d14f0d4b2"}
,"/home/irfiyanda/Documents/studi-independen-binar/FP-LMS/Backend/app/routes/user.js": {"path":"/home/irfiyanda/Documents/studi-independen-binar/FP-LMS/Backend/app/routes/user.js","statementMap":{"0":{"start":{"line":2,"column":14},"end":{"line":2,"column":41}},"1":{"start":{"line":3,"column":22},"end":{"line":3,"column":59}},"2":{"start":{"line":4,"column":23},"end":{"line":4,"column":53}},"3":{"start":{"line":5,"column":15},"end":{"line":5,"column":32}},"4":{"start":{"line":6,"column":20},"end":{"line":6,"column":53}},"5":{"start":{"line":7,"column":21},"end":{"line":7,"column":56}},"6":{"start":{"line":8,"column":16},"end":{"line":8,"column":38}},"7":{"start":{"line":9,"column":15},"end":{"line":9,"column":41}},"8":{"start":{"line":11,"column":0},"end":{"line":11,"column":104}},"9":{"start":{"line":12,"column":0},"end":{"line":12,"column":58}},"10":{"start":{"line":13,"column":0},"end":{"line":13,"column":83}},"11":{"start":{"line":14,"column":0},"end":{"line":14,"column":128}},"12":{"start":{"line":16,"column":0},"end":{"line":16,"column":23}}},"fnMap":{},"branchMap":{},"s":{"0":6,"1":6,"2":6,"3":6,"4":6,"5":6,"6":6,"7":6,"8":6,"9":6,"10":6,"11":6,"12":6},"f":{},"b":{},"_coverageSchema":"1a1c01bbd47fc00a2c39e90264f33305004495a9","hash":"dceb3df359c68a8042204a8ba2cdce89599e6eef"}
,"/home/irfiyanda/Documents/studi-independen-binar/FP-LMS/Backend/app/routes/video.js": {"path":"/home/irfiyanda/Documents/studi-independen-binar/FP-LMS/Backend/app/routes/video.js","statementMap":{"0":{"start":{"line":2,"column":14},"end":{"line":2,"column":41}},"1":{"start":{"line":3,"column":24},"end":{"line":3,"column":55}},"2":{"start":{"line":4,"column":21},"end":{"line":4,"column":58}},"3":{"start":{"line":5,"column":18},"end":{"line":5,"column":56}},"4":{"start":{"line":7,"column":0},"end":{"line":7,"column":79}},"5":{"start":{"line":8,"column":0},"end":{"line":8,"column":84}},"6":{"start":{"line":9,"column":0},"end":{"line":9,"column":83}},"7":{"start":{"line":11,"column":0},"end":{"line":11,"column":23}}},"fnMap":{},"branchMap":{},"s":{"0":6,"1":6,"2":6,"3":6,"4":6,"5":6,"6":6,"7":6},"f":{},"b":{},"_coverageSchema":"1a1c01bbd47fc00a2c39e90264f33305004495a9","hash":"429339c3de7ff03036cc7113d6fb1dceea9b76c1"}
,"/home/irfiyanda/Documents/studi-independen-binar/FP-LMS/Backend/app/utils/apiError.js": {"path":"/home/irfiyanda/Documents/studi-independen-binar/FP-LMS/Backend/app/utils/apiError.js","statementMap":{"0":{"start":{"line":3,"column":4},"end":{"line":3,"column":19}},"1":{"start":{"line":5,"column":4},"end":{"line":5,"column":33}},"2":{"start":{"line":6,"column":4},"end":{"line":6,"column":71}},"3":{"start":{"line":8,"column":4},"end":{"line":8,"column":52}},"4":{"start":{"line":12,"column":0},"end":{"line":12,"column":26}}},"fnMap":{"0":{"name":"(anonymous_0)","decl":{"start":{"line":2,"column":2},"end":{"line":2,"column":3}},"loc":{"start":{"line":2,"column":35},"end":{"line":9,"column":3}},"line":2}},"branchMap":{"0":{"loc":{"start":{"line":6,"column":18},"end":{"line":6,"column":70}},"type":"cond-expr","locations":[{"start":{"line":6,"column":52},"end":{"line":6,"column":60}},{"start":{"line":6,"column":63},"end":{"line":6,"column":70}}],"line":6}},"s":{"0":38,"1":38,"2":38,"3":38,"4":6},"f":{"0":38},"b":{"0":[38,0]},"_coverageSchema":"1a1c01bbd47fc00a2c39e90264f33305004495a9","hash":"9a2e866a511e57c33a73bb1a0b6d0ce53c3d63b6"}
,"/home/irfiyanda/Documents/studi-independen-binar/FP-LMS/Backend/database/index.js": {"path":"/home/irfiyanda/Documents/studi-independen-binar/FP-LMS/Backend/database/index.js","statementMap":{"0":{"start":{"line":1,"column":17},"end":{"line":1,"column":36}},"1":{"start":{"line":3,"column":21},"end":{"line":3,"column":45}},"2":{"start":{"line":7,"column":2},"end":{"line":14,"column":9}},"3":{"start":{"line":10,"column":8},"end":{"line":10,"column":44}},"4":{"start":{"line":13,"column":8},"end":{"line":13,"column":59}},"5":{"start":{"line":19,"column":2},"end":{"line":19,"column":30}},"6":{"start":{"line":22,"column":0},"end":{"line":22,"column":39}}},"fnMap":{"0":{"name":"connect","decl":{"start":{"line":6,"column":15},"end":{"line":6,"column":22}},"loc":{"start":{"line":6,"column":25},"end":{"line":15,"column":1}},"line":6},"1":{"name":"(anonymous_1)","decl":{"start":{"line":9,"column":12},"end":{"line":9,"column":13}},"loc":{"start":{"line":9,"column":18},"end":{"line":11,"column":7}},"line":9},"2":{"name":"(anonymous_2)","decl":{"start":{"line":12,"column":13},"end":{"line":12,"column":14}},"loc":{"start":{"line":12,"column":24},"end":{"line":14,"column":7}},"line":12},"3":{"name":"disconnect","decl":{"start":{"line":18,"column":15},"end":{"line":18,"column":25}},"loc":{"start":{"line":18,"column":28},"end":{"line":20,"column":1}},"line":18}},"branchMap":{},"s":{"0":6,"1":6,"2":6,"3":6,"4":0,"5":0,"6":6},"f":{"0":6,"1":6,"2":0,"3":0},"b":{},"_coverageSchema":"1a1c01bbd47fc00a2c39e90264f33305004495a9","hash":"6511c7794d3896b6a67744a7f01ba2e363d90a2d"}
}
