TN:
SF:app/index.js
FN:46,(anonymous_0)
FNF:1
FNH:0
FNDA:0,(anonymous_0)
DA:1,3
DA:2,3
DA:3,3
DA:4,3
DA:5,3
DA:6,3
DA:7,3
DA:8,3
DA:9,3
DA:11,3
DA:12,3
DA:13,3
DA:15,3
DA:16,3
DA:17,3
DA:18,3
DA:19,3
DA:20,3
DA:21,3
DA:22,3
DA:24,3
DA:26,3
DA:27,3
DA:28,3
DA:29,3
DA:30,3
DA:31,3
DA:32,3
DA:34,3
DA:35,3
DA:36,3
DA:37,3
DA:38,3
DA:39,3
DA:40,3
DA:41,3
DA:43,3
DA:44,3
DA:46,3
DA:47,0
DA:49,3
DA:51,3
LF:42
LH:41
BRF:0
BRH:0
end_of_record
TN:
SF:app/controllers/auth.js
FN:13,(anonymous_0)
FN:66,(anonymous_1)
FN:90,(anonymous_2)
FN:142,(anonymous_3)
FN:172,(anonymous_4)
FN:199,(anonymous_5)
FN:230,(anonymous_6)
FN:270,(anonymous_7)
FNF:8
FNH:1
FNDA:4,(anonymous_0)
FNDA:0,(anonymous_1)
FNDA:0,(anonymous_2)
FNDA:0,(anonymous_3)
FNDA:0,(anonymous_4)
FNDA:0,(anonymous_5)
FNDA:0,(anonymous_6)
FNDA:0,(anonymous_7)
DA:1,3
DA:2,3
DA:3,3
DA:5,3
DA:6,3
DA:7,3
DA:8,3
DA:9,3
DA:10,3
DA:11,3
DA:13,3
DA:14,4
DA:15,4
DA:16,4
DA:18,4
DA:28,4
DA:30,3
DA:31,3
DA:33,2
DA:40,2
DA:44,2
DA:48,2
DA:49,2
DA:51,2
DA:56,2
DA:59,2
DA:60,2
DA:62,0
DA:66,3
DA:67,0
DA:68,0
DA:69,0
DA:71,0
DA:75,0
DA:77,0
DA:78,0
DA:80,0
DA:81,0
DA:86,0
DA:90,3
DA:91,0
DA:93,0
DA:94,0
DA:96,0
DA:97,0
DA:99,0
DA:101,0
DA:103,0
DA:105,0
DA:106,0
DA:108,0
DA:109,0
DA:111,0
DA:121,0
DA:127,0
DA:129,0
DA:136,0
DA:138,0
DA:142,3
DA:143,0
DA:144,0
DA:145,0
DA:147,0
DA:148,0
DA:150,0
DA:158,0
DA:164,0
DA:166,0
DA:168,0
DA:172,3
DA:173,0
DA:174,0
DA:175,0
DA:178,0
DA:179,0
DA:181,0
DA:182,0
DA:183,0
DA:185,0
DA:191,0
DA:193,0
DA:195,0
DA:199,3
DA:200,0
DA:201,0
DA:202,0
DA:204,0
DA:205,0
DA:207,0
DA:208,0
DA:209,0
DA:211,0
DA:212,0
DA:214,0
DA:216,0
DA:222,0
DA:224,0
DA:226,0
DA:230,3
DA:231,0
DA:232,0
DA:233,0
DA:234,0
DA:236,0
DA:243,0
DA:244,0
DA:245,0
DA:247,0
DA:248,0
DA:250,0
DA:251,0
DA:252,0
DA:254,0
DA:256,0
DA:262,0
DA:264,0
DA:266,0
DA:270,3
DA:271,0
DA:273,0
DA:274,0
DA:275,0
DA:279,0
DA:280,0
DA:281,0
DA:290,0
DA:292,0
DA:295,0
DA:298,0
DA:302,3
LF:130
LH:35
BRDA:16,0,0,0
BRDA:16,0,1,4
BRDA:16,1,0,4
BRDA:16,1,1,4
BRDA:28,2,0,1
BRDA:28,2,1,3
BRDA:31,3,0,1
BRDA:31,3,1,2
BRDA:69,4,0,0
BRDA:69,4,1,0
BRDA:75,5,0,0
BRDA:75,5,1,0
BRDA:94,6,0,0
BRDA:94,6,1,0
BRDA:94,7,0,0
BRDA:94,7,1,0
BRDA:94,7,2,0
BRDA:94,7,3,0
BRDA:99,8,0,0
BRDA:99,8,1,0
BRDA:101,9,0,0
BRDA:101,9,1,0
BRDA:103,10,0,0
BRDA:103,10,1,0
BRDA:145,11,0,0
BRDA:145,11,1,0
BRDA:178,12,0,0
BRDA:178,12,1,0
BRDA:179,13,0,0
BRDA:179,13,1,0
BRDA:202,14,0,0
BRDA:202,14,1,0
BRDA:205,15,0,0
BRDA:205,15,1,0
BRDA:234,16,0,0
BRDA:234,16,1,0
BRDA:234,17,0,0
BRDA:234,17,1,0
BRDA:243,18,0,0
BRDA:243,18,1,0
BRDA:244,19,0,0
BRDA:244,19,1,0
BRDA:245,20,0,0
BRDA:245,20,1,0
BRDA:274,21,0,0
BRDA:274,21,1,0
BRDA:274,22,0,0
BRDA:274,22,1,0
BRDA:279,23,0,0
BRDA:279,23,1,0
BRDA:279,24,0,0
BRDA:279,24,1,0
BRDA:280,25,0,0
BRDA:280,25,1,0
BRF:54
BRH:7
end_of_record
TN:
SF:app/controllers/category.js
FN:5,(anonymous_0)
FNF:1
FNH:1
FNDA:2,(anonymous_0)
DA:1,3
DA:2,3
DA:3,3
DA:5,3
DA:6,2
DA:7,2
DA:8,2
DA:10,0
DA:14,3
LF:9
LH:8
BRF:0
BRH:0
end_of_record
TN:
SF:app/controllers/chapter.js
FN:6,(anonymous_0)
FN:28,(anonymous_1)
FN:46,(anonymous_2)
FN:56,(anonymous_3)
FNF:4
FNH:0
FNDA:0,(anonymous_0)
FNDA:0,(anonymous_1)
FNDA:0,(anonymous_2)
FNDA:0,(anonymous_3)
DA:1,3
DA:2,3
DA:3,3
DA:4,3
DA:6,3
DA:7,0
DA:8,0
DA:9,0
DA:10,0
DA:11,0
DA:13,0
DA:14,0
DA:18,0
DA:20,0
DA:22,0
DA:24,0
DA:28,3
DA:29,0
DA:30,0
DA:31,0
DA:32,0
DA:38,0
DA:40,0
DA:42,0
DA:46,3
DA:47,0
DA:48,0
DA:50,0
DA:52,0
DA:56,3
DA:57,0
DA:58,0
DA:59,0
DA:64,0
DA:66,0
DA:70,3
LF:36
LH:9
BRDA:11,0,0,0
BRDA:11,0,1,0
BRDA:13,1,0,0
BRDA:13,1,1,0
BRDA:13,2,0,0
BRDA:13,2,1,0
BRF:6
BRH:0
end_of_record
TN:
SF:app/controllers/course.js
FN:7,(anonymous_0)
FN:31,(anonymous_1)
FN:64,(anonymous_2)
FN:92,(anonymous_3)
FN:126,(anonymous_4)
FNF:5
FNH:5
FNDA:2,(anonymous_0)
FNDA:2,(anonymous_1)
FNDA:2,(anonymous_2)
FNDA:1,(anonymous_3)
FNDA:1,(anonymous_4)
DA:1,3
DA:2,3
DA:3,3
DA:4,3
DA:5,3
DA:7,3
DA:8,2
DA:10,2
DA:11,2
DA:12,2
DA:22,2
DA:23,2
DA:24,1
DA:25,1
DA:27,0
DA:31,3
DA:32,2
DA:33,2
DA:35,2
DA:37,2
DA:38,0
DA:40,2
DA:54,2
DA:55,2
DA:56,1
DA:58,1
DA:60,0
DA:64,3
DA:65,2
DA:66,2
DA:67,2
DA:70,2
DA:71,0
DA:73,2
DA:74,0
DA:76,2
DA:77,0
DA:78,0
DA:80,2
DA:81,0
DA:82,0
DA:84,2
DA:86,2
DA:88,0
DA:92,3
DA:93,1
DA:94,1
DA:95,1
DA:96,1
DA:97,1
DA:98,1
DA:99,1
DA:100,1
DA:101,1
DA:102,0
DA:110,0
DA:112,1
DA:120,1
DA:122,0
DA:126,3
DA:127,1
DA:128,1
DA:129,1
DA:130,1
DA:132,0
DA:135,3
LF:66
LH:52
BRDA:11,0,0,0
BRDA:11,0,1,2
BRDA:11,1,0,2
BRDA:11,1,1,2
BRDA:11,1,2,2
BRDA:11,1,3,2
BRDA:11,1,4,2
BRDA:11,1,5,2
BRDA:11,1,6,2
BRDA:11,1,7,2
BRDA:23,2,0,1
BRDA:23,2,1,1
BRDA:37,3,0,0
BRDA:37,3,1,2
BRDA:55,4,0,1
BRDA:55,4,1,1
BRDA:70,5,0,0
BRDA:70,5,1,2
BRDA:73,6,0,0
BRDA:73,6,1,2
BRDA:76,7,0,0
BRDA:76,7,1,2
BRDA:80,8,0,0
BRDA:80,8,1,2
BRDA:101,9,0,0
BRDA:101,9,1,1
BRDA:101,10,0,1
BRDA:101,10,1,1
BRF:28
BRH:21
end_of_record
TN:
SF:app/controllers/errorController.js
FN:1,(anonymous_0)
FNF:1
FNH:1
FNDA:11,(anonymous_0)
DA:1,3
DA:2,11
DA:3,11
DA:4,11
DA:6,11
LF:5
LH:5
BRDA:2,0,0,11
BRDA:2,0,1,0
BRDA:3,1,0,11
BRDA:3,1,1,0
BRF:4
BRH:2
end_of_record
TN:
SF:app/controllers/notification.js
FN:6,(anonymous_0)
FN:16,(anonymous_1)
FN:27,(anonymous_2)
FN:33,(anonymous_3)
FN:47,(anonymous_4)
FNF:5
FNH:0
FNDA:0,(anonymous_0)
FNDA:0,(anonymous_1)
FNDA:0,(anonymous_2)
FNDA:0,(anonymous_3)
FNDA:0,(anonymous_4)
DA:1,3
DA:2,3
DA:3,3
DA:4,3
DA:6,3
DA:7,0
DA:8,0
DA:10,0
DA:12,0
DA:16,3
DA:17,0
DA:18,0
DA:19,0
DA:21,0
DA:23,0
DA:27,3
DA:28,0
DA:29,0
DA:30,0
DA:32,0
DA:33,0
DA:34,0
DA:41,0
DA:43,0
DA:47,3
DA:48,0
DA:49,0
DA:50,0
DA:52,0
DA:53,0
DA:55,0
DA:61,0
DA:63,0
DA:67,3
LF:34
LH:9
BRDA:30,0,0,0
BRDA:30,0,1,0
BRDA:30,1,0,0
BRDA:30,1,1,0
BRDA:50,2,0,0
BRDA:50,2,1,0
BRDA:50,3,0,0
BRDA:50,3,1,0
BRDA:50,3,2,0
BRDA:53,4,0,0
BRDA:53,4,1,0
BRF:11
BRH:0
end_of_record
TN:
SF:app/controllers/payment.js
FN:8,(anonymous_0)
FN:48,(anonymous_1)
FN:83,(anonymous_2)
FN:93,(anonymous_3)
FNF:4
FNH:0
FNDA:0,(anonymous_0)
FNDA:0,(anonymous_1)
FNDA:0,(anonymous_2)
FNDA:0,(anonymous_3)
DA:1,3
DA:2,3
DA:3,3
DA:4,3
DA:5,3
DA:6,3
DA:8,3
DA:9,0
DA:10,0
DA:11,0
DA:16,0
DA:22,0
DA:42,0
DA:44,0
DA:48,3
DA:49,0
DA:50,0
DA:51,0
DA:52,0
DA:57,0
DA:58,0
DA:59,0
DA:60,0
DA:61,0
DA:62,0
DA:64,0
DA:66,0
DA:67,0
DA:71,0
DA:72,0
DA:77,0
DA:79,0
DA:83,3
DA:84,0
DA:85,0
DA:87,0
DA:89,0
DA:93,3
DA:94,0
DA:95,0
DA:97,0
DA:99,0
DA:103,3
LF:43
LH:11
BRDA:57,0,0,0
BRDA:57,0,1,0
BRDA:58,1,0,0
BRDA:58,1,1,0
BRDA:58,2,0,0
BRDA:58,2,1,0
BRDA:60,3,0,0
BRDA:60,3,1,0
BRDA:66,4,0,0
BRDA:66,4,1,0
BRF:10
BRH:0
end_of_record
TN:
SF:app/controllers/resBase.js
FN:1,(anonymous_0)
FNF:1
FNH:1
FNDA:10,(anonymous_0)
DA:1,3
DA:2,10
DA:9,3
LF:3
LH:3
BRF:0
BRH:0
end_of_record
TN:
SF:app/controllers/user.js
FN:7,(anonymous_0)
FN:16,(anonymous_1)
FN:27,(anonymous_2)
FN:56,(anonymous_3)
FNF:4
FNH:0
FNDA:0,(anonymous_0)
FNDA:0,(anonymous_1)
FNDA:0,(anonymous_2)
FNDA:0,(anonymous_3)
DA:1,3
DA:2,3
DA:3,3
DA:4,3
DA:5,3
DA:7,3
DA:8,0
DA:9,0
DA:10,0
DA:12,0
DA:16,3
DA:17,0
DA:18,0
DA:19,0
DA:21,0
DA:23,0
DA:27,3
DA:28,0
DA:29,0
DA:30,0
DA:31,0
DA:32,0
DA:33,0
DA:36,0
DA:45,0
DA:49,0
DA:51,0
DA:52,0
DA:56,3
DA:57,0
DA:58,0
DA:59,0
DA:60,0
DA:62,0
DA:64,0
DA:65,0
DA:68,0
DA:69,0
DA:72,0
DA:73,0
DA:76,0
DA:77,0
DA:78,0
DA:80,0
DA:86,0
DA:88,0
DA:90,0
DA:92,0
DA:96,3
LF:49
LH:10
BRDA:32,0,0,0
BRDA:32,0,1,0
BRDA:60,1,0,0
BRDA:60,1,1,0
BRDA:60,2,0,0
BRDA:60,2,1,0
BRDA:60,2,2,0
BRDA:64,3,0,0
BRDA:64,3,1,0
BRDA:68,4,0,0
BRDA:68,4,1,0
BRDA:72,5,0,0
BRDA:72,5,1,0
BRF:13
BRH:0
end_of_record
TN:
SF:app/controllers/video.js
FN:5,(anonymous_0)
FN:33,(anonymous_1)
FN:44,(anonymous_2)
FNF:3
FNH:0
FNDA:0,(anonymous_0)
FNDA:0,(anonymous_1)
FNDA:0,(anonymous_2)
DA:1,3
DA:2,3
DA:3,3
DA:5,3
DA:6,0
DA:7,0
DA:8,0
DA:9,0
DA:11,0
DA:12,0
DA:14,0
DA:19,0
DA:27,0
DA:29,0
DA:33,3
DA:34,0
DA:35,0
DA:36,0
DA:37,0
DA:38,0
DA:40,0
DA:44,3
DA:45,0
DA:46,0
DA:47,0
DA:48,0
DA:49,0
DA:54,0
DA:55,0
DA:56,0
DA:58,0
DA:59,0
DA:61,0
DA:65,3
LF:34
LH:7
BRDA:9,0,0,0
BRDA:9,0,1,0
BRDA:9,1,0,0
BRDA:9,1,1,0
BRDA:9,1,2,0
BRDA:12,2,0,0
BRDA:12,2,1,0
BRDA:55,3,0,0
BRDA:55,3,1,0
BRF:9
BRH:0
end_of_record
TN:
SF:app/data/emailMessage.js
FN:1,(anonymous_0)
FN:40,(anonymous_1)
FN:81,(anonymous_2)
FN:120,(anonymous_3)
FNF:4
FNH:0
FNDA:0,(anonymous_0)
FNDA:0,(anonymous_1)
FNDA:0,(anonymous_2)
FNDA:0,(anonymous_3)
DA:1,3
DA:2,0
DA:40,3
DA:41,0
DA:81,3
DA:82,0
DA:120,3
DA:121,0
DA:159,3
LF:9
LH:5
BRF:0
BRH:0
end_of_record
TN:
SF:app/helpers/nodemailer.js
FN:3,(anonymous_0)
FNF:1
FNH:0
FNDA:0,(anonymous_0)
DA:1,3
DA:3,3
DA:4,0
DA:14,0
DA:22,0
DA:23,0
DA:26,3
LF:7
LH:3
BRF:0
BRH:0
end_of_record
TN:
SF:app/helpers/otpGenerator.js
FN:1,generateOTP
FNF:1
FNH:0
FNDA:0,generateOTP
DA:2,0
DA:3,0
DA:6,3
LF:3
LH:1
BRF:0
BRH:0
end_of_record
TN:
SF:app/helpers/uploadImage.js
FN:12,(anonymous_0)
FN:19,(anonymous_1)
FN:22,(anonymous_2)
FNF:3
FNH:1
FNDA:2,(anonymous_0)
FNDA:0,(anonymous_1)
FNDA:0,(anonymous_2)
DA:1,3
DA:2,3
DA:3,3
DA:4,3
DA:6,3
DA:12,3
DA:13,2
DA:14,0
DA:16,0
DA:20,0
DA:21,0
DA:23,0
DA:26,2
DA:30,3
LF:14
LH:9
BRDA:13,0,0,0
BRDA:13,0,1,2
BRF:2
BRH:1
end_of_record
TN:
SF:app/middleware/authenticate.js
FN:5,(anonymous_0)
FNF:1
FNH:1
FNDA:13,(anonymous_0)
DA:1,3
DA:2,3
DA:3,3
DA:5,3
DA:6,13
DA:7,13
DA:9,13
DA:10,4
DA:12,9
DA:13,9
DA:14,9
DA:15,9
DA:16,9
DA:18,0
LF:14
LH:13
BRDA:9,0,0,4
BRDA:9,0,1,9
BRF:2
BRH:2
end_of_record
TN:
SF:app/middleware/authorization.js
FN:3,(anonymous_0)
FN:4,(anonymous_1)
FNF:2
FNH:2
FNDA:30,(anonymous_0)
FNDA:7,(anonymous_1)
DA:1,3
DA:3,3
DA:4,30
DA:5,7
DA:6,7
DA:8,7
DA:9,0
DA:11,7
DA:13,0
DA:18,3
LF:10
LH:8
BRDA:8,0,0,0
BRDA:8,0,1,7
BRF:2
BRH:1
end_of_record
TN:
SF:app/middleware/validation.js
FN:4,(anonymous_0)
FN:16,(anonymous_1)
FN:17,(anonymous_2)
FNF:3
FNH:3
FNDA:7,(anonymous_0)
FNDA:27,(anonymous_1)
FNDA:7,(anonymous_2)
DA:1,3
DA:2,3
DA:4,3
DA:5,7
DA:6,7
DA:7,7
DA:8,3
DA:10,4
DA:12,0
DA:16,3
DA:17,27
DA:18,7
DA:19,7
DA:20,0
DA:22,7
DA:26,3
LF:16
LH:14
BRDA:7,0,0,3
BRDA:7,0,1,4
BRDA:19,1,0,0
BRDA:19,1,1,7
BRF:4
BRH:3
end_of_record
TN:
SF:app/models/baseSchema.js
FN:5,(anonymous_0)
FN:9,(anonymous_1)
FNF:2
FNH:2
FNDA:21,(anonymous_0)
FNDA:3,(anonymous_1)
DA:1,3
DA:2,3
DA:6,21
DA:9,3
DA:30,21
DA:32,21
DA:36,3
LF:7
LH:7
BRF:0
BRH:0
end_of_record
TN:
SF:app/models/category.js
FNF:0
FNH:0
DA:1,3
DA:2,3
DA:4,3
DA:14,3
DA:16,3
LF:5
LH:5
BRF:0
BRH:0
end_of_record
TN:
SF:app/models/chapter.js
FNF:0
FNH:0
DA:1,3
DA:2,3
DA:4,3
DA:30,3
DA:32,3
LF:5
LH:5
BRF:0
BRH:0
end_of_record
TN:
SF:app/models/course.js
FNF:0
FNH:0
DA:1,3
DA:2,3
DA:4,3
DA:60,3
DA:62,3
LF:5
LH:5
BRF:0
BRH:0
end_of_record
TN:
SF:app/models/notification.js
FNF:0
FNH:0
DA:1,3
DA:2,3
DA:4,3
DA:24,3
DA:26,3
LF:5
LH:5
BRF:0
BRH:0
end_of_record
TN:
SF:app/models/purchase.js
FNF:0
FNH:0
DA:1,3
DA:2,3
DA:4,3
DA:17,3
DA:19,3
LF:5
LH:5
BRF:0
BRH:0
end_of_record
TN:
SF:app/models/transaction.js
FNF:0
FNH:0
DA:1,3
DA:2,3
DA:4,3
DA:29,3
DA:31,3
LF:5
LH:5
BRF:0
BRH:0
end_of_record
TN:
SF:app/models/user.js
FNF:0
FNH:0
DA:1,3
DA:2,3
DA:4,3
DA:60,3
DA:62,3
LF:5
LH:5
BRF:0
BRH:0
end_of_record
TN:
SF:app/routes/auth.js
FNF:0
FNH:0
DA:1,3
DA:2,3
DA:4,3
DA:5,3
DA:6,3
DA:7,3
DA:8,3
DA:9,3
DA:10,3
DA:11,3
DA:13,3
LF:11
LH:11
BRF:0
BRH:0
end_of_record
TN:
SF:app/routes/category.js
FNF:0
FNH:0
DA:1,3
DA:2,3
DA:4,3
DA:6,3
LF:4
LH:4
BRF:0
BRH:0
end_of_record
TN:
SF:app/routes/chapter.js
FNF:0
FNH:0
DA:1,3
DA:2,3
DA:3,3
DA:4,3
DA:5,3
DA:7,3
DA:8,3
DA:9,3
DA:10,3
DA:12,3
LF:10
LH:10
BRF:0
BRH:0
end_of_record
TN:
SF:app/routes/course.js
FNF:0
FNH:0
DA:1,3
DA:2,3
DA:3,3
DA:4,3
DA:5,3
DA:6,3
DA:7,3
DA:8,3
DA:9,3
DA:11,3
DA:12,3
DA:13,3
DA:14,3
DA:15,3
DA:17,3
LF:15
LH:15
BRF:0
BRH:0
end_of_record
TN:
SF:app/routes/notif.js
FNF:0
FNH:0
DA:1,3
DA:2,3
DA:3,3
DA:4,3
DA:5,3
DA:7,3
DA:8,3
DA:9,3
DA:10,3
DA:12,3
LF:10
LH:10
BRF:0
BRH:0
end_of_record
TN:
SF:app/routes/payment.js
FNF:0
FNH:0
DA:1,3
DA:2,3
DA:3,3
DA:4,3
DA:6,3
DA:7,3
DA:8,3
DA:9,3
DA:11,3
LF:9
LH:9
BRF:0
BRH:0
end_of_record
TN:
SF:app/routes/user.js
FNF:0
FNH:0
DA:1,3
DA:2,3
DA:3,3
DA:4,3
DA:5,3
DA:6,3
DA:7,3
DA:8,3
DA:10,3
DA:11,3
DA:12,3
DA:13,3
DA:15,3
LF:13
LH:13
BRF:0
BRH:0
end_of_record
TN:
SF:app/routes/video.js
FNF:0
FNH:0
DA:1,3
DA:2,3
DA:3,3
DA:4,3
DA:6,3
DA:7,3
DA:8,3
DA:10,3
LF:8
LH:8
BRF:0
BRH:0
end_of_record
TN:
SF:app/utils/apiError.js
FN:2,(anonymous_0)
FNF:1
FNH:1
FNDA:11,(anonymous_0)
DA:3,11
DA:5,11
DA:6,11
DA:8,11
DA:12,3
LF:5
LH:5
BRDA:6,0,0,11
BRDA:6,0,1,0
BRF:2
BRH:1
end_of_record
TN:
SF:database/index.js
FN:5,connect
FN:10,(anonymous_1)
FN:13,(anonymous_2)
FN:18,disconnect
FNF:4
FNH:2
FNDA:3,connect
FNDA:3,(anonymous_1)
FNDA:0,(anonymous_2)
FNDA:0,disconnect
DA:1,3
DA:3,3
DA:6,3
DA:11,3
DA:14,0
DA:19,0
DA:22,3
LF:7
LH:5
BRF:0
BRH:0
end_of_record
