TN:
SF:app/index.js
FN:48,(anonymous_0)
FNF:1
FNH:0
FNDA:0,(anonymous_0)
DA:1,6
DA:2,6
DA:3,6
DA:4,6
DA:5,6
DA:6,6
DA:7,6
DA:8,6
DA:9,6
DA:11,6
DA:12,6
DA:13,6
DA:15,6
DA:16,6
DA:17,6
DA:18,6
DA:19,6
DA:20,6
DA:21,6
DA:22,6
DA:23,6
DA:25,6
DA:27,6
DA:28,6
DA:29,6
DA:30,6
DA:31,6
DA:32,6
DA:33,6
DA:35,6
DA:36,6
DA:37,6
DA:38,6
DA:39,6
DA:40,6
DA:41,6
DA:42,6
DA:43,6
DA:45,6
DA:46,6
DA:48,6
DA:49,0
DA:51,6
DA:53,6
LF:44
LH:43
BRF:0
BRH:0
end_of_record
TN:
SF:app/controllers/auth.js
FN:18,(anonymous_0)
FN:77,(anonymous_1)
FN:101,(anonymous_2)
FN:161,(anonymous_3)
FN:191,(anonymous_4)
FN:220,(anonymous_5)
FN:252,(anonymous_6)
FN:308,(anonymous_7)
FNF:8
FNH:1
FNDA:10,(anonymous_0)
FNDA:0,(anonymous_1)
FNDA:0,(anonymous_2)
FNDA:0,(anonymous_3)
FNDA:0,(anonymous_4)
FNDA:0,(anonymous_5)
FNDA:0,(anonymous_6)
FNDA:0,(anonymous_7)
DA:1,6
DA:2,6
DA:3,6
DA:5,6
DA:6,6
DA:7,6
DA:8,6
DA:9,6
DA:15,6
DA:16,6
DA:18,6
DA:19,10
DA:20,10
DA:21,10
DA:22,0
DA:25,10
DA:35,10
DA:36,1
DA:39,9
DA:40,9
DA:42,8
DA:49,8
DA:53,8
DA:57,8
DA:58,8
DA:60,8
DA:67,8
DA:70,8
DA:71,8
DA:73,0
DA:77,6
DA:78,0
DA:79,0
DA:80,0
DA:82,0
DA:86,0
DA:88,0
DA:89,0
DA:91,0
DA:92,0
DA:97,0
DA:101,6
DA:102,0
DA:104,0
DA:105,0
DA:106,0
DA:109,0
DA:110,0
DA:112,0
DA:113,0
DA:116,0
DA:117,0
DA:120,0
DA:121,0
DA:124,0
DA:125,0
DA:127,0
DA:128,0
DA:130,0
DA:140,0
DA:146,0
DA:148,0
DA:155,0
DA:157,0
DA:161,6
DA:162,0
DA:163,0
DA:164,0
DA:166,0
DA:167,0
DA:169,0
DA:177,0
DA:183,0
DA:185,0
DA:187,0
DA:191,6
DA:192,0
DA:193,0
DA:194,0
DA:197,0
DA:198,0
DA:199,0
DA:202,0
DA:203,0
DA:204,0
DA:206,0
DA:212,0
DA:214,0
DA:216,0
DA:220,6
DA:221,0
DA:222,0
DA:223,0
DA:225,0
DA:226,0
DA:228,0
DA:229,0
DA:231,0
DA:233,0
DA:234,0
DA:236,0
DA:238,0
DA:244,0
DA:246,0
DA:248,0
DA:252,6
DA:253,0
DA:254,0
DA:255,0
DA:256,0
DA:257,0
DA:260,0
DA:267,0
DA:268,0
DA:270,0
DA:271,0
DA:273,0
DA:274,0
DA:279,0
DA:280,0
DA:282,0
DA:283,0
DA:284,0
DA:286,0
DA:288,0
DA:294,0
DA:296,0
DA:302,0
DA:304,0
DA:308,6
DA:309,0
DA:311,0
DA:312,0
DA:313,0
DA:315,0
DA:319,0
DA:320,0
DA:321,0
DA:330,0
DA:337,0
DA:339,0
DA:342,0
DA:345,0
DA:349,6
LF:144
LH:36
BRDA:21,0,0,0
BRDA:21,0,1,10
BRDA:21,1,0,10
BRDA:21,1,1,10
BRDA:35,2,0,1
BRDA:35,2,1,9
BRDA:40,3,0,1
BRDA:40,3,1,8
BRDA:80,4,0,0
BRDA:80,4,1,0
BRDA:86,5,0,0
BRDA:86,5,1,0
BRDA:105,6,0,0
BRDA:105,6,1,0
BRDA:105,7,0,0
BRDA:105,7,1,0
BRDA:105,7,2,0
BRDA:105,7,3,0
BRDA:112,8,0,0
BRDA:112,8,1,0
BRDA:116,9,0,0
BRDA:116,9,1,0
BRDA:120,10,0,0
BRDA:120,10,1,0
BRDA:164,11,0,0
BRDA:164,11,1,0
BRDA:197,12,0,0
BRDA:197,12,1,0
BRDA:198,13,0,0
BRDA:198,13,1,0
BRDA:223,14,0,0
BRDA:223,14,1,0
BRDA:226,15,0,0
BRDA:226,15,1,0
BRDA:256,16,0,0
BRDA:256,16,1,0
BRDA:256,17,0,0
BRDA:256,17,1,0
BRDA:267,18,0,0
BRDA:267,18,1,0
BRDA:270,19,0,0
BRDA:270,19,1,0
BRDA:273,20,0,0
BRDA:273,20,1,0
BRDA:312,21,0,0
BRDA:312,21,1,0
BRDA:312,22,0,0
BRDA:312,22,1,0
BRDA:319,23,0,0
BRDA:319,23,1,0
BRDA:319,24,0,0
BRDA:319,24,1,0
BRDA:320,25,0,0
BRDA:320,25,1,0
BRF:54
BRH:7
end_of_record
TN:
SF:app/controllers/category.js
FN:5,(anonymous_0)
FN:18,(anonymous_1)
FN:34,(anonymous_2)
FNF:3
FNH:1
FNDA:2,(anonymous_0)
FNDA:0,(anonymous_1)
FNDA:0,(anonymous_2)
DA:1,6
DA:2,6
DA:3,6
DA:5,6
DA:6,2
DA:7,2
DA:8,2
DA:11,2
DA:14,0
DA:18,6
DA:19,0
DA:30,0
DA:34,6
DA:35,0
DA:46,0
DA:51,6
LF:16
LH:11
BRF:0
BRH:0
end_of_record
TN:
SF:app/controllers/chapter.js
FN:6,(anonymous_0)
FN:31,(anonymous_1)
FN:49,(anonymous_2)
FN:59,(anonymous_3)
FNF:4
FNH:4
FNDA:3,(anonymous_0)
FNDA:1,(anonymous_1)
FNDA:2,(anonymous_2)
FNDA:1,(anonymous_3)
DA:1,6
DA:2,6
DA:3,6
DA:4,6
DA:6,6
DA:7,3
DA:8,3
DA:9,3
DA:10,3
DA:11,3
DA:12,2
DA:14,1
DA:17,1
DA:19,1
DA:20,1
DA:21,1
DA:23,1
DA:25,1
DA:27,0
DA:31,6
DA:32,1
DA:33,1
DA:34,1
DA:35,1
DA:40,1
DA:43,1
DA:45,0
DA:49,6
DA:50,2
DA:51,2
DA:53,2
DA:55,0
DA:59,6
DA:60,1
DA:61,1
DA:62,1
DA:67,1
DA:69,0
DA:73,6
LF:39
LH:35
BRDA:11,0,0,1
BRDA:11,0,1,2
BRDA:12,1,0,1
BRDA:12,1,1,1
BRF:4
BRH:4
end_of_record
TN:
SF:app/controllers/course.js
FN:8,(anonymous_0)
FN:45,(anonymous_1)
FN:94,(anonymous_2)
FN:113,(anonymous_3)
FN:138,(anonymous_4)
FN:165,(anonymous_5)
FN:166,(anonymous_6)
FN:178,(anonymous_7)
FN:180,(anonymous_8)
FN:207,(anonymous_9)
FNF:10
FNH:5
FNDA:2,(anonymous_0)
FNDA:2,(anonymous_1)
FNDA:4,(anonymous_2)
FNDA:0,(anonymous_3)
FNDA:1,(anonymous_4)
FNDA:0,(anonymous_5)
FNDA:0,(anonymous_6)
FNDA:0,(anonymous_7)
FNDA:0,(anonymous_8)
FNDA:1,(anonymous_9)
DA:1,6
DA:2,6
DA:3,6
DA:4,6
DA:5,6
DA:6,6
DA:8,6
DA:17,2
DA:19,2
DA:21,2
DA:22,0
DA:24,2
DA:34,2
DA:35,2
DA:36,1
DA:38,1
DA:39,1
DA:41,0
DA:45,6
DA:46,2
DA:57,2
DA:59,2
DA:61,2
DA:62,0
DA:65,2
DA:66,2
DA:80,2
DA:81,2
DA:82,2
DA:83,1
DA:86,1
DA:88,1
DA:90,0
DA:94,6
DA:95,4
DA:96,4
DA:97,4
DA:100,4
DA:101,4
DA:103,4
DA:104,0
DA:106,4
DA:107,0
DA:109,4
DA:110,0
DA:111,0
DA:113,0
DA:114,0
DA:116,4
DA:117,0
DA:118,0
DA:120,4
DA:121,0
DA:123,4
DA:124,0
DA:125,0
DA:128,4
DA:132,4
DA:134,0
DA:138,6
DA:139,1
DA:140,1
DA:141,1
DA:142,1
DA:143,1
DA:145,1
DA:146,1
DA:154,1
DA:155,0
DA:159,0
DA:160,0
DA:165,0
DA:166,0
DA:173,0
DA:176,0
DA:179,0
DA:180,0
DA:184,0
DA:190,1
DA:193,0
DA:201,0
DA:203,0
DA:207,6
DA:208,1
DA:209,1
DA:210,1
DA:211,1
DA:213,0
DA:216,6
LF:89
LH:59
BRDA:21,0,0,0
BRDA:21,0,1,2
BRDA:21,1,0,2
BRDA:21,1,1,2
BRDA:21,1,2,2
BRDA:21,1,3,2
BRDA:21,1,4,2
BRDA:21,1,5,2
BRDA:21,1,6,2
BRDA:35,2,0,1
BRDA:35,2,1,1
BRDA:61,3,0,0
BRDA:61,3,1,2
BRDA:80,4,0,2
BRDA:80,4,1,0
BRDA:82,5,0,1
BRDA:82,5,1,1
BRDA:103,6,0,0
BRDA:103,6,1,4
BRDA:106,7,0,0
BRDA:106,7,1,4
BRDA:109,8,0,0
BRDA:109,8,1,4
BRDA:116,9,0,0
BRDA:116,9,1,4
BRDA:120,10,0,0
BRDA:120,10,1,4
BRDA:123,11,0,0
BRDA:123,11,1,4
BRDA:145,12,0,1
BRDA:145,12,1,0
BRDA:145,13,0,1
BRDA:145,13,1,1
BRDA:145,13,2,1
BRDA:154,14,0,0
BRDA:154,14,1,1
BRDA:159,15,0,0
BRDA:159,15,1,0
BRDA:171,16,0,0
BRDA:171,16,1,0
BRF:40
BRH:25
end_of_record
TN:
SF:app/controllers/errorController.js
FN:1,(anonymous_0)
FNF:1
FNH:1
FNDA:38,(anonymous_0)
DA:1,6
DA:2,38
DA:3,38
DA:4,38
DA:6,38
LF:5
LH:5
BRDA:2,0,0,38
BRDA:2,0,1,0
BRDA:3,1,0,38
BRDA:3,1,1,0
BRF:4
BRH:2
end_of_record
TN:
SF:app/controllers/notification.js
FN:6,(anonymous_0)
FN:17,(anonymous_1)
FN:31,(anonymous_2)
FN:39,(anonymous_3)
FN:53,(anonymous_4)
FNF:5
FNH:5
FNDA:1,(anonymous_0)
FNDA:1,(anonymous_1)
FNDA:2,(anonymous_2)
FNDA:3,(anonymous_3)
FNDA:3,(anonymous_4)
DA:1,6
DA:2,6
DA:3,6
DA:4,6
DA:6,6
DA:7,1
DA:8,1
DA:11,1
DA:13,0
DA:17,6
DA:18,1
DA:19,1
DA:20,1
DA:25,1
DA:27,0
DA:31,6
DA:32,2
DA:33,2
DA:34,2
DA:35,1
DA:38,1
DA:39,1
DA:40,3
DA:47,1
DA:49,0
DA:53,6
DA:54,3
DA:55,3
DA:56,3
DA:57,1
DA:60,2
DA:61,2
DA:63,1
DA:69,1
DA:71,0
DA:75,6
LF:36
LH:32
BRDA:34,0,0,1
BRDA:34,0,1,1
BRDA:34,1,0,2
BRDA:34,1,1,2
BRDA:56,2,0,1
BRDA:56,2,1,2
BRDA:56,3,0,3
BRDA:56,3,1,3
BRDA:56,3,2,2
BRDA:61,4,0,1
BRDA:61,4,1,1
BRF:11
BRH:11
end_of_record
TN:
SF:app/controllers/payment.js
FN:10,(anonymous_0)
FN:62,(anonymous_1)
FN:119,(anonymous_2)
FN:145,(anonymous_3)
FNF:4
FNH:0
FNDA:0,(anonymous_0)
FNDA:0,(anonymous_1)
FNDA:0,(anonymous_2)
FNDA:0,(anonymous_3)
DA:1,6
DA:2,6
DA:3,6
DA:4,6
DA:5,6
DA:6,6
DA:7,6
DA:8,6
DA:10,6
DA:11,0
DA:12,0
DA:13,0
DA:14,0
DA:17,0
DA:21,0
DA:22,0
DA:25,0
DA:30,0
DA:36,0
DA:56,0
DA:58,0
DA:62,6
DA:63,0
DA:71,0
DA:72,0
DA:73,0
DA:78,0
DA:80,0
DA:84,0
DA:85,0
DA:86,0
DA:87,0
DA:89,0
DA:91,0
DA:92,0
DA:96,0
DA:97,0
DA:99,0
DA:105,0
DA:106,0
DA:107,0
DA:108,0
DA:113,0
DA:115,0
DA:119,6
DA:120,0
DA:121,0
DA:137,0
DA:141,0
DA:145,6
DA:146,0
DA:147,0
DA:148,0
DA:149,0
DA:165,0
DA:168,0
DA:169,0
DA:185,0
DA:189,0
DA:203,0
DA:207,0
DA:211,6
LF:62
LH:13
BRDA:13,0,0,0
BRDA:13,0,1,0
BRDA:13,1,0,0
BRDA:13,1,1,0
BRDA:13,1,2,0
BRDA:21,2,0,0
BRDA:21,2,1,0
BRDA:78,3,0,0
BRDA:78,3,1,0
BRDA:80,4,0,0
BRDA:80,4,1,0
BRDA:81,5,0,0
BRDA:81,5,1,0
BRDA:85,6,0,0
BRDA:85,6,1,0
BRDA:91,7,0,0
BRDA:91,7,1,0
BRDA:148,8,0,0
BRDA:148,8,1,0
BRDA:168,9,0,0
BRDA:168,9,1,0
BRF:21
BRH:0
end_of_record
TN:
SF:app/controllers/progress.js
FN:6,(anonymous_0)
FN:17,(anonymous_1)
FN:19,(anonymous_2)
FN:20,(anonymous_3)
FN:50,(anonymous_4)
FNF:5
FNH:0
FNDA:0,(anonymous_0)
FNDA:0,(anonymous_1)
FNDA:0,(anonymous_2)
FNDA:0,(anonymous_3)
FNDA:0,(anonymous_4)
DA:1,6
DA:2,6
DA:3,6
DA:4,6
DA:6,6
DA:7,0
DA:8,0
DA:9,0
DA:10,0
DA:11,0
DA:12,0
DA:13,0
DA:16,0
DA:17,0
DA:18,0
DA:19,0
DA:20,0
DA:21,0
DA:22,0
DA:26,0
DA:29,0
DA:36,0
DA:37,0
DA:42,0
DA:44,0
DA:46,0
DA:50,6
DA:51,0
DA:52,0
DA:53,0
DA:54,0
DA:65,0
DA:68,0
DA:69,0
DA:80,0
DA:84,0
DA:93,0
DA:97,0
DA:101,6
LF:39
LH:7
BRDA:12,0,0,0
BRDA:12,0,1,0
BRDA:21,1,0,0
BRDA:21,1,1,0
BRDA:36,2,0,0
BRDA:36,2,1,0
BRDA:53,3,0,0
BRDA:53,3,1,0
BRDA:68,4,0,0
BRDA:68,4,1,0
BRF:10
BRH:0
end_of_record
TN:
SF:app/controllers/resBase.js
FN:1,(anonymous_0)
FNF:1
FNH:1
FNDA:31,(anonymous_0)
DA:1,6
DA:2,31
DA:9,6
LF:3
LH:3
BRF:0
BRH:0
end_of_record
TN:
SF:app/controllers/user.js
FN:7,(anonymous_0)
FN:18,(anonymous_1)
FN:31,(anonymous_2)
FN:60,(anonymous_3)
FNF:4
FNH:1
FNDA:1,(anonymous_0)
FNDA:0,(anonymous_1)
FNDA:0,(anonymous_2)
FNDA:0,(anonymous_3)
DA:1,6
DA:2,6
DA:3,6
DA:4,6
DA:5,6
DA:7,6
DA:8,1
DA:9,1
DA:12,1
DA:14,0
DA:18,6
DA:19,0
DA:20,0
DA:21,0
DA:25,0
DA:27,0
DA:31,6
DA:32,0
DA:33,0
DA:34,0
DA:35,0
DA:36,0
DA:37,0
DA:40,0
DA:49,0
DA:54,0
DA:56,0
DA:60,6
DA:61,0
DA:62,0
DA:63,0
DA:64,0
DA:65,0
DA:68,0
DA:70,0
DA:71,0
DA:74,0
DA:75,0
DA:80,0
DA:81,0
DA:86,0
DA:87,0
DA:88,0
DA:90,0
DA:96,0
DA:98,0
DA:102,6
LF:47
LH:13
BRDA:36,0,0,0
BRDA:36,0,1,0
BRDA:64,1,0,0
BRDA:64,1,1,0
BRDA:64,2,0,0
BRDA:64,2,1,0
BRDA:64,2,2,0
BRDA:70,3,0,0
BRDA:70,3,1,0
BRDA:74,4,0,0
BRDA:74,4,1,0
BRDA:80,5,0,0
BRDA:80,5,1,0
BRF:13
BRH:0
end_of_record
TN:
SF:app/controllers/video.js
FN:6,(anonymous_0)
FN:66,(anonymous_1)
FN:103,(anonymous_2)
FNF:3
FNH:3
FNDA:3,(anonymous_0)
FNDA:2,(anonymous_1)
FNDA:2,(anonymous_2)
DA:1,6
DA:2,6
DA:3,6
DA:4,6
DA:6,6
DA:7,3
DA:8,3
DA:9,3
DA:10,3
DA:11,1
DA:14,2
DA:15,2
DA:17,1
DA:24,1
DA:25,1
DA:26,3
DA:29,1
DA:31,1
DA:32,5
DA:33,5
DA:34,0
DA:39,1
DA:50,1
DA:52,1
DA:53,1
DA:54,5
DA:57,1
DA:58,1
DA:60,1
DA:62,0
DA:66,6
DA:67,2
DA:68,2
DA:69,2
DA:70,2
DA:72,1
DA:80,1
DA:81,1
DA:82,3
DA:84,1
DA:85,1
DA:87,1
DA:89,1
DA:90,1
DA:91,5
DA:94,1
DA:95,1
DA:97,1
DA:99,0
DA:103,6
DA:104,2
DA:105,2
DA:106,2
DA:107,2
DA:108,2
DA:110,1
DA:120,1
DA:121,1
DA:122,4
DA:124,1
DA:125,1
DA:127,1
DA:129,1
DA:130,1
DA:131,5
DA:134,1
DA:135,1
DA:137,1
DA:138,1
DA:140,0
DA:144,6
LF:71
LH:67
BRDA:10,0,0,1
BRDA:10,0,1,2
BRDA:10,1,0,3
BRDA:10,1,1,3
BRDA:10,1,2,2
BRDA:10,1,3,2
BRDA:15,2,0,1
BRDA:15,2,1,1
BRDA:33,3,0,0
BRDA:33,3,1,5
BRDA:70,4,0,1
BRDA:70,4,1,1
BRDA:108,5,0,1
BRDA:108,5,1,1
BRF:14
BRH:13
end_of_record
TN:
SF:app/data/emailMessage.js
FN:2,(anonymous_0)
FN:41,(anonymous_1)
FN:82,(anonymous_2)
FN:121,(anonymous_3)
FNF:4
FNH:0
FNDA:0,(anonymous_0)
FNDA:0,(anonymous_1)
FNDA:0,(anonymous_2)
FNDA:0,(anonymous_3)
DA:2,6
DA:3,0
DA:41,6
DA:42,0
DA:82,6
DA:83,0
DA:121,6
DA:122,0
DA:160,6
LF:9
LH:5
BRF:0
BRH:0
end_of_record
TN:
SF:app/helpers/nodemailer.js
FN:4,(anonymous_0)
FNF:1
FNH:0
FNDA:0,(anonymous_0)
DA:1,6
DA:2,6
DA:4,6
DA:5,0
DA:6,0
DA:16,0
DA:24,0
DA:25,0
DA:27,0
DA:31,6
LF:10
LH:4
BRF:0
BRH:0
end_of_record
TN:
SF:app/helpers/otpGenerator.js
FN:1,generateOTP
FNF:1
FNH:0
FNDA:0,generateOTP
DA:2,0
DA:3,0
DA:6,6
LF:3
LH:1
BRF:0
BRH:0
end_of_record
TN:
SF:app/helpers/uploadImage.js
FN:10,(anonymous_0)
FN:17,(anonymous_1)
FN:20,(anonymous_2)
FNF:3
FNH:1
FNDA:2,(anonymous_0)
FNDA:0,(anonymous_1)
FNDA:0,(anonymous_2)
DA:1,6
DA:2,6
DA:4,6
DA:10,6
DA:11,2
DA:12,0
DA:14,0
DA:18,0
DA:19,0
DA:21,0
DA:24,2
DA:28,6
LF:12
LH:7
BRDA:11,0,0,0
BRDA:11,0,1,2
BRF:2
BRH:1
end_of_record
TN:
SF:app/middleware/authenticate.js
FN:5,(anonymous_0)
FNF:1
FNH:1
FNDA:49,(anonymous_0)
DA:1,6
DA:2,6
DA:3,6
DA:5,6
DA:6,49
DA:7,49
DA:9,49
DA:10,13
DA:14,36
DA:15,36
DA:16,36
DA:17,36
DA:18,36
DA:20,0
LF:14
LH:13
BRDA:9,0,0,13
BRDA:9,0,1,36
BRF:2
BRH:2
end_of_record
TN:
SF:app/middleware/authorization.js
FN:3,(anonymous_0)
FN:4,(anonymous_1)
FNF:2
FNH:2
FNDA:66,(anonymous_0)
FNDA:31,(anonymous_1)
DA:1,6
DA:3,6
DA:4,66
DA:5,31
DA:6,31
DA:8,31
DA:9,7
DA:12,31
DA:14,0
DA:19,6
LF:10
LH:9
BRDA:8,0,0,7
BRDA:8,0,1,24
BRF:2
BRH:2
end_of_record
TN:
SF:app/middleware/validation.js
FN:4,(anonymous_0)
FN:17,(anonymous_1)
FN:18,(anonymous_2)
FNF:3
FNH:3
FNDA:12,(anonymous_0)
FNDA:54,(anonymous_1)
FNDA:12,(anonymous_2)
DA:1,6
DA:2,6
DA:4,6
DA:5,12
DA:6,12
DA:7,12
DA:8,5
DA:10,7
DA:12,0
DA:17,6
DA:18,54
DA:19,12
DA:20,12
DA:21,0
DA:23,12
DA:27,6
LF:16
LH:14
BRDA:7,0,0,5
BRDA:7,0,1,7
BRDA:20,1,0,0
BRDA:20,1,1,12
BRF:4
BRH:3
end_of_record
TN:
SF:app/models/baseSchema.js
FN:4,(anonymous_0)
FN:8,(anonymous_1)
FNF:2
FNH:2
FNDA:48,(anonymous_0)
FNDA:14,(anonymous_1)
DA:1,6
DA:5,48
DA:8,14
DA:29,48
DA:31,48
DA:35,6
LF:6
LH:6
BRF:0
BRH:0
end_of_record
TN:
SF:app/models/category.js
FNF:0
FNH:0
DA:1,6
DA:2,6
DA:4,6
DA:14,6
DA:16,6
LF:5
LH:5
BRF:0
BRH:0
end_of_record
TN:
SF:app/models/chapter.js
FNF:0
FNH:0
DA:1,6
DA:2,6
DA:4,6
DA:35,6
DA:37,6
LF:5
LH:5
BRF:0
BRH:0
end_of_record
TN:
SF:app/models/course.js
FNF:0
FNH:0
DA:1,6
DA:2,6
DA:4,6
DA:68,6
DA:70,6
LF:5
LH:5
BRF:0
BRH:0
end_of_record
TN:
SF:app/models/notification.js
FNF:0
FNH:0
DA:1,6
DA:2,6
DA:4,6
DA:24,6
DA:26,6
LF:5
LH:5
BRF:0
BRH:0
end_of_record
TN:
SF:app/models/progress.js
FNF:0
FNH:0
DA:1,6
DA:2,6
DA:4,6
DA:31,6
DA:33,6
LF:5
LH:5
BRF:0
BRH:0
end_of_record
TN:
SF:app/models/purchase.js
FNF:0
FNH:0
DA:1,6
DA:2,6
DA:4,6
DA:17,6
DA:19,6
LF:5
LH:5
BRF:0
BRH:0
end_of_record
TN:
SF:app/models/transaction.js
FNF:0
FNH:0
DA:1,6
DA:2,6
DA:4,6
DA:29,6
DA:31,6
LF:5
LH:5
BRF:0
BRH:0
end_of_record
TN:
SF:app/models/user.js
FNF:0
FNH:0
DA:1,6
DA:2,6
DA:4,6
DA:61,6
DA:63,6
LF:5
LH:5
BRF:0
BRH:0
end_of_record
TN:
SF:app/routes/auth.js
FNF:0
FNH:0
DA:1,6
DA:2,6
DA:4,6
DA:5,6
DA:6,6
DA:7,6
DA:8,6
DA:9,6
DA:10,6
DA:11,6
DA:13,6
LF:11
LH:11
BRF:0
BRH:0
end_of_record
TN:
SF:app/routes/category.js
FNF:0
FNH:0
DA:1,6
DA:2,6
DA:4,6
DA:5,6
DA:6,6
DA:8,6
LF:6
LH:6
BRF:0
BRH:0
end_of_record
TN:
SF:app/routes/chapter.js
FNF:0
FNH:0
DA:2,6
DA:3,6
DA:4,6
DA:5,6
DA:6,6
DA:8,6
DA:9,6
DA:10,6
DA:11,6
DA:13,6
LF:10
LH:10
BRF:0
BRH:0
end_of_record
TN:
SF:app/routes/course.js
FNF:0
FNH:0
DA:2,6
DA:3,6
DA:4,6
DA:5,6
DA:6,6
DA:7,6
DA:8,6
DA:9,6
DA:10,6
DA:12,6
DA:13,6
DA:14,6
DA:15,6
DA:16,6
DA:18,6
LF:15
LH:15
BRF:0
BRH:0
end_of_record
TN:
SF:app/routes/notif.js
FNF:0
FNH:0
DA:2,6
DA:3,6
DA:4,6
DA:5,6
DA:6,6
DA:8,6
DA:9,6
DA:10,6
DA:11,6
DA:13,6
LF:10
LH:10
BRF:0
BRH:0
end_of_record
TN:
SF:app/routes/payment.js
FNF:0
FNH:0
DA:2,6
DA:3,6
DA:4,6
DA:5,6
DA:7,6
DA:8,6
DA:9,6
DA:10,6
DA:12,6
LF:9
LH:9
BRF:0
BRH:0
end_of_record
TN:
SF:app/routes/progress.js
FNF:0
FNH:0
DA:1,6
DA:2,6
DA:3,6
DA:5,6
DA:6,6
DA:8,6
LF:6
LH:6
BRF:0
BRH:0
end_of_record
TN:
SF:app/routes/user.js
FNF:0
FNH:0
DA:2,6
DA:3,6
DA:4,6
DA:5,6
DA:6,6
DA:7,6
DA:8,6
DA:9,6
DA:11,6
DA:12,6
DA:13,6
DA:14,6
DA:16,6
LF:13
LH:13
BRF:0
BRH:0
end_of_record
TN:
SF:app/routes/video.js
FNF:0
FNH:0
DA:2,6
DA:3,6
DA:4,6
DA:5,6
DA:7,6
DA:8,6
DA:9,6
DA:11,6
LF:8
LH:8
BRF:0
BRH:0
end_of_record
TN:
SF:app/utils/apiError.js
FN:2,(anonymous_0)
FNF:1
FNH:1
FNDA:38,(anonymous_0)
DA:3,38
DA:5,38
DA:6,38
DA:8,38
DA:12,6
LF:5
LH:5
BRDA:6,0,0,38
BRDA:6,0,1,0
BRF:2
BRH:1
end_of_record
TN:
SF:database/index.js
FN:6,connect
FN:9,(anonymous_1)
FN:12,(anonymous_2)
FN:18,disconnect
FNF:4
FNH:2
FNDA:6,connect
FNDA:6,(anonymous_1)
FNDA:0,(anonymous_2)
FNDA:0,disconnect
DA:1,6
DA:3,6
DA:7,6
DA:10,6
DA:13,0
DA:19,0
DA:22,6
LF:7
LH:5
BRF:0
BRH:0
end_of_record
